<?xml version="1.0" encoding="UTF-8"?>
<!-- Generated by org.testng.reporters.JUnitXMLReporter -->
<testsuite hostname="DTE0228" name="SanityTest" tests="36" failures="18" timestamp="15 Nov 2012 17:56:51 GMT" time="237.193" errors="0">
  <testcase name="createXMLPageObjectMap on instance null(com.sharpqa.comparesolution.test.ComparisonTest)" time="30.514" classname="com.sharpqa.comparesolution.test.ComparisonTest"/>
  <testcase name="createXMLPageObjectMap on instance null(com.sharpqa.comparesolution.test.ComparisonTest)" time="41.453" classname="com.sharpqa.comparesolution.test.ComparisonTest"/>
  <testcase name="createXMLPageObjectMap on instance null(com.sharpqa.comparesolution.test.ComparisonTest)" time="52.137" classname="com.sharpqa.comparesolution.test.ComparisonTest"/>
  <testcase name="createXMLPageObjectMap on instance null(com.sharpqa.comparesolution.test.ComparisonTest)" time="64.996" classname="com.sharpqa.comparesolution.test.ComparisonTest"/>
  <testcase name="createXMLPageObjectMap on instance null(com.sharpqa.comparesolution.test.ComparisonTest)" time="68.613" classname="com.sharpqa.comparesolution.test.ComparisonTest"/>
  <testcase name="createXMLPageObjectMap on instance null(com.sharpqa.comparesolution.test.ComparisonTest)" time="74.001" classname="com.sharpqa.comparesolution.test.ComparisonTest"/>
  <testcase name="createXMLPageObjectMap on instance null(com.sharpqa.comparesolution.test.ComparisonTest)" time="81.091" classname="com.sharpqa.comparesolution.test.ComparisonTest"/>
  <testcase name="createXMLPageObjectMap on instance null(com.sharpqa.comparesolution.test.ComparisonTest)" time="89.81" classname="com.sharpqa.comparesolution.test.ComparisonTest"/>
  <testcase name="createXMLPageObjectMap on instance null(com.sharpqa.comparesolution.test.ComparisonTest)" time="119.468" classname="com.sharpqa.comparesolution.test.ComparisonTest"/>
  <testcase name="testXMLPageObjectMapAgainstExpeted on instance null(com.sharpqa.comparesolution.test.ComparisonTest)" time="11.822" classname="com.sharpqa.comparesolution.test.ComparisonTest">
    <failure type="java.lang.AssertionError" message="
Module:[FL01-grid]***********************
Expected CDATA section value &amp;apos;http://test.film4.com/landing-grids-leftmiddle2#&amp;apos; 
but was &amp;apos;http://test.film4.com/landing-grids-leftmiddle2?a3d#&amp;apos; - comparing &amp;lt;![CDATA[http://test.film4.com/landing-grids-leftmiddle2#]]&amp;gt; 
at /page-map[1]/sections[1]/page-section[1]/areas[1]/area[1]/modules[1]/module[1]/webElementSetComponentBeans[1]/element-group[2]/links[1]/link[1]/href[1]/text()[1] to &amp;lt;![CDATA[http://test.film4.com/landing-grids-leftmiddle2?a3d#]]&amp;gt; 
at /page-map[1]/sections[1]/page-section[1]/areas[1]/area[1]/modules[1]/module[1]/webElementSetComponentBeans[1]/element-group[2]/links[1]/link[1]/href[1]/text()[1]
***********************

Module:[FL01-grid]***********************
Expected CDATA section value &amp;apos;http://test.film4.com/landing-grids-leftmiddle2#&amp;apos; 
but was &amp;apos;http://test.film4.com/landing-grids-leftmiddle2?a3d#&amp;apos; - comparing &amp;lt;![CDATA[http://test.film4.com/landing-grids-leftmiddle2#]]&amp;gt; 
at /page-map[1]/sections[1]/page-section[1]/areas[1]/area[1]/modules[1]/module[1]/webElementSetComponentBeans[1]/element-group[3]/links[1]/link[1]/href[1]/text()[1] to &amp;lt;![CDATA[http://test.film4.com/landing-grids-leftmiddle2?a3d#]]&amp;gt; 
at /page-map[1]/sections[1]/page-section[1]/areas[1]/area[1]/modules[1]/module[1]/webElementSetComponentBeans[1]/element-group[3]/links[1]/link[1]/href[1]/text()[1]
***********************

Module:[FL01-grid]***********************
Expected CDATA section value &amp;apos;http://test.film4.com/landing-grids-leftmiddle2#&amp;apos; 
but was &amp;apos;http://test.film4.com/landing-grids-leftmiddle2?a3d#&amp;apos; - comparing &amp;lt;![CDATA[http://test.film4.com/landing-grids-leftmiddle2#]]&amp;gt; 
at /page-map[1]/sections[1]/page-section[1]/areas[1]/area[1]/modules[1]/module[1]/webElementSetComponentBeans[1]/element-group[4]/links[1]/link[1]/href[1]/text()[1] to &amp;lt;![CDATA[http://test.film4.com/landing-grids-leftmiddle2?a3d#]]&amp;gt; 
at /page-map[1]/sections[1]/page-section[1]/areas[1]/area[1]/modules[1]/module[1]/webElementSetComponentBeans[1]/element-group[4]/links[1]/link[1]/href[1]/text()[1]
***********************

Module:[FL01-grid]***********************
Expected CDATA section value &amp;apos;http://test.film4.com/landing-grids-leftmiddle2#&amp;apos; 
but was &amp;apos;http://test.film4.com/landing-grids-leftmiddle2?a3d#&amp;apos; - comparing &amp;lt;![CDATA[http://test.film4.com/landing-grids-leftmiddle2#]]&amp;gt; 
at /page-map[1]/sections[1]/page-section[1]/areas[1]/area[1]/modules[1]/module[2]/webElementSetComponentBeans[1]/element-group[2]/links[1]/link[1]/href[1]/text()[1] to &amp;lt;![CDATA[http://test.film4.com/landing-grids-leftmiddle2?a3d#]]&amp;gt; 
at /page-map[1]/sections[1]/page-section[1]/areas[1]/area[1]/modules[1]/module[2]/webElementSetComponentBeans[1]/element-group[2]/links[1]/link[1]/href[1]/text()[1]
***********************

Module:[FL01-grid]***********************
Expected CDATA section value &amp;apos;http://test.film4.com/landing-grids-leftmiddle2#&amp;apos; 
but was &amp;apos;http://test.film4.com/landing-grids-leftmiddle2?a3d#&amp;apos; - comparing &amp;lt;![CDATA[http://test.film4.com/landing-grids-leftmiddle2#]]&amp;gt; 
at /page-map[1]/sections[1]/page-section[1]/areas[1]/area[1]/modules[1]/module[2]/webElementSetComponentBeans[1]/element-group[3]/links[1]/link[1]/href[1]/text()[1] to &amp;lt;![CDATA[http://test.film4.com/landing-grids-leftmiddle2?a3d#]]&amp;gt; 
at /page-map[1]/sections[1]/page-section[1]/areas[1]/area[1]/modules[1]/module[2]/webElementSetComponentBeans[1]/element-group[3]/links[1]/link[1]/href[1]/text()[1]
***********************

Module:[FL01-grid]***********************
Expected CDATA section value &amp;apos;http://test.film4.com/landing-grids-leftmiddle2#&amp;apos; 
but was &amp;apos;http://test.film4.com/landing-grids-leftmiddle2?a3d#&amp;apos; - comparing &amp;lt;![CDATA[http://test.film4.com/landing-grids-leftmiddle2#]]&amp;gt; 
at /page-map[1]/sections[1]/page-section[1]/areas[1]/area[1]/modules[1]/module[2]/webElementSetComponentBeans[1]/element-group[4]/links[1]/link[1]/href[1]/text()[1] to &amp;lt;![CDATA[http://test.film4.com/landing-grids-leftmiddle2?a3d#]]&amp;gt; 
at /page-map[1]/sections[1]/page-section[1]/areas[1]/area[1]/modules[1]/module[2]/webElementSetComponentBeans[1]/element-group[4]/links[1]/link[1]/href[1]/text()[1]
***********************

Module:[SN02]***********************
Expected CDATA section value &amp;apos;http://test.film4.com/landing-grids-leftmiddle2#&amp;apos; 
but was &amp;apos;http://test.film4.com/landing-grids-leftmiddle2?a3d#&amp;apos; - comparing &amp;lt;![CDATA[http://test.film4.com/landing-grids-leftmiddle2#]]&amp;gt; 
at /page-map[1]/sections[1]/page-section[2]/areas[1]/area[1]/modules[1]/module[3]/webElementSetComponentBeans[1]/element-group[1]/imageLinks[1]/picture-link[1]/href[1]/text()[1] to &amp;lt;![CDATA[http://test.film4.com/landing-grids-leftmiddle2?a3d#]]&amp;gt; 
at /page-map[1]/sections[1]/page-section[2]/areas[1]/area[1]/modules[1]/module[3]/webElementSetComponentBeans[1]/element-group[1]/imageLinks[1]/picture-link[1]/href[1]/text()[1]
***********************

Module:[SN02]***********************
Expected CDATA section value &amp;apos;http://test.film4.com/landing-grids-leftmiddle2#&amp;apos; 
but was &amp;apos;http://test.film4.com/landing-grids-leftmiddle2?a3d#&amp;apos; - comparing &amp;lt;![CDATA[http://test.film4.com/landing-grids-leftmiddle2#]]&amp;gt; 
at /page-map[1]/sections[1]/page-section[2]/areas[1]/area[1]/modules[1]/module[3]/webElementSetComponentBeans[1]/element-group[1]/imageLinks[1]/picture-link[2]/href[1]/text()[1] to &amp;lt;![CDATA[http://test.film4.com/landing-grids-leftmiddle2?a3d#]]&amp;gt; 
at /page-map[1]/sections[1]/page-section[2]/areas[1]/area[1]/modules[1]/module[3]/webElementSetComponentBeans[1]/element-group[1]/imageLinks[1]/picture-link[2]/href[1]/text()[1]
***********************

Module:[SN02]***********************
Expected CDATA section value &amp;apos;http://test.film4.com/landing-grids-leftmiddle2#&amp;apos; 
but was &amp;apos;http://test.film4.com/landing-grids-leftmiddle2?a3d#&amp;apos; - comparing &amp;lt;![CDATA[http://test.film4.com/landing-grids-leftmiddle2#]]&amp;gt; 
at /page-map[1]/sections[1]/page-section[2]/areas[1]/area[1]/modules[1]/module[3]/webElementSetComponentBeans[1]/element-group[1]/imageLinks[1]/picture-link[3]/href[1]/text()[1] to &amp;lt;![CDATA[http://test.film4.com/landing-grids-leftmiddle2?a3d#]]&amp;gt; 
at /page-map[1]/sections[1]/page-section[2]/areas[1]/area[1]/modules[1]/module[3]/webElementSetComponentBeans[1]/element-group[1]/imageLinks[1]/picture-link[3]/href[1]/text()[1]
***********************

Module:[SN02]***********************
Expected CDATA section value &amp;apos;http://test.film4.com/landing-grids-leftmiddle2#&amp;apos; 
but was &amp;apos;http://test.film4.com/landing-grids-leftmiddle2?a3d#&amp;apos; - comparing &amp;lt;![CDATA[http://test.film4.com/landing-grids-leftmiddle2#]]&amp;gt; 
at /page-map[1]/sections[1]/page-section[2]/areas[1]/area[1]/modules[1]/module[3]/webElementSetComponentBeans[1]/element-group[1]/imageLinks[1]/picture-link[4]/href[1]/text()[1] to &amp;lt;![CDATA[http://test.film4.com/landing-grids-leftmiddle2?a3d#]]&amp;gt; 
at /page-map[1]/sections[1]/page-section[2]/areas[1]/area[1]/modules[1]/module[3]/webElementSetComponentBeans[1]/element-group[1]/imageLinks[1]/picture-link[4]/href[1]/text()[1]
***********************
">
        <![CDATA[java.lang.AssertionError:
Module:[FL01-grid]***********************
Expected CDATA section value 'http://test.film4.com/landing-grids-leftmiddle2#' 
but was 'http://test.film4.com/landing-grids-leftmiddle2?a3d#' - comparing <![CDATA[http://test.film4.com/landing-grids-leftmiddle2#]]]]>
        <![CDATA[>
at /page-map[1]/sections[1]/page-section[1]/areas[1]/area[1]/modules[1]/module[1]/webElementSetComponentBeans[1]/element-group[2]/links[1]/link[1]/href[1]/text()[1] to <![CDATA[http://test.film4.com/landing-grids-leftmiddle2?a3d#]]]]>
        <![CDATA[>
at /page-map[1]/sections[1]/page-section[1]/areas[1]/area[1]/modules[1]/module[1]/webElementSetComponentBeans[1]/element-group[2]/links[1]/link[1]/href[1]/text()[1]
***********************

Module:[FL01-grid]***********************
Expected CDATA section value 'http://test.film4.com/landing-grids-leftmiddle2#' 
but was 'http://test.film4.com/landing-grids-leftmiddle2?a3d#' - comparing <![CDATA[http://test.film4.com/landing-grids-leftmiddle2#]]]]>
        <![CDATA[>
at /page-map[1]/sections[1]/page-section[1]/areas[1]/area[1]/modules[1]/module[1]/webElementSetComponentBeans[1]/element-group[3]/links[1]/link[1]/href[1]/text()[1] to <![CDATA[http://test.film4.com/landing-grids-leftmiddle2?a3d#]]]]>
        <![CDATA[>
at /page-map[1]/sections[1]/page-section[1]/areas[1]/area[1]/modules[1]/module[1]/webElementSetComponentBeans[1]/element-group[3]/links[1]/link[1]/href[1]/text()[1]
***********************

Module:[FL01-grid]***********************
Expected CDATA section value 'http://test.film4.com/landing-grids-leftmiddle2#' 
but was 'http://test.film4.com/landing-grids-leftmiddle2?a3d#' - comparing <![CDATA[http://test.film4.com/landing-grids-leftmiddle2#]]]]>
        <![CDATA[>
at /page-map[1]/sections[1]/page-section[1]/areas[1]/area[1]/modules[1]/module[1]/webElementSetComponentBeans[1]/element-group[4]/links[1]/link[1]/href[1]/text()[1] to <![CDATA[http://test.film4.com/landing-grids-leftmiddle2?a3d#]]]]>
        <![CDATA[>
at /page-map[1]/sections[1]/page-section[1]/areas[1]/area[1]/modules[1]/module[1]/webElementSetComponentBeans[1]/element-group[4]/links[1]/link[1]/href[1]/text()[1]
***********************

Module:[FL01-grid]***********************
Expected CDATA section value 'http://test.film4.com/landing-grids-leftmiddle2#' 
but was 'http://test.film4.com/landing-grids-leftmiddle2?a3d#' - comparing <![CDATA[http://test.film4.com/landing-grids-leftmiddle2#]]]]>
        <![CDATA[>
at /page-map[1]/sections[1]/page-section[1]/areas[1]/area[1]/modules[1]/module[2]/webElementSetComponentBeans[1]/element-group[2]/links[1]/link[1]/href[1]/text()[1] to <![CDATA[http://test.film4.com/landing-grids-leftmiddle2?a3d#]]]]>
        <![CDATA[>
at /page-map[1]/sections[1]/page-section[1]/areas[1]/area[1]/modules[1]/module[2]/webElementSetComponentBeans[1]/element-group[2]/links[1]/link[1]/href[1]/text()[1]
***********************

Module:[FL01-grid]***********************
Expected CDATA section value 'http://test.film4.com/landing-grids-leftmiddle2#' 
but was 'http://test.film4.com/landing-grids-leftmiddle2?a3d#' - comparing <![CDATA[http://test.film4.com/landing-grids-leftmiddle2#]]]]>
        <![CDATA[>
at /page-map[1]/sections[1]/page-section[1]/areas[1]/area[1]/modules[1]/module[2]/webElementSetComponentBeans[1]/element-group[3]/links[1]/link[1]/href[1]/text()[1] to <![CDATA[http://test.film4.com/landing-grids-leftmiddle2?a3d#]]]]>
        <![CDATA[>
at /page-map[1]/sections[1]/page-section[1]/areas[1]/area[1]/modules[1]/module[2]/webElementSetComponentBeans[1]/element-group[3]/links[1]/link[1]/href[1]/text()[1]
***********************

Module:[FL01-grid]***********************
Expected CDATA section value 'http://test.film4.com/landing-grids-leftmiddle2#' 
but was 'http://test.film4.com/landing-grids-leftmiddle2?a3d#' - comparing <![CDATA[http://test.film4.com/landing-grids-leftmiddle2#]]]]>
        <![CDATA[>
at /page-map[1]/sections[1]/page-section[1]/areas[1]/area[1]/modules[1]/module[2]/webElementSetComponentBeans[1]/element-group[4]/links[1]/link[1]/href[1]/text()[1] to <![CDATA[http://test.film4.com/landing-grids-leftmiddle2?a3d#]]]]>
        <![CDATA[>
at /page-map[1]/sections[1]/page-section[1]/areas[1]/area[1]/modules[1]/module[2]/webElementSetComponentBeans[1]/element-group[4]/links[1]/link[1]/href[1]/text()[1]
***********************

Module:[SN02]***********************
Expected CDATA section value 'http://test.film4.com/landing-grids-leftmiddle2#' 
but was 'http://test.film4.com/landing-grids-leftmiddle2?a3d#' - comparing <![CDATA[http://test.film4.com/landing-grids-leftmiddle2#]]]]>
        <![CDATA[>
at /page-map[1]/sections[1]/page-section[2]/areas[1]/area[1]/modules[1]/module[3]/webElementSetComponentBeans[1]/element-group[1]/imageLinks[1]/picture-link[1]/href[1]/text()[1] to <![CDATA[http://test.film4.com/landing-grids-leftmiddle2?a3d#]]]]>
        <![CDATA[>
at /page-map[1]/sections[1]/page-section[2]/areas[1]/area[1]/modules[1]/module[3]/webElementSetComponentBeans[1]/element-group[1]/imageLinks[1]/picture-link[1]/href[1]/text()[1]
***********************

Module:[SN02]***********************
Expected CDATA section value 'http://test.film4.com/landing-grids-leftmiddle2#' 
but was 'http://test.film4.com/landing-grids-leftmiddle2?a3d#' - comparing <![CDATA[http://test.film4.com/landing-grids-leftmiddle2#]]]]>
        <![CDATA[>
at /page-map[1]/sections[1]/page-section[2]/areas[1]/area[1]/modules[1]/module[3]/webElementSetComponentBeans[1]/element-group[1]/imageLinks[1]/picture-link[2]/href[1]/text()[1] to <![CDATA[http://test.film4.com/landing-grids-leftmiddle2?a3d#]]]]>
        <![CDATA[>
at /page-map[1]/sections[1]/page-section[2]/areas[1]/area[1]/modules[1]/module[3]/webElementSetComponentBeans[1]/element-group[1]/imageLinks[1]/picture-link[2]/href[1]/text()[1]
***********************

Module:[SN02]***********************
Expected CDATA section value 'http://test.film4.com/landing-grids-leftmiddle2#' 
but was 'http://test.film4.com/landing-grids-leftmiddle2?a3d#' - comparing <![CDATA[http://test.film4.com/landing-grids-leftmiddle2#]]]]>
        <![CDATA[>
at /page-map[1]/sections[1]/page-section[2]/areas[1]/area[1]/modules[1]/module[3]/webElementSetComponentBeans[1]/element-group[1]/imageLinks[1]/picture-link[3]/href[1]/text()[1] to <![CDATA[http://test.film4.com/landing-grids-leftmiddle2?a3d#]]]]>
        <![CDATA[>
at /page-map[1]/sections[1]/page-section[2]/areas[1]/area[1]/modules[1]/module[3]/webElementSetComponentBeans[1]/element-group[1]/imageLinks[1]/picture-link[3]/href[1]/text()[1]
***********************

Module:[SN02]***********************
Expected CDATA section value 'http://test.film4.com/landing-grids-leftmiddle2#' 
but was 'http://test.film4.com/landing-grids-leftmiddle2?a3d#' - comparing <![CDATA[http://test.film4.com/landing-grids-leftmiddle2#]]]]>
        <![CDATA[>
at /page-map[1]/sections[1]/page-section[2]/areas[1]/area[1]/modules[1]/module[3]/webElementSetComponentBeans[1]/element-group[1]/imageLinks[1]/picture-link[4]/href[1]/text()[1] to <![CDATA[http://test.film4.com/landing-grids-leftmiddle2?a3d#]]]]>
        <![CDATA[>
at /page-map[1]/sections[1]/page-section[2]/areas[1]/area[1]/modules[1]/module[3]/webElementSetComponentBeans[1]/element-group[1]/imageLinks[1]/picture-link[4]/href[1]/text()[1]
***********************

	at com.sharpqa.comparesolution.test.ComparisonTest.testXMLPageObjectMapAgainstExpeted(ComparisonTest.java:54)
	at java.util.concurrent.Executors$RunnableAdapter.call(Executors.java:441)
	at java.util.concurrent.FutureTask$Sync.innerRun(FutureTask.java:303)
	at java.util.concurrent.FutureTask.run(FutureTask.java:138)
	at java.util.concurrent.ThreadPoolExecutor$Worker.runTask(ThreadPoolExecutor.java:886)
	at java.util.concurrent.ThreadPoolExecutor$Worker.run(ThreadPoolExecutor.java:908)
	at java.lang.Thread.run(Thread.java:662)
... Removed 8 stack frames]]>
    </failure>
  </testcase>
  <testcase name="testXMLPageObjectMapAgainstExpeted on instance null(com.sharpqa.comparesolution.test.ComparisonTest)" time="0.484" classname="com.sharpqa.comparesolution.test.ComparisonTest">
    <failure type="java.lang.AssertionError" message="
Module:[SN02]***********************
Expected CDATA section value &amp;apos;http://test.film4.com/special-features/interviews#&amp;apos; 
but was &amp;apos;http://test.film4.com/special-features/interviews?3ad#&amp;apos; - comparing &amp;lt;![CDATA[http://test.film4.com/special-features/interviews#]]&amp;gt; 
at /page-map[1]/sections[1]/page-section[2]/areas[1]/area[1]/modules[1]/module[3]/webElementSetComponentBeans[1]/element-group[1]/imageLinks[1]/picture-link[1]/href[1]/text()[1] to &amp;lt;![CDATA[http://test.film4.com/special-features/interviews?3ad#]]&amp;gt; 
at /page-map[1]/sections[1]/page-section[2]/areas[1]/area[1]/modules[1]/module[3]/webElementSetComponentBeans[1]/element-group[1]/imageLinks[1]/picture-link[1]/href[1]/text()[1]
***********************

Module:[SN02]***********************
Expected CDATA section value &amp;apos;http://test.film4.com/special-features/interviews#&amp;apos; 
but was &amp;apos;http://test.film4.com/special-features/interviews?3ad#&amp;apos; - comparing &amp;lt;![CDATA[http://test.film4.com/special-features/interviews#]]&amp;gt; 
at /page-map[1]/sections[1]/page-section[2]/areas[1]/area[1]/modules[1]/module[3]/webElementSetComponentBeans[1]/element-group[1]/imageLinks[1]/picture-link[2]/href[1]/text()[1] to &amp;lt;![CDATA[http://test.film4.com/special-features/interviews?3ad#]]&amp;gt; 
at /page-map[1]/sections[1]/page-section[2]/areas[1]/area[1]/modules[1]/module[3]/webElementSetComponentBeans[1]/element-group[1]/imageLinks[1]/picture-link[2]/href[1]/text()[1]
***********************

Module:[SN02]***********************
Expected CDATA section value &amp;apos;http://test.film4.com/special-features/interviews#&amp;apos; 
but was &amp;apos;http://test.film4.com/special-features/interviews?3ad#&amp;apos; - comparing &amp;lt;![CDATA[http://test.film4.com/special-features/interviews#]]&amp;gt; 
at /page-map[1]/sections[1]/page-section[2]/areas[1]/area[1]/modules[1]/module[3]/webElementSetComponentBeans[1]/element-group[1]/imageLinks[1]/picture-link[3]/href[1]/text()[1] to &amp;lt;![CDATA[http://test.film4.com/special-features/interviews?3ad#]]&amp;gt; 
at /page-map[1]/sections[1]/page-section[2]/areas[1]/area[1]/modules[1]/module[3]/webElementSetComponentBeans[1]/element-group[1]/imageLinks[1]/picture-link[3]/href[1]/text()[1]
***********************

Module:[SN02]***********************
Expected CDATA section value &amp;apos;http://test.film4.com/special-features/interviews#&amp;apos; 
but was &amp;apos;http://test.film4.com/special-features/interviews?3ad#&amp;apos; - comparing &amp;lt;![CDATA[http://test.film4.com/special-features/interviews#]]&amp;gt; 
at /page-map[1]/sections[1]/page-section[2]/areas[1]/area[1]/modules[1]/module[3]/webElementSetComponentBeans[1]/element-group[1]/imageLinks[1]/picture-link[4]/href[1]/text()[1] to &amp;lt;![CDATA[http://test.film4.com/special-features/interviews?3ad#]]&amp;gt; 
at /page-map[1]/sections[1]/page-section[2]/areas[1]/area[1]/modules[1]/module[3]/webElementSetComponentBeans[1]/element-group[1]/imageLinks[1]/picture-link[4]/href[1]/text()[1]
***********************
">
        <![CDATA[java.lang.AssertionError:
Module:[SN02]***********************
Expected CDATA section value 'http://test.film4.com/special-features/interviews#' 
but was 'http://test.film4.com/special-features/interviews?3ad#' - comparing <![CDATA[http://test.film4.com/special-features/interviews#]]]]>
        <![CDATA[>
at /page-map[1]/sections[1]/page-section[2]/areas[1]/area[1]/modules[1]/module[3]/webElementSetComponentBeans[1]/element-group[1]/imageLinks[1]/picture-link[1]/href[1]/text()[1] to <![CDATA[http://test.film4.com/special-features/interviews?3ad#]]]]>
        <![CDATA[>
at /page-map[1]/sections[1]/page-section[2]/areas[1]/area[1]/modules[1]/module[3]/webElementSetComponentBeans[1]/element-group[1]/imageLinks[1]/picture-link[1]/href[1]/text()[1]
***********************

Module:[SN02]***********************
Expected CDATA section value 'http://test.film4.com/special-features/interviews#' 
but was 'http://test.film4.com/special-features/interviews?3ad#' - comparing <![CDATA[http://test.film4.com/special-features/interviews#]]]]>
        <![CDATA[>
at /page-map[1]/sections[1]/page-section[2]/areas[1]/area[1]/modules[1]/module[3]/webElementSetComponentBeans[1]/element-group[1]/imageLinks[1]/picture-link[2]/href[1]/text()[1] to <![CDATA[http://test.film4.com/special-features/interviews?3ad#]]]]>
        <![CDATA[>
at /page-map[1]/sections[1]/page-section[2]/areas[1]/area[1]/modules[1]/module[3]/webElementSetComponentBeans[1]/element-group[1]/imageLinks[1]/picture-link[2]/href[1]/text()[1]
***********************

Module:[SN02]***********************
Expected CDATA section value 'http://test.film4.com/special-features/interviews#' 
but was 'http://test.film4.com/special-features/interviews?3ad#' - comparing <![CDATA[http://test.film4.com/special-features/interviews#]]]]>
        <![CDATA[>
at /page-map[1]/sections[1]/page-section[2]/areas[1]/area[1]/modules[1]/module[3]/webElementSetComponentBeans[1]/element-group[1]/imageLinks[1]/picture-link[3]/href[1]/text()[1] to <![CDATA[http://test.film4.com/special-features/interviews?3ad#]]]]>
        <![CDATA[>
at /page-map[1]/sections[1]/page-section[2]/areas[1]/area[1]/modules[1]/module[3]/webElementSetComponentBeans[1]/element-group[1]/imageLinks[1]/picture-link[3]/href[1]/text()[1]
***********************

Module:[SN02]***********************
Expected CDATA section value 'http://test.film4.com/special-features/interviews#' 
but was 'http://test.film4.com/special-features/interviews?3ad#' - comparing <![CDATA[http://test.film4.com/special-features/interviews#]]]]>
        <![CDATA[>
at /page-map[1]/sections[1]/page-section[2]/areas[1]/area[1]/modules[1]/module[3]/webElementSetComponentBeans[1]/element-group[1]/imageLinks[1]/picture-link[4]/href[1]/text()[1] to <![CDATA[http://test.film4.com/special-features/interviews?3ad#]]]]>
        <![CDATA[>
at /page-map[1]/sections[1]/page-section[2]/areas[1]/area[1]/modules[1]/module[3]/webElementSetComponentBeans[1]/element-group[1]/imageLinks[1]/picture-link[4]/href[1]/text()[1]
***********************

	at com.sharpqa.comparesolution.test.ComparisonTest.testXMLPageObjectMapAgainstExpeted(ComparisonTest.java:54)
	at java.util.concurrent.Executors$RunnableAdapter.call(Executors.java:441)
	at java.util.concurrent.FutureTask$Sync.innerRun(FutureTask.java:303)
	at java.util.concurrent.FutureTask.run(FutureTask.java:138)
	at java.util.concurrent.ThreadPoolExecutor$Worker.runTask(ThreadPoolExecutor.java:886)
	at java.util.concurrent.ThreadPoolExecutor$Worker.run(ThreadPoolExecutor.java:908)
	at java.lang.Thread.run(Thread.java:662)
... Removed 8 stack frames]]>
    </failure>
  </testcase>
  <testcase name="testXMLPageObjectMapAgainstExpeted on instance null(com.sharpqa.comparesolution.test.ComparisonTest)" time="0.366" classname="com.sharpqa.comparesolution.test.ComparisonTest">
    <failure type="java.lang.AssertionError" message="
Module:[AV07]***********************
Expected CDATA section value &amp;apos;http://test.film4.com/reviews/2012/prometheus#&amp;apos; 
but was &amp;apos;http://test.film4.com/reviews/2012/prometheus?ad3#&amp;apos; - comparing &amp;lt;![CDATA[http://test.film4.com/reviews/2012/prometheus#]]&amp;gt; 
at /page-map[1]/sections[1]/page-section[1]/areas[1]/area[1]/modules[1]/module[1]/elementGroups[1]/element-group[1]/links[1]/link[1]/href[1]/text()[1] to &amp;lt;![CDATA[http://test.film4.com/reviews/2012/prometheus?ad3#]]&amp;gt; 
at /page-map[1]/sections[1]/page-section[1]/areas[1]/area[1]/modules[1]/module[1]/elementGroups[1]/element-group[1]/links[1]/link[1]/href[1]/text()[1]
***********************

Module:[AT06]***********************
Expected CDATA section value &amp;apos;http://test.film4.com/reviews/2012/prometheus#tab0&amp;apos; 
but was &amp;apos;http://test.film4.com/reviews/2012/prometheus?ad3#tab0&amp;apos; - comparing &amp;lt;![CDATA[http://test.film4.com/reviews/2012/prometheus#tab0]]&amp;gt; 
at /page-map[1]/sections[1]/page-section[1]/areas[1]/area[1]/modules[1]/module[3]/webElementSetComponentBeans[1]/element-group[1]/links[1]/link[1]/href[1]/text()[1] to &amp;lt;![CDATA[http://test.film4.com/reviews/2012/prometheus?ad3#tab0]]&amp;gt; 
at /page-map[1]/sections[1]/page-section[1]/areas[1]/area[1]/modules[1]/module[3]/webElementSetComponentBeans[1]/element-group[1]/links[1]/link[1]/href[1]/text()[1]
***********************

Module:[AT06]***********************
Expected CDATA section value &amp;apos;http://test.film4.com/reviews/2012/prometheus#cast&amp;apos; 
but was &amp;apos;http://test.film4.com/reviews/2012/prometheus?ad3#cast&amp;apos; - comparing &amp;lt;![CDATA[http://test.film4.com/reviews/2012/prometheus#cast]]&amp;gt; 
at /page-map[1]/sections[1]/page-section[1]/areas[1]/area[1]/modules[1]/module[3]/webElementSetComponentBeans[1]/element-group[1]/links[1]/link[2]/href[1]/text()[1] to &amp;lt;![CDATA[http://test.film4.com/reviews/2012/prometheus?ad3#cast]]&amp;gt; 
at /page-map[1]/sections[1]/page-section[1]/areas[1]/area[1]/modules[1]/module[3]/webElementSetComponentBeans[1]/element-group[1]/links[1]/link[2]/href[1]/text()[1]
***********************

Module:[AV07]***********************
Expected CDATA section value &amp;apos;http://test.film4.com/media/images/Channel4/film/2012/charlize-theron-idris-elba-prometheus-movie-image_MED.jpg&amp;apos; 
but was &amp;apos;http://test.film4.com/media/images/Channel4/film/2012/charlize-theron-idris-elba-prometheus-movie-image_LRG.jpg&amp;apos; - comparing &amp;lt;![CDATA[http://test.film4.com/media/images/Channel4/film/2012/charlize-theron-idris-elba-prometheus-movie-image_MED.jpg]]&amp;gt; 
at /page-map[1]/sections[1]/page-section[1]/areas[1]/area[2]/modules[1]/module[1]/elementGroups[1]/element-group[2]/images[1]/picture[1]/src[1]/text()[1] to &amp;lt;![CDATA[http://test.film4.com/media/images/Channel4/film/2012/charlize-theron-idris-elba-prometheus-movie-image_LRG.jpg]]&amp;gt; 
at /page-map[1]/sections[1]/page-section[1]/areas[1]/area[2]/modules[1]/module[1]/elementGroups[1]/element-group[2]/images[1]/picture[1]/src[1]/text()[1]
***********************

Module:[GA20]***********************
Expected CDATA section value &amp;apos;http://test.film4.com/media/images/Channel4/film/2012/Prometheus_movie_05_MED.jpg&amp;apos; 
but was &amp;apos;http://test.film4.com/media/images/Channel4/film/2012/Prometheus_movie_05_LRG.jpg&amp;apos; - comparing &amp;lt;![CDATA[http://test.film4.com/media/images/Channel4/film/2012/Prometheus_movie_05_MED.jpg]]&amp;gt; 
at /page-map[1]/sections[1]/page-section[1]/areas[1]/area[2]/modules[1]/module[2]/elementGroups[1]/element-group[2]/images[1]/picture[1]/src[1]/text()[1] to &amp;lt;![CDATA[http://test.film4.com/media/images/Channel4/film/2012/Prometheus_movie_05_LRG.jpg]]&amp;gt; 
at /page-map[1]/sections[1]/page-section[1]/areas[1]/area[2]/modules[1]/module[2]/elementGroups[1]/element-group[2]/images[1]/picture[1]/src[1]/text()[1]
***********************

Module:[GA20]***********************
Expected CDATA section value &amp;apos;http://test.film4.com/media/images/Channel4/film/2012/Prometheus_movie_05_SML.jpg&amp;apos; 
but was &amp;apos;http://test.film4.com/media/images/Channel4/film/2012/Prometheus_movie_05_LRG.jpg&amp;apos; - comparing &amp;lt;![CDATA[http://test.film4.com/media/images/Channel4/film/2012/Prometheus_movie_05_SML.jpg]]&amp;gt; 
at /page-map[1]/sections[1]/page-section[1]/areas[1]/area[2]/modules[1]/module[2]/elementGroups[1]/element-group[3]/images[1]/picture[1]/src[1]/text()[1] to &amp;lt;![CDATA[http://test.film4.com/media/images/Channel4/film/2012/Prometheus_movie_05_LRG.jpg]]&amp;gt; 
at /page-map[1]/sections[1]/page-section[1]/areas[1]/area[2]/modules[1]/module[2]/elementGroups[1]/element-group[3]/images[1]/picture[1]/src[1]/text()[1]
***********************

Module:[GA20]***********************
Expected text value &amp;apos;200&amp;apos; 
but was &amp;apos;1024&amp;apos; - comparing &amp;lt;width ...&amp;gt;200&amp;lt;/width&amp;gt; 
at /page-map[1]/sections[1]/page-section[1]/areas[1]/area[2]/modules[1]/module[2]/elementGroups[1]/element-group[3]/images[1]/picture[1]/width[1]/text()[1] to &amp;lt;width ...&amp;gt;1024&amp;lt;/width&amp;gt; 
at /page-map[1]/sections[1]/page-section[1]/areas[1]/area[2]/modules[1]/module[2]/elementGroups[1]/element-group[3]/images[1]/picture[1]/width[1]/text()[1]
***********************

Module:[GA20]***********************
Expected text value &amp;apos;133&amp;apos; 
but was &amp;apos;682&amp;apos; - comparing &amp;lt;height ...&amp;gt;133&amp;lt;/height&amp;gt; 
at /page-map[1]/sections[1]/page-section[1]/areas[1]/area[2]/modules[1]/module[2]/elementGroups[1]/element-group[3]/images[1]/picture[1]/height[1]/text()[1] to &amp;lt;height ...&amp;gt;682&amp;lt;/height&amp;gt; 
at /page-map[1]/sections[1]/page-section[1]/areas[1]/area[2]/modules[1]/module[2]/elementGroups[1]/element-group[3]/images[1]/picture[1]/height[1]/text()[1]
***********************

Module:[GA20]***********************
Expected CDATA section value &amp;apos;http://test.film4.com/media/images/Channel4/film/2012/charlize-theron-idris-elba-prometheus-movie-image_SML.jpg&amp;apos; 
but was &amp;apos;http://test.film4.com/media/images/Channel4/film/2012/charlize-theron-idris-elba-prometheus-movie-image_LRG.jpg&amp;apos; - comparing &amp;lt;![CDATA[http://test.film4.com/media/images/Channel4/film/2012/charlize-theron-idris-elba-prometheus-movie-image_SML.jpg]]&amp;gt; 
at /page-map[1]/sections[1]/page-section[1]/areas[1]/area[2]/modules[1]/module[2]/elementGroups[1]/element-group[3]/images[1]/picture[2]/src[1]/text()[1] to &amp;lt;![CDATA[http://test.film4.com/media/images/Channel4/film/2012/charlize-theron-idris-elba-prometheus-movie-image_LRG.jpg]]&amp;gt; 
at /page-map[1]/sections[1]/page-section[1]/areas[1]/area[2]/modules[1]/module[2]/elementGroups[1]/element-group[3]/images[1]/picture[2]/src[1]/text()[1]
***********************

Module:[GA20]***********************
Expected text value &amp;apos;200&amp;apos; 
but was &amp;apos;1024&amp;apos; - comparing &amp;lt;width ...&amp;gt;200&amp;lt;/width&amp;gt; 
at /page-map[1]/sections[1]/page-section[1]/areas[1]/area[2]/modules[1]/module[2]/elementGroups[1]/element-group[3]/images[1]/picture[2]/width[1]/text()[1] to &amp;lt;width ...&amp;gt;1024&amp;lt;/width&amp;gt; 
at /page-map[1]/sections[1]/page-section[1]/areas[1]/area[2]/modules[1]/module[2]/elementGroups[1]/element-group[3]/images[1]/picture[2]/width[1]/text()[1]
***********************

Module:[GA20]***********************
Expected text value &amp;apos;133&amp;apos; 
but was &amp;apos;683&amp;apos; - comparing &amp;lt;height ...&amp;gt;133&amp;lt;/height&amp;gt; 
at /page-map[1]/sections[1]/page-section[1]/areas[1]/area[2]/modules[1]/module[2]/elementGroups[1]/element-group[3]/images[1]/picture[2]/height[1]/text()[1] to &amp;lt;height ...&amp;gt;683&amp;lt;/height&amp;gt; 
at /page-map[1]/sections[1]/page-section[1]/areas[1]/area[2]/modules[1]/module[2]/elementGroups[1]/element-group[3]/images[1]/picture[2]/height[1]/text()[1]
***********************

Module:[GA20]***********************
Expected CDATA section value &amp;apos;http://test.film4.com/media/images/Channel4/film/2012/Prometheus_movie_05_SML.jpg&amp;apos; 
but was &amp;apos;http://test.film4.com/media/images/Channel4/film/2012/Prometheus_movie_05_MED.jpg&amp;apos; - comparing &amp;lt;![CDATA[http://test.film4.com/media/images/Channel4/film/2012/Prometheus_movie_05_SML.jpg]]&amp;gt; 
at /page-map[1]/sections[1]/page-section[1]/areas[1]/area[2]/modules[1]/module[2]/elementGroups[1]/element-group[3]/imageLinks[1]/picture-link[1]/src[1]/text()[1] to &amp;lt;![CDATA[http://test.film4.com/media/images/Channel4/film/2012/Prometheus_movie_05_MED.jpg]]&amp;gt; 
at /page-map[1]/sections[1]/page-section[1]/areas[1]/area[2]/modules[1]/module[2]/elementGroups[1]/element-group[3]/imageLinks[1]/picture-link[1]/src[1]/text()[1]
***********************

Module:[GA20]***********************
Expected text value &amp;apos;200&amp;apos; 
but was &amp;apos;625&amp;apos; - comparing &amp;lt;width ...&amp;gt;200&amp;lt;/width&amp;gt; 
at /page-map[1]/sections[1]/page-section[1]/areas[1]/area[2]/modules[1]/module[2]/elementGroups[1]/element-group[3]/imageLinks[1]/picture-link[1]/width[1]/text()[1] to &amp;lt;width ...&amp;gt;625&amp;lt;/width&amp;gt; 
at /page-map[1]/sections[1]/page-section[1]/areas[1]/area[2]/modules[1]/module[2]/elementGroups[1]/element-group[3]/imageLinks[1]/picture-link[1]/width[1]/text()[1]
***********************

Module:[GA20]***********************
Expected text value &amp;apos;133&amp;apos; 
but was &amp;apos;416&amp;apos; - comparing &amp;lt;height ...&amp;gt;133&amp;lt;/height&amp;gt; 
at /page-map[1]/sections[1]/page-section[1]/areas[1]/area[2]/modules[1]/module[2]/elementGroups[1]/element-group[3]/imageLinks[1]/picture-link[1]/height[1]/text()[1] to &amp;lt;height ...&amp;gt;416&amp;lt;/height&amp;gt; 
at /page-map[1]/sections[1]/page-section[1]/areas[1]/area[2]/modules[1]/module[2]/elementGroups[1]/element-group[3]/imageLinks[1]/picture-link[1]/height[1]/text()[1]
***********************

Module:[GA20]***********************
Expected CDATA section value &amp;apos;http://test.film4.com/media/images/Channel4/film/2012/charlize-theron-idris-elba-prometheus-movie-image_SML.jpg&amp;apos; 
but was &amp;apos;http://test.film4.com/media/images/Channel4/film/2012/charlize-theron-idris-elba-prometheus-movie-image_MED.jpg&amp;apos; - comparing &amp;lt;![CDATA[http://test.film4.com/media/images/Channel4/film/2012/charlize-theron-idris-elba-prometheus-movie-image_SML.jpg]]&amp;gt; 
at /page-map[1]/sections[1]/page-section[1]/areas[1]/area[2]/modules[1]/module[2]/elementGroups[1]/element-group[3]/imageLinks[1]/picture-link[2]/src[1]/text()[1] to &amp;lt;![CDATA[http://test.film4.com/media/images/Channel4/film/2012/charlize-theron-idris-elba-prometheus-movie-image_MED.jpg]]&amp;gt; 
at /page-map[1]/sections[1]/page-section[1]/areas[1]/area[2]/modules[1]/module[2]/elementGroups[1]/element-group[3]/imageLinks[1]/picture-link[2]/src[1]/text()[1]
***********************

Module:[GA20]***********************
Expected text value &amp;apos;200&amp;apos; 
but was &amp;apos;625&amp;apos; - comparing &amp;lt;width ...&amp;gt;200&amp;lt;/width&amp;gt; 
at /page-map[1]/sections[1]/page-section[1]/areas[1]/area[2]/modules[1]/module[2]/elementGroups[1]/element-group[3]/imageLinks[1]/picture-link[2]/width[1]/text()[1] to &amp;lt;width ...&amp;gt;625&amp;lt;/width&amp;gt; 
at /page-map[1]/sections[1]/page-section[1]/areas[1]/area[2]/modules[1]/module[2]/elementGroups[1]/element-group[3]/imageLinks[1]/picture-link[2]/width[1]/text()[1]
***********************

Module:[GA20]***********************
Expected text value &amp;apos;133&amp;apos; 
but was &amp;apos;417&amp;apos; - comparing &amp;lt;height ...&amp;gt;133&amp;lt;/height&amp;gt; 
at /page-map[1]/sections[1]/page-section[1]/areas[1]/area[2]/modules[1]/module[2]/elementGroups[1]/element-group[3]/imageLinks[1]/picture-link[2]/height[1]/text()[1] to &amp;lt;height ...&amp;gt;417&amp;lt;/height&amp;gt; 
at /page-map[1]/sections[1]/page-section[1]/areas[1]/area[2]/modules[1]/module[2]/elementGroups[1]/element-group[3]/imageLinks[1]/picture-link[2]/height[1]/text()[1]
***********************

Module:[GA20]***********************
Expected CDATA section value &amp;apos;http://test.film4.com/reviews/2012/prometheus#&amp;apos; 
but was &amp;apos;http://test.film4.com/reviews/2012/prometheus?ad3#&amp;apos; - comparing &amp;lt;![CDATA[http://test.film4.com/reviews/2012/prometheus#]]&amp;gt; 
at /page-map[1]/sections[1]/page-section[1]/areas[1]/area[2]/modules[1]/module[2]/elementGroups[1]/element-group[4]/links[1]/link[1]/href[1]/text()[1] to &amp;lt;![CDATA[http://test.film4.com/reviews/2012/prometheus?ad3#]]&amp;gt; 
at /page-map[1]/sections[1]/page-section[1]/areas[1]/area[2]/modules[1]/module[2]/elementGroups[1]/element-group[4]/links[1]/link[1]/href[1]/text()[1]
***********************

Module:[GA20]***********************
Expected CDATA section value &amp;apos;http://test.film4.com/media/images/Channel4/film/2012/Prometheus_movie_05_SML.jpg&amp;apos; 
but was &amp;apos;http://test.film4.com/media/images/Channel4/film/2012/Prometheus_movie_05_LRG.jpg&amp;apos; - comparing &amp;lt;![CDATA[http://test.film4.com/media/images/Channel4/film/2012/Prometheus_movie_05_SML.jpg]]&amp;gt; 
at /page-map[1]/sections[1]/page-section[1]/areas[1]/area[2]/modules[1]/module[2]/webElementSetComponentBeans[1]/element-group[1]/images[1]/picture[1]/src[1]/text()[1] to &amp;lt;![CDATA[http://test.film4.com/media/images/Channel4/film/2012/Prometheus_movie_05_LRG.jpg]]&amp;gt; 
at /page-map[1]/sections[1]/page-section[1]/areas[1]/area[2]/modules[1]/module[2]/webElementSetComponentBeans[1]/element-group[1]/images[1]/picture[1]/src[1]/text()[1]
***********************

Module:[GA20]***********************
Expected text value &amp;apos;200&amp;apos; 
but was &amp;apos;1024&amp;apos; - comparing &amp;lt;width ...&amp;gt;200&amp;lt;/width&amp;gt; 
at /page-map[1]/sections[1]/page-section[1]/areas[1]/area[2]/modules[1]/module[2]/webElementSetComponentBeans[1]/element-group[1]/images[1]/picture[1]/width[1]/text()[1] to &amp;lt;width ...&amp;gt;1024&amp;lt;/width&amp;gt; 
at /page-map[1]/sections[1]/page-section[1]/areas[1]/area[2]/modules[1]/module[2]/webElementSetComponentBeans[1]/element-group[1]/images[1]/picture[1]/width[1]/text()[1]
***********************

Module:[GA20]***********************
Expected text value &amp;apos;133&amp;apos; 
but was &amp;apos;682&amp;apos; - comparing &amp;lt;height ...&amp;gt;133&amp;lt;/height&amp;gt; 
at /page-map[1]/sections[1]/page-section[1]/areas[1]/area[2]/modules[1]/module[2]/webElementSetComponentBeans[1]/element-group[1]/images[1]/picture[1]/height[1]/text()[1] to &amp;lt;height ...&amp;gt;682&amp;lt;/height&amp;gt; 
at /page-map[1]/sections[1]/page-section[1]/areas[1]/area[2]/modules[1]/module[2]/webElementSetComponentBeans[1]/element-group[1]/images[1]/picture[1]/height[1]/text()[1]
***********************

Module:[GA20]***********************
Expected CDATA section value &amp;apos;http://test.film4.com/media/images/Channel4/film/2012/charlize-theron-idris-elba-prometheus-movie-image_SML.jpg&amp;apos; 
but was &amp;apos;http://test.film4.com/media/images/Channel4/film/2012/charlize-theron-idris-elba-prometheus-movie-image_LRG.jpg&amp;apos; - comparing &amp;lt;![CDATA[http://test.film4.com/media/images/Channel4/film/2012/charlize-theron-idris-elba-prometheus-movie-image_SML.jpg]]&amp;gt; 
at /page-map[1]/sections[1]/page-section[1]/areas[1]/area[2]/modules[1]/module[2]/webElementSetComponentBeans[1]/element-group[2]/images[1]/picture[1]/src[1]/text()[1] to &amp;lt;![CDATA[http://test.film4.com/media/images/Channel4/film/2012/charlize-theron-idris-elba-prometheus-movie-image_LRG.jpg]]&amp;gt; 
at /page-map[1]/sections[1]/page-section[1]/areas[1]/area[2]/modules[1]/module[2]/webElementSetComponentBeans[1]/element-group[2]/images[1]/picture[1]/src[1]/text()[1]
***********************

Module:[GA20]***********************
Expected text value &amp;apos;200&amp;apos; 
but was &amp;apos;1024&amp;apos; - comparing &amp;lt;width ...&amp;gt;200&amp;lt;/width&amp;gt; 
at /page-map[1]/sections[1]/page-section[1]/areas[1]/area[2]/modules[1]/module[2]/webElementSetComponentBeans[1]/element-group[2]/images[1]/picture[1]/width[1]/text()[1] to &amp;lt;width ...&amp;gt;1024&amp;lt;/width&amp;gt; 
at /page-map[1]/sections[1]/page-section[1]/areas[1]/area[2]/modules[1]/module[2]/webElementSetComponentBeans[1]/element-group[2]/images[1]/picture[1]/width[1]/text()[1]
***********************

Module:[GA20]***********************
Expected text value &amp;apos;133&amp;apos; 
but was &amp;apos;683&amp;apos; - comparing &amp;lt;height ...&amp;gt;133&amp;lt;/height&amp;gt; 
at /page-map[1]/sections[1]/page-section[1]/areas[1]/area[2]/modules[1]/module[2]/webElementSetComponentBeans[1]/element-group[2]/images[1]/picture[1]/height[1]/text()[1] to &amp;lt;height ...&amp;gt;683&amp;lt;/height&amp;gt; 
at /page-map[1]/sections[1]/page-section[1]/areas[1]/area[2]/modules[1]/module[2]/webElementSetComponentBeans[1]/element-group[2]/images[1]/picture[1]/height[1]/text()[1]
***********************

Module:[FL01-default]***********************
Expected CDATA section value &amp;apos;http://test.film4.com/reviews/2012/prometheus#&amp;apos; 
but was &amp;apos;http://test.film4.com/reviews/2012/prometheus?ad3#&amp;apos; - comparing &amp;lt;![CDATA[http://test.film4.com/reviews/2012/prometheus#]]&amp;gt; 
at /page-map[1]/sections[1]/page-section[1]/areas[1]/area[3]/modules[1]/module[1]/webElementSetComponentBeans[1]/element-group[1]/links[1]/link[1]/href[1]/text()[1] to &amp;lt;![CDATA[http://test.film4.com/reviews/2012/prometheus?ad3#]]&amp;gt; 
at /page-map[1]/sections[1]/page-section[1]/areas[1]/area[3]/modules[1]/module[1]/webElementSetComponentBeans[1]/element-group[1]/links[1]/link[1]/href[1]/text()[1]
***********************

Module:[FL01-default]***********************
Expected CDATA section value &amp;apos;Crocodile Dundee II&amp;apos; 
but was &amp;apos;Chung On Tsous&amp;apos; - comparing &amp;lt;![CDATA[Crocodile Dundee II]]&amp;gt; 
at /page-map[1]/sections[1]/page-section[1]/areas[1]/area[3]/modules[1]/module[1]/webElementSetComponentBeans[1]/element-group[1]/links[1]/link[2]/linkText[1]/text()[1] to &amp;lt;![CDATA[Chung On Tsous]]&amp;gt; 
at /page-map[1]/sections[1]/page-section[1]/areas[1]/area[3]/modules[1]/module[1]/webElementSetComponentBeans[1]/element-group[1]/links[1]/link[2]/linkText[1]/text()[1]
***********************

Module:[FL01-default]***********************
Expected CDATA section value &amp;apos;http://test.film4.com/reviews/1988/crocodile-dundee-ii&amp;apos; 
but was &amp;apos;http://test.film4.com/reviews/1993/chung-on-tsous&amp;apos; - comparing &amp;lt;![CDATA[http://test.film4.com/reviews/1988/crocodile-dundee-ii]]&amp;gt; 
at /page-map[1]/sections[1]/page-section[1]/areas[1]/area[3]/modules[1]/module[1]/webElementSetComponentBeans[1]/element-group[1]/links[1]/link[2]/href[1]/text()[1] to &amp;lt;![CDATA[http://test.film4.com/reviews/1993/chung-on-tsous]]&amp;gt; 
at /page-map[1]/sections[1]/page-section[1]/areas[1]/area[3]/modules[1]/module[1]/webElementSetComponentBeans[1]/element-group[1]/links[1]/link[2]/href[1]/text()[1]
***********************

Module:[FL01-default]***********************
Expected CDATA section value &amp;apos;http://test.film4.com/reviews/1988/crocodile-dundee-ii&amp;apos; 
but was &amp;apos;http://test.film4.com/reviews/1993/chung-on-tsous&amp;apos; - comparing &amp;lt;![CDATA[http://test.film4.com/reviews/1988/crocodile-dundee-ii]]&amp;gt; 
at /page-map[1]/sections[1]/page-section[1]/areas[1]/area[3]/modules[1]/module[1]/webElementSetComponentBeans[1]/element-group[1]/imageLinks[1]/picture-link[1]/href[1]/text()[1] to &amp;lt;![CDATA[http://test.film4.com/reviews/1993/chung-on-tsous]]&amp;gt; 
at /page-map[1]/sections[1]/page-section[1]/areas[1]/area[3]/modules[1]/module[1]/webElementSetComponentBeans[1]/element-group[1]/imageLinks[1]/picture-link[1]/href[1]/text()[1]
***********************

Module:[FL01-default]***********************
Expected CDATA section value &amp;apos;http://test.film4.com/media/images/Film4/images/C/crocodile-dundee-2-1988-01_MED.jpg&amp;apos; 
but was &amp;apos;http://test.film4.com/media/images/Film4/film4-default-image_MED.jpg&amp;apos; - comparing &amp;lt;![CDATA[http://test.film4.com/media/images/Film4/images/C/crocodile-dundee-2-1988-01_MED.jpg]]&amp;gt; 
at /page-map[1]/sections[1]/page-section[1]/areas[1]/area[3]/modules[1]/module[1]/webElementSetComponentBeans[1]/element-group[1]/imageLinks[1]/picture-link[1]/src[1]/text()[1] to &amp;lt;![CDATA[http://test.film4.com/media/images/Film4/film4-default-image_MED.jpg]]&amp;gt; 
at /page-map[1]/sections[1]/page-section[1]/areas[1]/area[3]/modules[1]/module[1]/webElementSetComponentBeans[1]/element-group[1]/imageLinks[1]/picture-link[1]/src[1]/text()[1]
***********************

Module:[FL01-default]***********************
Expected text value &amp;apos;179&amp;apos; 
but was &amp;apos;178&amp;apos; - comparing &amp;lt;width ...&amp;gt;179&amp;lt;/width&amp;gt; 
at /page-map[1]/sections[1]/page-section[1]/areas[1]/area[3]/modules[1]/module[1]/webElementSetComponentBeans[1]/element-group[1]/imageLinks[1]/picture-link[1]/width[1]/text()[1] to &amp;lt;width ...&amp;gt;178&amp;lt;/width&amp;gt; 
at /page-map[1]/sections[1]/page-section[1]/areas[1]/area[3]/modules[1]/module[1]/webElementSetComponentBeans[1]/element-group[1]/imageLinks[1]/picture-link[1]/width[1]/text()[1]
***********************

Module:[FL01-default]***********************
Expected text value &amp;apos;76&amp;apos; 
but was &amp;apos;100&amp;apos; - comparing &amp;lt;height ...&amp;gt;76&amp;lt;/height&amp;gt; 
at /page-map[1]/sections[1]/page-section[1]/areas[1]/area[3]/modules[1]/module[1]/webElementSetComponentBeans[1]/element-group[1]/imageLinks[1]/picture-link[1]/height[1]/text()[1] to &amp;lt;height ...&amp;gt;100&amp;lt;/height&amp;gt; 
at /page-map[1]/sections[1]/page-section[1]/areas[1]/area[3]/modules[1]/module[1]/webElementSetComponentBeans[1]/element-group[1]/imageLinks[1]/picture-link[1]/height[1]/text()[1]
***********************

Module:[FL01-default]***********************
Expected CDATA section value &amp;apos;Further adventures of Paul Hogan&amp;apos;s Mick &amp;apos;Crocodile&amp;apos; Dundee, this time...&amp;apos; 
but was &amp;apos;synopsis&amp;apos; - comparing &amp;lt;![CDATA[Further adventures of Paul Hogan&amp;apos;s Mick &amp;apos;Crocodile&amp;apos; Dundee, this time...]]&amp;gt; 
at /page-map[1]/sections[1]/page-section[1]/areas[1]/area[3]/modules[1]/module[1]/webElementSetComponentBeans[1]/element-group[1]/textBlocks[1]/text-block[1]/text[1]/text()[1] to &amp;lt;![CDATA[synopsis]]&amp;gt; 
at /page-map[1]/sections[1]/page-section[1]/areas[1]/area[3]/modules[1]/module[1]/webElementSetComponentBeans[1]/element-group[1]/textBlocks[1]/text-block[1]/text[1]/text()[1]
***********************

Module:[FL01-default]***********************
Expected CDATA section value &amp;apos;Crocodile Dundee II&amp;apos; 
but was &amp;apos;Chung On Tsous&amp;apos; - comparing &amp;lt;![CDATA[Crocodile Dundee II]]&amp;gt; 
at /page-map[1]/sections[1]/page-section[1]/areas[1]/area[3]/modules[1]/module[1]/webElementSetComponentBeans[1]/element-group[1]/textBlocks[1]/text-block[2]/text[1]/text()[1] to &amp;lt;![CDATA[Chung On Tsous]]&amp;gt; 
at /page-map[1]/sections[1]/page-section[1]/areas[1]/area[3]/modules[1]/module[1]/webElementSetComponentBeans[1]/element-group[1]/textBlocks[1]/text-block[2]/text[1]/text()[1]
***********************

Module:[FL01-default]***********************
Expected CDATA section value &amp;apos;http://test.film4.com/reviews/2012/prometheus#&amp;apos; 
but was &amp;apos;http://test.film4.com/reviews/2012/prometheus?ad3#&amp;apos; - comparing &amp;lt;![CDATA[http://test.film4.com/reviews/2012/prometheus#]]&amp;gt; 
at /page-map[1]/sections[1]/page-section[1]/areas[1]/area[3]/modules[1]/module[1]/webElementSetComponentBeans[1]/element-group[2]/links[1]/link[1]/href[1]/text()[1] to &amp;lt;![CDATA[http://test.film4.com/reviews/2012/prometheus?ad3#]]&amp;gt; 
at /page-map[1]/sections[1]/page-section[1]/areas[1]/area[3]/modules[1]/module[1]/webElementSetComponentBeans[1]/element-group[2]/links[1]/link[1]/href[1]/text()[1]
***********************

Module:[FL01-default]***********************
Expected CDATA section value &amp;apos;Thunderbolt&amp;apos; 
but was &amp;apos;Universal Soldier&amp;apos; - comparing &amp;lt;![CDATA[Thunderbolt]]&amp;gt; 
at /page-map[1]/sections[1]/page-section[1]/areas[1]/area[3]/modules[1]/module[1]/webElementSetComponentBeans[1]/element-group[2]/links[1]/link[2]/linkText[1]/text()[1] to &amp;lt;![CDATA[Universal Soldier]]&amp;gt; 
at /page-map[1]/sections[1]/page-section[1]/areas[1]/area[3]/modules[1]/module[1]/webElementSetComponentBeans[1]/element-group[2]/links[1]/link[2]/linkText[1]/text()[1]
***********************

Module:[FL01-default]***********************
Expected CDATA section value &amp;apos;http://test.film4.com/reviews/1995/thunderbolt&amp;apos; 
but was &amp;apos;http://test.film4.com/reviews/1992/universal-soldier&amp;apos; - comparing &amp;lt;![CDATA[http://test.film4.com/reviews/1995/thunderbolt]]&amp;gt; 
at /page-map[1]/sections[1]/page-section[1]/areas[1]/area[3]/modules[1]/module[1]/webElementSetComponentBeans[1]/element-group[2]/links[1]/link[2]/href[1]/text()[1] to &amp;lt;![CDATA[http://test.film4.com/reviews/1992/universal-soldier]]&amp;gt; 
at /page-map[1]/sections[1]/page-section[1]/areas[1]/area[3]/modules[1]/module[1]/webElementSetComponentBeans[1]/element-group[2]/links[1]/link[2]/href[1]/text()[1]
***********************

Module:[FL01-default]***********************
Expected CDATA section value &amp;apos;http://test.film4.com/reviews/1995/thunderbolt&amp;apos; 
but was &amp;apos;http://test.film4.com/reviews/1992/universal-soldier&amp;apos; - comparing &amp;lt;![CDATA[http://test.film4.com/reviews/1995/thunderbolt]]&amp;gt; 
at /page-map[1]/sections[1]/page-section[1]/areas[1]/area[3]/modules[1]/module[1]/webElementSetComponentBeans[1]/element-group[2]/imageLinks[1]/picture-link[1]/href[1]/text()[1] to &amp;lt;![CDATA[http://test.film4.com/reviews/1992/universal-soldier]]&amp;gt; 
at /page-map[1]/sections[1]/page-section[1]/areas[1]/area[3]/modules[1]/module[1]/webElementSetComponentBeans[1]/element-group[2]/imageLinks[1]/picture-link[1]/href[1]/text()[1]
***********************

Module:[FL01-default]***********************
Expected CDATA section value &amp;apos;To save his kidnapped sister Jackie Chan must fight an evil super-criminal...&amp;apos; 
but was &amp;apos;Dumb but fun thriller starring Jean-Claude Van Damme as a dead Vietnam vet...&amp;apos; - comparing &amp;lt;![CDATA[To save his kidnapped sister Jackie Chan must fight an evil super-criminal...]]&amp;gt; 
at /page-map[1]/sections[1]/page-section[1]/areas[1]/area[3]/modules[1]/module[1]/webElementSetComponentBeans[1]/element-group[2]/textBlocks[1]/text-block[1]/text[1]/text()[1] to &amp;lt;![CDATA[Dumb but fun thriller starring Jean-Claude Van Damme as a dead Vietnam vet...]]&amp;gt; 
at /page-map[1]/sections[1]/page-section[1]/areas[1]/area[3]/modules[1]/module[1]/webElementSetComponentBeans[1]/element-group[2]/textBlocks[1]/text-block[1]/text[1]/text()[1]
***********************

Module:[FL01-default]***********************
Expected CDATA section value &amp;apos;Thunderbolt&amp;apos; 
but was &amp;apos;Universal Soldier&amp;apos; - comparing &amp;lt;![CDATA[Thunderbolt]]&amp;gt; 
at /page-map[1]/sections[1]/page-section[1]/areas[1]/area[3]/modules[1]/module[1]/webElementSetComponentBeans[1]/element-group[2]/textBlocks[1]/text-block[2]/text[1]/text()[1] to &amp;lt;![CDATA[Universal Soldier]]&amp;gt; 
at /page-map[1]/sections[1]/page-section[1]/areas[1]/area[3]/modules[1]/module[1]/webElementSetComponentBeans[1]/element-group[2]/textBlocks[1]/text-block[2]/text[1]/text()[1]
***********************

Module:[FL01-default]***********************
Expected CDATA section value &amp;apos;http://test.film4.com/reviews/2012/prometheus#&amp;apos; 
but was &amp;apos;http://test.film4.com/reviews/2012/prometheus?ad3#&amp;apos; - comparing &amp;lt;![CDATA[http://test.film4.com/reviews/2012/prometheus#]]&amp;gt; 
at /page-map[1]/sections[1]/page-section[1]/areas[1]/area[3]/modules[1]/module[1]/webElementSetComponentBeans[1]/element-group[3]/links[1]/link[1]/href[1]/text()[1] to &amp;lt;![CDATA[http://test.film4.com/reviews/2012/prometheus?ad3#]]&amp;gt; 
at /page-map[1]/sections[1]/page-section[1]/areas[1]/area[3]/modules[1]/module[1]/webElementSetComponentBeans[1]/element-group[3]/links[1]/link[1]/href[1]/text()[1]
***********************

Module:[FL01-default]***********************
Expected CDATA section value &amp;apos;Ladies&amp;apos; Man, The&amp;apos; 
but was &amp;apos;Strike&amp;apos; - comparing &amp;lt;![CDATA[Ladies&amp;apos; Man, The]]&amp;gt; 
at /page-map[1]/sections[1]/page-section[1]/areas[1]/area[3]/modules[1]/module[1]/webElementSetComponentBeans[1]/element-group[3]/links[1]/link[2]/linkText[1]/text()[1] to &amp;lt;![CDATA[Strike]]&amp;gt; 
at /page-map[1]/sections[1]/page-section[1]/areas[1]/area[3]/modules[1]/module[1]/webElementSetComponentBeans[1]/element-group[3]/links[1]/link[2]/linkText[1]/text()[1]
***********************

Module:[FL01-default]***********************
Expected CDATA section value &amp;apos;http://test.film4.com/reviews/1961/ladies-man-the&amp;apos; 
but was &amp;apos;http://test.film4.com/reviews/1924/strike&amp;apos; - comparing &amp;lt;![CDATA[http://test.film4.com/reviews/1961/ladies-man-the]]&amp;gt; 
at /page-map[1]/sections[1]/page-section[1]/areas[1]/area[3]/modules[1]/module[1]/webElementSetComponentBeans[1]/element-group[3]/links[1]/link[2]/href[1]/text()[1] to &amp;lt;![CDATA[http://test.film4.com/reviews/1924/strike]]&amp;gt; 
at /page-map[1]/sections[1]/page-section[1]/areas[1]/area[3]/modules[1]/module[1]/webElementSetComponentBeans[1]/element-group[3]/links[1]/link[2]/href[1]/text()[1]
***********************

Module:[FL01-default]***********************
Expected CDATA section value &amp;apos;http://test.film4.com/reviews/1961/ladies-man-the&amp;apos; 
but was &amp;apos;http://test.film4.com/reviews/1924/strike&amp;apos; - comparing &amp;lt;![CDATA[http://test.film4.com/reviews/1961/ladies-man-the]]&amp;gt; 
at /page-map[1]/sections[1]/page-section[1]/areas[1]/area[3]/modules[1]/module[1]/webElementSetComponentBeans[1]/element-group[3]/imageLinks[1]/picture-link[1]/href[1]/text()[1] to &amp;lt;![CDATA[http://test.film4.com/reviews/1924/strike]]&amp;gt; 
at /page-map[1]/sections[1]/page-section[1]/areas[1]/area[3]/modules[1]/module[1]/webElementSetComponentBeans[1]/element-group[3]/imageLinks[1]/picture-link[1]/href[1]/text()[1]
***********************

Module:[FL01-default]***********************
Expected CDATA section value &amp;apos;http://test.film4.com/media/images/Film4/film4-default-image_MED.jpg&amp;apos; 
but was &amp;apos;http://test.film4.com/media/images/Channel4/film/S/strike_eisenstein_xl_01--film-A_MED.jpg&amp;apos; - comparing &amp;lt;![CDATA[http://test.film4.com/media/images/Film4/film4-default-image_MED.jpg]]&amp;gt; 
at /page-map[1]/sections[1]/page-section[1]/areas[1]/area[3]/modules[1]/module[1]/webElementSetComponentBeans[1]/element-group[3]/imageLinks[1]/picture-link[1]/src[1]/text()[1] to &amp;lt;![CDATA[http://test.film4.com/media/images/Channel4/film/S/strike_eisenstein_xl_01--film-A_MED.jpg]]&amp;gt; 
at /page-map[1]/sections[1]/page-section[1]/areas[1]/area[3]/modules[1]/module[1]/webElementSetComponentBeans[1]/element-group[3]/imageLinks[1]/picture-link[1]/src[1]/text()[1]
***********************

Module:[FL01-default]***********************
Expected text value &amp;apos;178&amp;apos; 
but was &amp;apos;179&amp;apos; - comparing &amp;lt;width ...&amp;gt;178&amp;lt;/width&amp;gt; 
at /page-map[1]/sections[1]/page-section[1]/areas[1]/area[3]/modules[1]/module[1]/webElementSetComponentBeans[1]/element-group[3]/imageLinks[1]/picture-link[1]/width[1]/text()[1] to &amp;lt;width ...&amp;gt;179&amp;lt;/width&amp;gt; 
at /page-map[1]/sections[1]/page-section[1]/areas[1]/area[3]/modules[1]/module[1]/webElementSetComponentBeans[1]/element-group[3]/imageLinks[1]/picture-link[1]/width[1]/text()[1]
***********************

Module:[FL01-default]***********************
Expected text value &amp;apos;100&amp;apos; 
but was &amp;apos;52&amp;apos; - comparing &amp;lt;height ...&amp;gt;100&amp;lt;/height&amp;gt; 
at /page-map[1]/sections[1]/page-section[1]/areas[1]/area[3]/modules[1]/module[1]/webElementSetComponentBeans[1]/element-group[3]/imageLinks[1]/picture-link[1]/height[1]/text()[1] to &amp;lt;height ...&amp;gt;52&amp;lt;/height&amp;gt; 
at /page-map[1]/sections[1]/page-section[1]/areas[1]/area[3]/modules[1]/module[1]/webElementSetComponentBeans[1]/element-group[3]/imageLinks[1]/picture-link[1]/height[1]/text()[1]
***********************

Module:[FL01-default]***********************
Expected CDATA section value &amp;apos;synopsis&amp;apos; 
but was &amp;apos;The workers revolt against their despicable bourgeois masters. A virtuoso...&amp;apos; - comparing &amp;lt;![CDATA[synopsis]]&amp;gt; 
at /page-map[1]/sections[1]/page-section[1]/areas[1]/area[3]/modules[1]/module[1]/webElementSetComponentBeans[1]/element-group[3]/textBlocks[1]/text-block[1]/text[1]/text()[1] to &amp;lt;![CDATA[The workers revolt against their despicable bourgeois masters. A virtuoso...]]&amp;gt; 
at /page-map[1]/sections[1]/page-section[1]/areas[1]/area[3]/modules[1]/module[1]/webElementSetComponentBeans[1]/element-group[3]/textBlocks[1]/text-block[1]/text[1]/text()[1]
***********************

Module:[FL01-default]***********************
Expected CDATA section value &amp;apos;Ladies&amp;apos; Man, The&amp;apos; 
but was &amp;apos;Strike&amp;apos; - comparing &amp;lt;![CDATA[Ladies&amp;apos; Man, The]]&amp;gt; 
at /page-map[1]/sections[1]/page-section[1]/areas[1]/area[3]/modules[1]/module[1]/webElementSetComponentBeans[1]/element-group[3]/textBlocks[1]/text-block[2]/text[1]/text()[1] to &amp;lt;![CDATA[Strike]]&amp;gt; 
at /page-map[1]/sections[1]/page-section[1]/areas[1]/area[3]/modules[1]/module[1]/webElementSetComponentBeans[1]/element-group[3]/textBlocks[1]/text-block[2]/text[1]/text()[1]
***********************

Module:[FL01-default]***********************
Expected CDATA section value &amp;apos;http://test.film4.com/reviews/2012/prometheus#&amp;apos; 
but was &amp;apos;http://test.film4.com/reviews/2012/prometheus?ad3#&amp;apos; - comparing &amp;lt;![CDATA[http://test.film4.com/reviews/2012/prometheus#]]&amp;gt; 
at /page-map[1]/sections[1]/page-section[1]/areas[1]/area[3]/modules[1]/module[1]/webElementSetComponentBeans[1]/element-group[4]/links[1]/link[1]/href[1]/text()[1] to &amp;lt;![CDATA[http://test.film4.com/reviews/2012/prometheus?ad3#]]&amp;gt; 
at /page-map[1]/sections[1]/page-section[1]/areas[1]/area[3]/modules[1]/module[1]/webElementSetComponentBeans[1]/element-group[4]/links[1]/link[1]/href[1]/text()[1]
***********************

Module:[FL01-default]***********************
Expected CDATA section value &amp;apos;The Business&amp;apos; 
but was &amp;apos;Little Shop Of Horrors&amp;apos; - comparing &amp;lt;![CDATA[The Business]]&amp;gt; 
at /page-map[1]/sections[1]/page-section[1]/areas[1]/area[3]/modules[1]/module[1]/webElementSetComponentBeans[1]/element-group[4]/links[1]/link[2]/linkText[1]/text()[1] to &amp;lt;![CDATA[Little Shop Of Horrors]]&amp;gt; 
at /page-map[1]/sections[1]/page-section[1]/areas[1]/area[3]/modules[1]/module[1]/webElementSetComponentBeans[1]/element-group[4]/links[1]/link[2]/linkText[1]/text()[1]
***********************

Module:[FL01-default]***********************
Expected CDATA section value &amp;apos;http://test.film4.com/reviews/2005/the-business&amp;apos; 
but was &amp;apos;http://test.film4.com/reviews/1986/little-shop-of-horrors&amp;apos; - comparing &amp;lt;![CDATA[http://test.film4.com/reviews/2005/the-business]]&amp;gt; 
at /page-map[1]/sections[1]/page-section[1]/areas[1]/area[3]/modules[1]/module[1]/webElementSetComponentBeans[1]/element-group[4]/links[1]/link[2]/href[1]/text()[1] to &amp;lt;![CDATA[http://test.film4.com/reviews/1986/little-shop-of-horrors]]&amp;gt; 
at /page-map[1]/sections[1]/page-section[1]/areas[1]/area[3]/modules[1]/module[1]/webElementSetComponentBeans[1]/element-group[4]/links[1]/link[2]/href[1]/text()[1]
***********************

Module:[FL01-default]***********************
Expected CDATA section value &amp;apos;http://test.film4.com/reviews/2005/the-business&amp;apos; 
but was &amp;apos;http://test.film4.com/reviews/1986/little-shop-of-horrors&amp;apos; - comparing &amp;lt;![CDATA[http://test.film4.com/reviews/2005/the-business]]&amp;gt; 
at /page-map[1]/sections[1]/page-section[1]/areas[1]/area[3]/modules[1]/module[1]/webElementSetComponentBeans[1]/element-group[4]/imageLinks[1]/picture-link[1]/href[1]/text()[1] to &amp;lt;![CDATA[http://test.film4.com/reviews/1986/little-shop-of-horrors]]&amp;gt; 
at /page-map[1]/sections[1]/page-section[1]/areas[1]/area[3]/modules[1]/module[1]/webElementSetComponentBeans[1]/element-group[4]/imageLinks[1]/picture-link[1]/href[1]/text()[1]
***********************

Module:[FL01-default]***********************
Expected CDATA section value &amp;apos;http://test.film4.com/media/images/Channel4/Film4/2000s/B/the-business_MED.jpg&amp;apos; 
but was &amp;apos;http://test.film4.com/media/images/Channel4/film/L/little_shop_of_horrors_1960_xl_01--film-A_MED.jpg&amp;apos; - comparing &amp;lt;![CDATA[http://test.film4.com/media/images/Channel4/Film4/2000s/B/the-business_MED.jpg]]&amp;gt; 
at /page-map[1]/sections[1]/page-section[1]/areas[1]/area[3]/modules[1]/module[1]/webElementSetComponentBeans[1]/element-group[4]/imageLinks[1]/picture-link[1]/src[1]/text()[1] to &amp;lt;![CDATA[http://test.film4.com/media/images/Channel4/film/L/little_shop_of_horrors_1960_xl_01--film-A_MED.jpg]]&amp;gt; 
at /page-map[1]/sections[1]/page-section[1]/areas[1]/area[3]/modules[1]/module[1]/webElementSetComponentBeans[1]/element-group[4]/imageLinks[1]/picture-link[1]/src[1]/text()[1]
***********************

Module:[FL01-default]***********************
Expected text value &amp;apos;100&amp;apos; 
but was &amp;apos;52&amp;apos; - comparing &amp;lt;height ...&amp;gt;100&amp;lt;/height&amp;gt; 
at /page-map[1]/sections[1]/page-section[1]/areas[1]/area[3]/modules[1]/module[1]/webElementSetComponentBeans[1]/element-group[4]/imageLinks[1]/picture-link[1]/height[1]/text()[1] to &amp;lt;height ...&amp;gt;52&amp;lt;/height&amp;gt; 
at /page-map[1]/sections[1]/page-section[1]/areas[1]/area[3]/modules[1]/module[1]/webElementSetComponentBeans[1]/element-group[4]/imageLinks[1]/picture-link[1]/height[1]/text()[1]
***********************

Module:[FL01-default]***********************
Expected CDATA section value &amp;apos;A young London tearaway gets embroiled with British gangsters on the Costa...&amp;apos; 
but was &amp;apos;Frank Oz&amp;apos;s freaky, off-beat doo-wop musical about a lovesick florist and...&amp;apos; - comparing &amp;lt;![CDATA[A young London tearaway gets embroiled with British gangsters on the Costa...]]&amp;gt; 
at /page-map[1]/sections[1]/page-section[1]/areas[1]/area[3]/modules[1]/module[1]/webElementSetComponentBeans[1]/element-group[4]/textBlocks[1]/text-block[1]/text[1]/text()[1] to &amp;lt;![CDATA[Frank Oz&amp;apos;s freaky, off-beat doo-wop musical about a lovesick florist and...]]&amp;gt; 
at /page-map[1]/sections[1]/page-section[1]/areas[1]/area[3]/modules[1]/module[1]/webElementSetComponentBeans[1]/element-group[4]/textBlocks[1]/text-block[1]/text[1]/text()[1]
***********************

Module:[FL01-default]***********************
Expected CDATA section value &amp;apos;The Business&amp;apos; 
but was &amp;apos;Little Shop Of Horrors&amp;apos; - comparing &amp;lt;![CDATA[The Business]]&amp;gt; 
at /page-map[1]/sections[1]/page-section[1]/areas[1]/area[3]/modules[1]/module[1]/webElementSetComponentBeans[1]/element-group[4]/textBlocks[1]/text-block[2]/text[1]/text()[1] to &amp;lt;![CDATA[Little Shop Of Horrors]]&amp;gt; 
at /page-map[1]/sections[1]/page-section[1]/areas[1]/area[3]/modules[1]/module[1]/webElementSetComponentBeans[1]/element-group[4]/textBlocks[1]/text-block[2]/text[1]/text()[1]
***********************

Module:[FL01-default]***********************
Expected CDATA section value &amp;apos;http://test.film4.com/reviews/2012/prometheus#&amp;apos; 
but was &amp;apos;http://test.film4.com/reviews/2012/prometheus?ad3#&amp;apos; - comparing &amp;lt;![CDATA[http://test.film4.com/reviews/2012/prometheus#]]&amp;gt; 
at /page-map[1]/sections[1]/page-section[1]/areas[1]/area[3]/modules[1]/module[1]/webElementSetComponentBeans[1]/element-group[5]/links[1]/link[1]/href[1]/text()[1] to &amp;lt;![CDATA[http://test.film4.com/reviews/2012/prometheus?ad3#]]&amp;gt; 
at /page-map[1]/sections[1]/page-section[1]/areas[1]/area[3]/modules[1]/module[1]/webElementSetComponentBeans[1]/element-group[5]/links[1]/link[1]/href[1]/text()[1]
***********************

Module:[FL01-default]***********************
Expected CDATA section value &amp;apos;Treasure Planet&amp;apos; 
but was &amp;apos;At the Earth&amp;apos;s Core&amp;apos; - comparing &amp;lt;![CDATA[Treasure Planet]]&amp;gt; 
at /page-map[1]/sections[1]/page-section[1]/areas[1]/area[3]/modules[1]/module[1]/webElementSetComponentBeans[1]/element-group[5]/links[1]/link[2]/linkText[1]/text()[1] to &amp;lt;![CDATA[At the Earth&amp;apos;s Core]]&amp;gt; 
at /page-map[1]/sections[1]/page-section[1]/areas[1]/area[3]/modules[1]/module[1]/webElementSetComponentBeans[1]/element-group[5]/links[1]/link[2]/linkText[1]/text()[1]
***********************

Module:[FL01-default]***********************
Expected CDATA section value &amp;apos;http://test.film4.com/reviews/2002/treasure-planet&amp;apos; 
but was &amp;apos;http://test.film4.com/reviews/1976/at-the-earths-core&amp;apos; - comparing &amp;lt;![CDATA[http://test.film4.com/reviews/2002/treasure-planet]]&amp;gt; 
at /page-map[1]/sections[1]/page-section[1]/areas[1]/area[3]/modules[1]/module[1]/webElementSetComponentBeans[1]/element-group[5]/links[1]/link[2]/href[1]/text()[1] to &amp;lt;![CDATA[http://test.film4.com/reviews/1976/at-the-earths-core]]&amp;gt; 
at /page-map[1]/sections[1]/page-section[1]/areas[1]/area[3]/modules[1]/module[1]/webElementSetComponentBeans[1]/element-group[5]/links[1]/link[2]/href[1]/text()[1]
***********************

Module:[FL01-default]***********************
Expected CDATA section value &amp;apos;http://test.film4.com/reviews/2002/treasure-planet&amp;apos; 
but was &amp;apos;http://test.film4.com/reviews/1976/at-the-earths-core&amp;apos; - comparing &amp;lt;![CDATA[http://test.film4.com/reviews/2002/treasure-planet]]&amp;gt; 
at /page-map[1]/sections[1]/page-section[1]/areas[1]/area[3]/modules[1]/module[1]/webElementSetComponentBeans[1]/element-group[5]/imageLinks[1]/picture-link[1]/href[1]/text()[1] to &amp;lt;![CDATA[http://test.film4.com/reviews/1976/at-the-earths-core]]&amp;gt; 
at /page-map[1]/sections[1]/page-section[1]/areas[1]/area[3]/modules[1]/module[1]/webElementSetComponentBeans[1]/element-group[5]/imageLinks[1]/picture-link[1]/href[1]/text()[1]
***********************

Module:[FL01-default]***********************
Expected CDATA section value &amp;apos;http://test.film4.com/media/images/Film4/images/film/treasure-planet-2003/treasure-planet-2003-01_MED.jpg&amp;apos; 
but was &amp;apos;http://test.film4.com/media/images/Film4/images/A/at-the-earths-core-1976-01_MED.jpg&amp;apos; - comparing &amp;lt;![CDATA[http://test.film4.com/media/images/Film4/images/film/treasure-planet-2003/treasure-planet-2003-01_MED.jpg]]&amp;gt; 
at /page-map[1]/sections[1]/page-section[1]/areas[1]/area[3]/modules[1]/module[1]/webElementSetComponentBeans[1]/element-group[5]/imageLinks[1]/picture-link[1]/src[1]/text()[1] to &amp;lt;![CDATA[http://test.film4.com/media/images/Film4/images/A/at-the-earths-core-1976-01_MED.jpg]]&amp;gt; 
at /page-map[1]/sections[1]/page-section[1]/areas[1]/area[3]/modules[1]/module[1]/webElementSetComponentBeans[1]/element-group[5]/imageLinks[1]/picture-link[1]/src[1]/text()[1]
***********************

Module:[FL01-default]***********************
Expected text value &amp;apos;101&amp;apos; 
but was &amp;apos;76&amp;apos; - comparing &amp;lt;height ...&amp;gt;101&amp;lt;/height&amp;gt; 
at /page-map[1]/sections[1]/page-section[1]/areas[1]/area[3]/modules[1]/module[1]/webElementSetComponentBeans[1]/element-group[5]/imageLinks[1]/picture-link[1]/height[1]/text()[1] to &amp;lt;height ...&amp;gt;76&amp;lt;/height&amp;gt; 
at /page-map[1]/sections[1]/page-section[1]/areas[1]/area[3]/modules[1]/module[1]/webElementSetComponentBeans[1]/element-group[5]/imageLinks[1]/picture-link[1]/height[1]/text()[1]
***********************

Module:[FL01-default]***********************
Expected CDATA section value &amp;apos;Disney reworks Robert Louis Stevenson&amp;apos;s Treasure Island as an intergalactic...&amp;apos; 
but was &amp;apos;Sequel to The Land that Time Forgot, this has Cushing travel to the centre...&amp;apos; - comparing &amp;lt;![CDATA[Disney reworks Robert Louis Stevenson&amp;apos;s Treasure Island as an intergalactic...]]&amp;gt; 
at /page-map[1]/sections[1]/page-section[1]/areas[1]/area[3]/modules[1]/module[1]/webElementSetComponentBeans[1]/element-group[5]/textBlocks[1]/text-block[1]/text[1]/text()[1] to &amp;lt;![CDATA[Sequel to The Land that Time Forgot, this has Cushing travel to the centre...]]&amp;gt; 
at /page-map[1]/sections[1]/page-section[1]/areas[1]/area[3]/modules[1]/module[1]/webElementSetComponentBeans[1]/element-group[5]/textBlocks[1]/text-block[1]/text[1]/text()[1]
***********************

Module:[FL01-default]***********************
Expected CDATA section value &amp;apos;Treasure Planet&amp;apos; 
but was &amp;apos;At the Earth&amp;apos;s Core&amp;apos; - comparing &amp;lt;![CDATA[Treasure Planet]]&amp;gt; 
at /page-map[1]/sections[1]/page-section[1]/areas[1]/area[3]/modules[1]/module[1]/webElementSetComponentBeans[1]/element-group[5]/textBlocks[1]/text-block[2]/text[1]/text()[1] to &amp;lt;![CDATA[At the Earth&amp;apos;s Core]]&amp;gt; 
at /page-map[1]/sections[1]/page-section[1]/areas[1]/area[3]/modules[1]/module[1]/webElementSetComponentBeans[1]/element-group[5]/textBlocks[1]/text-block[2]/text[1]/text()[1]
***********************

Module:[FL01-default]***********************
Expected CDATA section value &amp;apos;http://test.film4.com/reviews/2012/prometheus#&amp;apos; 
but was &amp;apos;http://test.film4.com/reviews/2012/prometheus?ad3#&amp;apos; - comparing &amp;lt;![CDATA[http://test.film4.com/reviews/2012/prometheus#]]&amp;gt; 
at /page-map[1]/sections[1]/page-section[1]/areas[1]/area[3]/modules[1]/module[1]/webElementSetComponentBeans[1]/element-group[6]/links[1]/link[1]/href[1]/text()[1] to &amp;lt;![CDATA[http://test.film4.com/reviews/2012/prometheus?ad3#]]&amp;gt; 
at /page-map[1]/sections[1]/page-section[1]/areas[1]/area[3]/modules[1]/module[1]/webElementSetComponentBeans[1]/element-group[6]/links[1]/link[1]/href[1]/text()[1]
***********************

Module:[FL01-default]***********************
Expected CDATA section value &amp;apos;Creeping Flesh, The&amp;apos; 
but was &amp;apos;Simone&amp;apos; - comparing &amp;lt;![CDATA[Creeping Flesh, The]]&amp;gt; 
at /page-map[1]/sections[1]/page-section[1]/areas[1]/area[3]/modules[1]/module[1]/webElementSetComponentBeans[1]/element-group[6]/links[1]/link[2]/linkText[1]/text()[1] to &amp;lt;![CDATA[Simone]]&amp;gt; 
at /page-map[1]/sections[1]/page-section[1]/areas[1]/area[3]/modules[1]/module[1]/webElementSetComponentBeans[1]/element-group[6]/links[1]/link[2]/linkText[1]/text()[1]
***********************

Module:[FL01-default]***********************
Expected CDATA section value &amp;apos;http://test.film4.com/reviews/1973/creeping-flesh-the&amp;apos; 
but was &amp;apos;http://test.film4.com/reviews/2002/simone&amp;apos; - comparing &amp;lt;![CDATA[http://test.film4.com/reviews/1973/creeping-flesh-the]]&amp;gt; 
at /page-map[1]/sections[1]/page-section[1]/areas[1]/area[3]/modules[1]/module[1]/webElementSetComponentBeans[1]/element-group[6]/links[1]/link[2]/href[1]/text()[1] to &amp;lt;![CDATA[http://test.film4.com/reviews/2002/simone]]&amp;gt; 
at /page-map[1]/sections[1]/page-section[1]/areas[1]/area[3]/modules[1]/module[1]/webElementSetComponentBeans[1]/element-group[6]/links[1]/link[2]/href[1]/text()[1]
***********************

Module:[FL01-default]***********************
Expected CDATA section value &amp;apos;http://test.film4.com/reviews/1973/creeping-flesh-the&amp;apos; 
but was &amp;apos;http://test.film4.com/reviews/2002/simone&amp;apos; - comparing &amp;lt;![CDATA[http://test.film4.com/reviews/1973/creeping-flesh-the]]&amp;gt; 
at /page-map[1]/sections[1]/page-section[1]/areas[1]/area[3]/modules[1]/module[1]/webElementSetComponentBeans[1]/element-group[6]/imageLinks[1]/picture-link[1]/href[1]/text()[1] to &amp;lt;![CDATA[http://test.film4.com/reviews/2002/simone]]&amp;gt; 
at /page-map[1]/sections[1]/page-section[1]/areas[1]/area[3]/modules[1]/module[1]/webElementSetComponentBeans[1]/element-group[6]/imageLinks[1]/picture-link[1]/href[1]/text()[1]
***********************

Module:[FL01-default]***********************
Expected CDATA section value &amp;apos;http://test.film4.com/media/images/Film4/film4-default-image_MED.jpg&amp;apos; 
but was &amp;apos;http://test.film4.com/media/images/Film4/images/film/simone-2002/simone-2002-01_MED.jpg&amp;apos; - comparing &amp;lt;![CDATA[http://test.film4.com/media/images/Film4/film4-default-image_MED.jpg]]&amp;gt; 
at /page-map[1]/sections[1]/page-section[1]/areas[1]/area[3]/modules[1]/module[1]/webElementSetComponentBeans[1]/element-group[6]/imageLinks[1]/picture-link[1]/src[1]/text()[1] to &amp;lt;![CDATA[http://test.film4.com/media/images/Film4/images/film/simone-2002/simone-2002-01_MED.jpg]]&amp;gt; 
at /page-map[1]/sections[1]/page-section[1]/areas[1]/area[3]/modules[1]/module[1]/webElementSetComponentBeans[1]/element-group[6]/imageLinks[1]/picture-link[1]/src[1]/text()[1]
***********************

Module:[FL01-default]***********************
Expected text value &amp;apos;178&amp;apos; 
but was &amp;apos;179&amp;apos; - comparing &amp;lt;width ...&amp;gt;178&amp;lt;/width&amp;gt; 
at /page-map[1]/sections[1]/page-section[1]/areas[1]/area[3]/modules[1]/module[1]/webElementSetComponentBeans[1]/element-group[6]/imageLinks[1]/picture-link[1]/width[1]/text()[1] to &amp;lt;width ...&amp;gt;179&amp;lt;/width&amp;gt; 
at /page-map[1]/sections[1]/page-section[1]/areas[1]/area[3]/modules[1]/module[1]/webElementSetComponentBeans[1]/element-group[6]/imageLinks[1]/picture-link[1]/width[1]/text()[1]
***********************

Module:[FL01-default]***********************
Expected text value &amp;apos;100&amp;apos; 
but was &amp;apos;101&amp;apos; - comparing &amp;lt;height ...&amp;gt;100&amp;lt;/height&amp;gt; 
at /page-map[1]/sections[1]/page-section[1]/areas[1]/area[3]/modules[1]/module[1]/webElementSetComponentBeans[1]/element-group[6]/imageLinks[1]/picture-link[1]/height[1]/text()[1] to &amp;lt;height ...&amp;gt;101&amp;lt;/height&amp;gt; 
at /page-map[1]/sections[1]/page-section[1]/areas[1]/area[3]/modules[1]/module[1]/webElementSetComponentBeans[1]/element-group[6]/imageLinks[1]/picture-link[1]/height[1]/text()[1]
***********************

Module:[FL01-default]***********************
Expected CDATA section value &amp;apos;synopsis&amp;apos; 
but was &amp;apos;Washed-up Hollywood director Al Pacino sets out to fool the world with a...&amp;apos; - comparing &amp;lt;![CDATA[synopsis]]&amp;gt; 
at /page-map[1]/sections[1]/page-section[1]/areas[1]/area[3]/modules[1]/module[1]/webElementSetComponentBeans[1]/element-group[6]/textBlocks[1]/text-block[1]/text[1]/text()[1] to &amp;lt;![CDATA[Washed-up Hollywood director Al Pacino sets out to fool the world with a...]]&amp;gt; 
at /page-map[1]/sections[1]/page-section[1]/areas[1]/area[3]/modules[1]/module[1]/webElementSetComponentBeans[1]/element-group[6]/textBlocks[1]/text-block[1]/text[1]/text()[1]
***********************

Module:[FL01-default]***********************
Expected CDATA section value &amp;apos;Creeping Flesh, The&amp;apos; 
but was &amp;apos;Simone&amp;apos; - comparing &amp;lt;![CDATA[Creeping Flesh, The]]&amp;gt; 
at /page-map[1]/sections[1]/page-section[1]/areas[1]/area[3]/modules[1]/module[1]/webElementSetComponentBeans[1]/element-group[6]/textBlocks[1]/text-block[2]/text[1]/text()[1] to &amp;lt;![CDATA[Simone]]&amp;gt; 
at /page-map[1]/sections[1]/page-section[1]/areas[1]/area[3]/modules[1]/module[1]/webElementSetComponentBeans[1]/element-group[6]/textBlocks[1]/text-block[2]/text[1]/text()[1]
***********************

Module:[SN02]***********************
Expected CDATA section value &amp;apos;http://test.film4.com/reviews/2012/prometheus#&amp;apos; 
but was &amp;apos;http://test.film4.com/reviews/2012/prometheus?ad3#&amp;apos; - comparing &amp;lt;![CDATA[http://test.film4.com/reviews/2012/prometheus#]]&amp;gt; 
at /page-map[1]/sections[1]/page-section[2]/areas[1]/area[1]/modules[1]/module[4]/webElementSetComponentBeans[1]/element-group[1]/imageLinks[1]/picture-link[1]/href[1]/text()[1] to &amp;lt;![CDATA[http://test.film4.com/reviews/2012/prometheus?ad3#]]&amp;gt; 
at /page-map[1]/sections[1]/page-section[2]/areas[1]/area[1]/modules[1]/module[4]/webElementSetComponentBeans[1]/element-group[1]/imageLinks[1]/picture-link[1]/href[1]/text()[1]
***********************

Module:[SN02]***********************
Expected CDATA section value &amp;apos;http://test.film4.com/reviews/2012/prometheus#&amp;apos; 
but was &amp;apos;http://test.film4.com/reviews/2012/prometheus?ad3#&amp;apos; - comparing &amp;lt;![CDATA[http://test.film4.com/reviews/2012/prometheus#]]&amp;gt; 
at /page-map[1]/sections[1]/page-section[2]/areas[1]/area[1]/modules[1]/module[4]/webElementSetComponentBeans[1]/element-group[1]/imageLinks[1]/picture-link[2]/href[1]/text()[1] to &amp;lt;![CDATA[http://test.film4.com/reviews/2012/prometheus?ad3#]]&amp;gt; 
at /page-map[1]/sections[1]/page-section[2]/areas[1]/area[1]/modules[1]/module[4]/webElementSetComponentBeans[1]/element-group[1]/imageLinks[1]/picture-link[2]/href[1]/text()[1]
***********************

Module:[SN02]***********************
Expected CDATA section value &amp;apos;http://test.film4.com/reviews/2012/prometheus#&amp;apos; 
but was &amp;apos;http://test.film4.com/reviews/2012/prometheus?ad3#&amp;apos; - comparing &amp;lt;![CDATA[http://test.film4.com/reviews/2012/prometheus#]]&amp;gt; 
at /page-map[1]/sections[1]/page-section[2]/areas[1]/area[1]/modules[1]/module[4]/webElementSetComponentBeans[1]/element-group[1]/imageLinks[1]/picture-link[3]/href[1]/text()[1] to &amp;lt;![CDATA[http://test.film4.com/reviews/2012/prometheus?ad3#]]&amp;gt; 
[...]
***********************

Module:[FL01-grid]***********************
Expected CDATA section value &amp;apos;http://test.film4.com/1/f4-special-features?wwq#&amp;apos; 
but was &amp;apos;http://test.film4.com/1/f4-special-features?ww3aq#&amp;apos; - comparing &amp;lt;![CDATA[http://test.film4.com/1/f4-special-features?wwq#]]&amp;gt; 
at /page-map[1]/sections[1]/page-section[1]/areas[1]/area[3]/modules[1]/module[1]/webElementSetComponentBeans[1]/element-group[3]/links[1]/link[1]/href[1]/text()[1] to &amp;lt;![CDATA[http://test.film4.com/1/f4-special-features?ww3aq#]]&amp;gt; 
at /page-map[1]/sections[1]/page-section[1]/areas[1]/area[3]/modules[1]/module[1]/webElementSetComponentBeans[1]/element-group[3]/links[1]/link[1]/href[1]/text()[1]
***********************

Module:[FL01-grid]***********************
Expected CDATA section value &amp;apos;http://test.film4.com/1/f4-special-features?wwq#&amp;apos; 
but was &amp;apos;http://test.film4.com/1/f4-special-features?ww3aq#&amp;apos; - comparing &amp;lt;![CDATA[http://test.film4.com/1/f4-special-features?wwq#]]&amp;gt; 
at /page-map[1]/sections[1]/page-section[1]/areas[1]/area[3]/modules[1]/module[1]/webElementSetComponentBeans[1]/element-group[4]/links[1]/link[1]/href[1]/text()[1] to &amp;lt;![CDATA[http://test.film4.com/1/f4-special-features?ww3aq#]]&amp;gt; 
at /page-map[1]/sections[1]/page-section[1]/areas[1]/area[3]/modules[1]/module[1]/webElementSetComponentBeans[1]/element-group[4]/links[1]/link[1]/href[1]/text()[1]
***********************

Module:[SN02]***********************
Expected CDATA section value &amp;apos;http://test.film4.com/1/f4-special-features?wwq#&amp;apos; 
but was &amp;apos;http://test.film4.com/1/f4-special-features?ww3aq#&amp;apos; - comparing &amp;lt;![CDATA[http://test.film4.com/1/f4-special-features?wwq#]]&amp;gt; 
at /page-map[1]/sections[1]/page-section[2]/areas[1]/area[1]/modules[1]/module[3]/webElementSetComponentBeans[1]/element-group[1]/imageLinks[1]/picture-link[1]/href[1]/text()[1] to &amp;lt;![CDATA[http://test.film4.com/1/f4-special-features?ww3aq#]]&amp;gt; 
at /page-map[1]/sections[1]/page-section[2]/areas[1]/area[1]/modules[1]/module[3]/webElementSetComponentBeans[1]/element-group[1]/imageLinks[1]/picture-link[1]/href[1]/text()[1]
***********************

Module:[SN02]***********************
Expected CDATA section value &amp;apos;http://test.film4.com/1/f4-special-features?wwq#&amp;apos; 
but was &amp;apos;http://test.film4.com/1/f4-special-features?ww3aq#&amp;apos; - comparing &amp;lt;![CDATA[http://test.film4.com/1/f4-special-features?wwq#]]&amp;gt; 
at /page-map[1]/sections[1]/page-section[2]/areas[1]/area[1]/modules[1]/module[3]/webElementSetComponentBeans[1]/element-group[1]/imageLinks[1]/picture-link[2]/href[1]/text()[1] to &amp;lt;![CDATA[http://test.film4.com/1/f4-special-features?ww3aq#]]&amp;gt; 
at /page-map[1]/sections[1]/page-section[2]/areas[1]/area[1]/modules[1]/module[3]/webElementSetComponentBeans[1]/element-group[1]/imageLinks[1]/picture-link[2]/href[1]/text()[1]
***********************

Module:[SN02]***********************
Expected CDATA section value &amp;apos;http://test.film4.com/1/f4-special-features?wwq#&amp;apos; 
but was &amp;apos;http://test.film4.com/1/f4-special-features?ww3aq#&amp;apos; - comparing &amp;lt;![CDATA[http://test.film4.com/1/f4-special-features?wwq#]]&amp;gt; 
at /page-map[1]/sections[1]/page-section[2]/areas[1]/area[1]/modules[1]/module[3]/webElementSetComponentBeans[1]/element-group[1]/imageLinks[1]/picture-link[3]/href[1]/text()[1] to &amp;lt;![CDATA[http://test.film4.com/1/f4-special-features?ww3aq#]]&amp;gt; 
at /page-map[1]/sections[1]/page-section[2]/areas[1]/area[1]/modules[1]/module[3]/webElementSetComponentBeans[1]/element-group[1]/imageLinks[1]/picture-link[3]/href[1]/text()[1]
***********************

Module:[SN02]***********************
Expected CDATA section value &amp;apos;http://test.film4.com/1/f4-special-features?wwq#&amp;apos; 
but was &amp;apos;http://test.film4.com/1/f4-special-features?ww3aq#&amp;apos; - comparing &amp;lt;![CDATA[http://test.film4.com/1/f4-special-features?wwq#]]&amp;gt; 
at /page-map[1]/sections[1]/page-section[2]/areas[1]/area[1]/modules[1]/module[3]/webElementSetComponentBeans[1]/element-group[1]/imageLinks[1]/picture-link[4]/href[1]/text()[1] to &amp;lt;![CDATA[http://test.film4.com/1/f4-special-features?ww3aq#]]&amp;gt; 
at /page-map[1]/sections[1]/page-section[2]/areas[1]/area[1]/modules[1]/module[3]/webElementSetComponentBeans[1]/element-group[1]/imageLinks[1]/picture-link[4]/href[1]/text()[1]
***********************
">
        <![CDATA[java.lang.AssertionError:
Module:[FL01-grid]***********************
Expected CDATA section value 'http://test.film4.com/1/f4-special-features?wwq#' 
but was 'http://test.film4.com/1/f4-special-features?ww3aq#' - comparing <![CDATA[http://test.film4.com/1/f4-special-features?wwq#]]]]>
        <![CDATA[>
at /page-map[1]/sections[1]/page-section[1]/areas[1]/area[1]/modules[1]/module[1]/webElementSetComponentBeans[1]/element-group[1]/links[1]/link[1]/href[1]/text()[1] to <![CDATA[http://test.film4.com/1/f4-special-features?ww3aq#]]]]>
        <![CDATA[>
at /page-map[1]/sections[1]/page-section[1]/areas[1]/area[1]/modules[1]/module[1]/webElementSetComponentBeans[1]/element-group[1]/links[1]/link[1]/href[1]/text()[1]
***********************

Module:[FL01-grid]***********************
Expected CDATA section value 'http://test.film4.com/1/f4-special-features?wwq#' 
but was 'http://test.film4.com/1/f4-special-features?ww3aq#' - comparing <![CDATA[http://test.film4.com/1/f4-special-features?wwq#]]]]>
        <![CDATA[>
at /page-map[1]/sections[1]/page-section[1]/areas[1]/area[1]/modules[1]/module[1]/webElementSetComponentBeans[1]/element-group[2]/links[1]/link[1]/href[1]/text()[1] to <![CDATA[http://test.film4.com/1/f4-special-features?ww3aq#]]]]>
        <![CDATA[>
at /page-map[1]/sections[1]/page-section[1]/areas[1]/area[1]/modules[1]/module[1]/webElementSetComponentBeans[1]/element-group[2]/links[1]/link[1]/href[1]/text()[1]
***********************

Module:[FL01-grid]***********************
Expected CDATA section value 'http://test.film4.com/1/f4-special-features?wwq#' 
but was 'http://test.film4.com/1/f4-special-features?ww3aq#' - comparing <![CDATA[http://test.film4.com/1/f4-special-features?wwq#]]]]>
        <![CDATA[>
at /page-map[1]/sections[1]/page-section[1]/areas[1]/area[1]/modules[1]/module[1]/webElementSetComponentBeans[1]/element-group[4]/links[1]/link[1]/href[1]/text()[1] to <![CDATA[http://test.film4.com/1/f4-special-features?ww3aq#]]]]>
        <![CDATA[>
at /page-map[1]/sections[1]/page-section[1]/areas[1]/area[1]/modules[1]/module[1]/webElementSetComponentBeans[1]/element-group[4]/links[1]/link[1]/href[1]/text()[1]
***********************

Module:[FL01-grid]***********************
Expected CDATA section value 'http://test.film4.com/1/f4-special-features?wwq#' 
but was 'http://test.film4.com/1/f4-special-features?ww3aq#' - comparing <![CDATA[http://test.film4.com/1/f4-special-features?wwq#]]]]>
        <![CDATA[>
at /page-map[1]/sections[1]/page-section[1]/areas[1]/area[1]/modules[1]/module[3]/webElementSetComponentBeans[1]/element-group[1]/links[1]/link[1]/href[1]/text()[1] to <![CDATA[http://test.film4.com/1/f4-special-features?ww3aq#]]]]>
        <![CDATA[>
at /page-map[1]/sections[1]/page-section[1]/areas[1]/area[1]/modules[1]/module[3]/webElementSetComponentBeans[1]/element-group[1]/links[1]/link[1]/href[1]/text()[1]
***********************

Module:[FL01-grid]***********************
Expected CDATA section value 'http://test.film4.com/1/f4-special-features?wwq#' 
but was 'http://test.film4.com/1/f4-special-features?ww3aq#' - comparing <![CDATA[http://test.film4.com/1/f4-special-features?wwq#]]]]>
        <![CDATA[>
at /page-map[1]/sections[1]/page-section[1]/areas[1]/area[1]/modules[1]/module[3]/webElementSetComponentBeans[1]/element-group[2]/links[1]/link[1]/href[1]/text()[1] to <![CDATA[http://test.film4.com/1/f4-special-features?ww3aq#]]]]>
        <![CDATA[>
at /page-map[1]/sections[1]/page-section[1]/areas[1]/area[1]/modules[1]/module[3]/webElementSetComponentBeans[1]/element-group[2]/links[1]/link[1]/href[1]/text()[1]
***********************

Module:[FL01-grid]***********************
Expected CDATA section value 'http://test.film4.com/1/f4-special-features?wwq#' 
but was 'http://test.film4.com/1/f4-special-features?ww3aq#' - comparing <![CDATA[http://test.film4.com/1/f4-special-features?wwq#]]]]>
        <![CDATA[>
at /page-map[1]/sections[1]/page-section[1]/areas[1]/area[1]/modules[1]/module[3]/webElementSetComponentBeans[1]/element-group[3]/links[1]/link[1]/href[1]/text()[1] to <![CDATA[http://test.film4.com/1/f4-special-features?ww3aq#]]]]>
        <![CDATA[>
at /page-map[1]/sections[1]/page-section[1]/areas[1]/area[1]/modules[1]/module[3]/webElementSetComponentBeans[1]/element-group[3]/links[1]/link[1]/href[1]/text()[1]
***********************

Module:[FL01-grid]***********************
Expected CDATA section value 'http://test.film4.com/1/f4-special-features?wwq#' 
but was 'http://test.film4.com/1/f4-special-features?ww3aq#' - comparing <![CDATA[http://test.film4.com/1/f4-special-features?wwq#]]]]>
        <![CDATA[>
at /page-map[1]/sections[1]/page-section[1]/areas[1]/area[1]/modules[1]/module[3]/webElementSetComponentBeans[1]/element-group[4]/links[1]/link[1]/href[1]/text()[1] to <![CDATA[http://test.film4.com/1/f4-special-features?ww3aq#]]]]>
        <![CDATA[>
at /page-map[1]/sections[1]/page-section[1]/areas[1]/area[1]/modules[1]/module[3]/webElementSetComponentBeans[1]/element-group[4]/links[1]/link[1]/href[1]/text()[1]
***********************

Module:[FL01-grid]***********************
Expected CDATA section value 'http://test.film4.com/1/f4-special-features?wwq#' 
but was 'http://test.film4.com/1/f4-special-features?ww3aq#' - comparing <![CDATA[http://test.film4.com/1/f4-special-features?wwq#]]]]>
        <![CDATA[>
at /page-map[1]/sections[1]/page-section[1]/areas[1]/area[2]/modules[1]/module[1]/webElementSetComponentBeans[1]/element-group[2]/links[1]/link[1]/href[1]/text()[1] to <![CDATA[http://test.film4.com/1/f4-special-features?ww3aq#]]]]>
        <![CDATA[>
at /page-map[1]/sections[1]/page-section[1]/areas[1]/area[2]/modules[1]/module[1]/webElementSetComponentBeans[1]/element-group[2]/links[1]/link[1]/href[1]/text()[1]
***********************

Module:[FL01-grid]***********************
Expected CDATA section value 'http://test.film4.com/1/f4-special-features?wwq#' 
but was 'http://test.film4.com/1/f4-special-features?ww3aq#' - comparing <![CDATA[http://test.film4.com/1/f4-special-features?wwq#]]]]>
        <![CDATA[>
at /page-map[1]/sections[1]/page-section[1]/areas[1]/area[2]/modules[1]/module[1]/webElementSetComponentBeans[1]/element-group[3]/links[1]/link[1]/href[1]/text()[1] to <![CDATA[http://test.film4.com/1/f4-special-features?ww3aq#]]]]>
        <![CDATA[>
at /page-map[1]/sections[1]/page-section[1]/areas[1]/area[2]/modules[1]/module[1]/webElementSetComponentBeans[1]/element-group[3]/links[1]/link[1]/href[1]/text()[1]
***********************

Module:[FL01-grid]***********************
Expected CDATA section value 'http://test.film4.com/1/f4-special-features?wwq#' 
but was 'http://test.film4.com/1/f4-special-features?ww3aq#' - comparing <![CDATA[http://test.film4.com/1/f4-special-features?wwq#]]]]>
        <![CDATA[>
at /page-map[1]/sections[1]/page-section[1]/areas[1]/area[2]/modules[1]/module[1]/webElementSetComponentBeans[1]/element-group[4]/links[1]/link[1]/href[1]/text()[1] to <![CDATA[http://test.film4.com/1/f4-special-features?ww3aq#]]]]>
        <![CDATA[>
at /page-map[1]/sections[1]/page-section[1]/areas[1]/area[2]/modules[1]/module[1]/webElementSetComponentBeans[1]/element-group[4]/links[1]/link[1]/href[1]/text()[1]
***********************

Module:[FL01-grid]***********************
Expected CDATA section value 'http://test.film4.com/1/f4-special-features?wwq#' 
but was 'http://test.film4.com/1/f4-special-features?ww3aq#' - comparing <![CDATA[http://test.film4.com/1/f4-special-features?wwq#]]]]>
        <![CDATA[>
at /page-map[1]/sections[1]/page-section[1]/areas[1]/area[3]/modules[1]/module[1]/webElementSetComponentBeans[1]/element-group[1]/links[1]/link[1]/href[1]/text()[1] to <![CDATA[http://test.film4.com/1/f4-special-features?ww3aq#]]]]>
        <![CDATA[>
at /page-map[1]/sections[1]/page-section[1]/areas[1]/area[3]/modules[1]/module[1]/webElementSetComponentBeans[1]/element-group[1]/links[1]/link[1]/href[1]/text()[1]
***********************

Module:[FL01-grid]***********************
Expected CDATA section value 'http://test.film4.com/1/f4-special-features?wwq#' 
but was 'http://test.film4.com/1/f4-special-features?ww3aq#' - comparing <![CDATA[http://test.film4.com/1/f4-special-features?wwq#]]]]>
        <![CDATA[>
at /page-map[1]/sections[1]/page-section[1]/areas[1]/area[3]/modules[1]/module[1]/webElementSetComponentBeans[1]/element-group[2]/links[1]/link[1]/href[1]/text()[1] to <![CDATA[http://test.film4.com/1/f4-special-features?ww3aq#]]]]>
        <![CDATA[>
at /page-map[1]/sections[1]/page-section[1]/areas[1]/area[3]/modules[1]/module[1]/webElementSetComponentBeans[1]/element-group[2]/links[1]/link[1]/href[1]/text()[1]
***********************

Module:[FL01-grid]***********************
Expected CDATA section value 'http://test.film4.com/1/f4-special-features?wwq#' 
but was 'http://test.film4.com/1/f4-special-features?ww3aq#' - comparing <![CDATA[http://test.film4.com/1/f4-special-features?wwq#]]]]>
        <![CDATA[>
at /page-map[1]/sections[1]/page-section[1]/areas[1]/area[3]/modules[1]/module[1]/webElementSetComponentBeans[1]/element-group[3]/links[1]/link[1]/href[1]/text()[1] to <![CDATA[http://test.film4.com/1/f4-special-features?ww3aq#]]]]>
        <![CDATA[>
at /page-map[1]/sections[1]/page-section[1]/areas[1]/area[3]/modules[1]/module[1]/webElementSetComponentBeans[1]/element-group[3]/links[1]/link[1]/href[1]/text()[1]
***********************

Module:[FL01-grid]***********************
Expected CDATA section value 'http://test.film4.com/1/f4-special-features?wwq#' 
but was 'http://test.film4.com/1/f4-special-features?ww3aq#' - comparing <![CDATA[http://test.film4.com/1/f4-special-features?wwq#]]]]>
        <![CDATA[>
at /page-map[1]/sections[1]/page-section[1]/areas[1]/area[3]/modules[1]/module[1]/webElementSetComponentBeans[1]/element-group[4]/links[1]/link[1]/href[1]/text()[1] to <![CDATA[http://test.film4.com/1/f4-special-features?ww3aq#]]]]>
        <![CDATA[>
at /page-map[1]/sections[1]/page-section[1]/areas[1]/area[3]/modules[1]/module[1]/webElementSetComponentBeans[1]/element-group[4]/links[1]/link[1]/href[1]/text()[1]
***********************

Module:[SN02]***********************
Expected CDATA section value 'http://test.film4.com/1/f4-special-features?wwq#' 
but was 'http://test.film4.com/1/f4-special-features?ww3aq#' - comparing <![CDATA[http://test.film4.com/1/f4-special-features?wwq#]]]]>
        <![CDATA[>
at /page-map[1]/sections[1]/page-section[2]/areas[1]/area[1]/modules[1]/module[3]/webElementSetComponentBeans[1]/element-group[1]/imageLinks[1]/picture-link[1]/href[1]/text()[1] to <![CDATA[http://test.film4.com/1/f4-special-features?ww3aq#]]]]>
        <![CDATA[>
at /page-map[1]/sections[1]/page-section[2]/areas[1]/area[1]/modules[1]/module[3]/webElementSetComponentBeans[1]/element-group[1]/imageLinks[1]/picture-link[1]/href[1]/text()[1]
***********************

Module:[SN02]***********************
Expected CDATA section value 'http://test.film4.com/1/f4-special-features?wwq#' 
but was 'http://test.film4.com/1/f4-special-features?ww3aq#' - comparing <![CDATA[http://test.film4.com/1/f4-special-features?wwq#]]]]>
        <![CDATA[>
at /page-map[1]/sections[1]/page-section[2]/areas[1]/area[1]/modules[1]/module[3]/webElementSetComponentBeans[1]/element-group[1]/imageLinks[1]/picture-link[2]/href[1]/text()[1] to <![CDATA[http://test.film4.com/1/f4-special-features?ww3aq#]]]]>
        <![CDATA[>
at /page-map[1]/sections[1]/page-section[2]/areas[1]/area[1]/modules[1]/module[3]/webElementSetComponentBeans[1]/element-group[1]/imageLinks[1]/picture-link[2]/href[1]/text()[1]
***********************

Module:[SN02]***********************
Expected CDATA section value 'http://test.film4.com/1/f4-special-features?wwq#' 
but was 'http://test.film4.com/1/f4-special-features?ww3aq#' - comparing <![CDATA[http://test.film4.com/1/f4-special-features?wwq#]]]]>
        <![CDATA[>
at /page-map[1]/sections[1]/page-section[2]/areas[1]/area[1]/modules[1]/module[3]/webElementSetComponentBeans[1]/element-group[1]/imageLinks[1]/picture-link[3]/href[1]/text()[1] to <![CDATA[http://test.film4.com/1/f4-special-features?ww3aq#]]]]>
        <![CDATA[>
at /page-map[1]/sections[1]/page-section[2]/areas[1]/area[1]/modules[1]/module[3]/webElementSetComponentBeans[1]/element-group[1]/imageLinks[1]/picture-link[3]/href[1]/text()[1]
***********************

Module:[SN02]***********************
Expected CDATA section value 'http://test.film4.com/1/f4-special-features?wwq#' 
but was 'http://test.film4.com/1/f4-special-features?ww3aq#' - comparing <![CDATA[http://test.film4.com/1/f4-special-features?wwq#]]]]>
        <![CDATA[>
at /page-map[1]/sections[1]/page-section[2]/areas[1]/area[1]/modules[1]/module[3]/webElementSetComponentBeans[1]/element-group[1]/imageLinks[1]/picture-link[4]/href[1]/text()[1] to <![CDATA[http://test.film4.com/1/f4-special-features?ww3aq#]]]]>
        <![CDATA[>
at /page-map[1]/sections[1]/page-section[2]/areas[1]/area[1]/modules[1]/module[3]/webElementSetComponentBeans[1]/element-group[1]/imageLinks[1]/picture-link[4]/href[1]/text()[1]
***********************

	at com.sharpqa.comparesolution.test.ComparisonTest.testXMLPageObjectMapAgainstExpeted(ComparisonTest.java:54)
	at java.util.concurrent.Executors$RunnableAdapter.call(Executors.java:441)
	at java.util.concurrent.FutureTask$Sync.innerRun(FutureTask.java:303)
	at java.util.concurrent.FutureTask.run(FutureTask.java:138)
	at java.util.concurrent.ThreadPoolExecutor$Worker.runTask(ThreadPoolExecutor.java:886)
	at java.util.concurrent.ThreadPoolExecutor$Worker.run(ThreadPoolExecutor.java:908)
	at java.lang.Thread.run(Thread.java:662)
... Removed 7 stack frames]]>
    </failure>
  </testcase>
  <testcase name="createXMLPageObjectMap on instance null(com.sharpqa.comparesolution.test.ComparisonTest)" time="172.071" classname="com.sharpqa.comparesolution.test.ComparisonTest"/>
  <testcase name="testXMLPageObjectMapAgainstExpeted on instance null(com.sharpqa.comparesolution.test.ComparisonTest)" time="0.06" classname="com.sharpqa.comparesolution.test.ComparisonTest">
    <failure type="java.lang.AssertionError" message="
Module:[]***********************
Expected presence of child nodes to be &amp;apos;false&amp;apos; 
but was &amp;apos;true&amp;apos; - comparing &amp;lt;sections...&amp;gt; 
at /page-map[1]/sections[1] to &amp;lt;sections...&amp;gt; 
at /page-map[1]/sections[1]
***********************
">
        <![CDATA[java.lang.AssertionError:
Module:[]***********************
Expected presence of child nodes to be 'false' 
but was 'true' - comparing <sections...> 
at /page-map[1]/sections[1] to <sections...> 
at /page-map[1]/sections[1]
***********************

	at com.sharpqa.comparesolution.test.ComparisonTest.testXMLPageObjectMapAgainstExpeted(ComparisonTest.java:54)
	at java.util.concurrent.Executors$RunnableAdapter.call(Executors.java:441)
	at java.util.concurrent.FutureTask$Sync.innerRun(FutureTask.java:303)
	at java.util.concurrent.FutureTask.run(FutureTask.java:138)
	at java.util.concurrent.ThreadPoolExecutor$Worker.runTask(ThreadPoolExecutor.java:886)
	at java.util.concurrent.ThreadPoolExecutor$Worker.run(ThreadPoolExecutor.java:908)
	at java.lang.Thread.run(Thread.java:662)
... Removed 7 stack frames]]>
    </failure>
  </testcase>
</testsuite>
