<?xml version="1.0" encoding="UTF-8"?>
<testng-results skipped="0" failed="18" total="36" passed="18">
  <reporter-output>
    <line>
      <![CDATA[createXMLPageObjectMap - url = [http://test.film4.com/landing-grids-leftmiddle3?a3d] id = [landing-grids-leftmiddle3]]]>
    </line>
    <line>
      <![CDATA[createXMLPageObjectMap - url = [http://test.film4.com/landing-grids-leftmiddle?a3d] id = [landing-grids-leftmiddle]]]>
    </line>
    <line>
      <![CDATA[createXMLPageObjectMap - url = [http://test.film4.com/reviews/2012/total-recall?la3i] id = [total-recall]]]>
    </line>
    <line>
      <![CDATA[createXMLPageObjectMap - url = [http://test.film4.com/reviews/2012/iron-sky?as3asdc] id = [hubpagewithrecommendations]]]>
    </line>
    <line>
      <![CDATA[createXMLPageObjectMap - url = [http://test.film4.com/reviews/2012/prometheus?ad3] id = [prometheus]]]>
    </line>
    <line>
      <![CDATA[createXMLPageObjectMap - url = [http://test.film4.com/seasons/british-connection?a3d] id = [british-connection]]]>
    </line>
    <line>
      <![CDATA[createXMLPageObjectMap - url = [http://test.film4.com/special-features/interviews?3ad] id = [interviews]]]>
    </line>
    <line>
      <![CDATA[createXMLPageObjectMap - url = [http://test.film4.com/landing-grids-leftmiddle2?a3d] id = [landing-grids-leftmiddle2]]]>
    </line>
    <line>
      <![CDATA[createXMLPageObjectMap - url = [http://test.film4.com/landing-grids-lefttop?a3da] id = [landing-grids-lefttop]]]>
    </line>
    <line>
      <![CDATA[createXMLPageObjectMap - url = [http://test.film4.com/special-features/5-minute-guides?ad3] id = [5-minute-guides]]]>
    </line>
    <line>
      <![CDATA[Formed XML in [C:\Users\pgandhi\AppData\Local\Temp\\XMLCompareUtility_Film4\test\landing-grids-leftmiddle2/Actual/PageMap.xml]]]>
    </line>
    <line>
      <![CDATA[createXMLPageObjectMap - url = [http://test.film4.com/film4-productions?as3sdc] id = [film4productions]]]>
    </line>
    <line>
      <![CDATA[Formed XML in [C:\Users\pgandhi\AppData\Local\Temp\\XMLCompareUtility_Film4\test\interviews/Actual/PageMap.xml]]]>
    </line>
    <line>
      <![CDATA[createXMLPageObjectMap - url = [http://test.film4.com/?sdea] id = [homePage]]]>
    </line>
    <line>
      <![CDATA[Formed XML in [C:\Users\pgandhi\AppData\Local\Temp\\XMLCompareUtility_Film4\test\prometheus/Actual/PageMap.xml]]]>
    </line>
    <line>
      <![CDATA[createXMLPageObjectMap - url = [http://test.film4.com/film4-productions?deead] id = [productions]]]>
    </line>
    <line>
      <![CDATA[Formed XML in [C:\Users\pgandhi\AppData\Local\Temp\\XMLCompareUtility_Film4\test\landing-grids-leftmiddle3/Actual/PageMap.xml]]]>
    </line>
    <line>
      <![CDATA[createXMLPageObjectMap - url = [http://test.film4.com/ontv?ee] id = [ontv]]]>
    </line>
    <line>
      <![CDATA[Formed XML in [C:\Users\pgandhi\AppData\Local\Temp\\XMLCompareUtility_Film4\test\british-connection/Actual/PageMap.xml]]]>
    </line>
    <line>
      <![CDATA[createXMLPageObjectMap - url = [http://test.film4.com/reviews/2009/district-13-ultimatum?ass3d] id = [hubpage]]]>
    </line>
    <line>
      <![CDATA[Formed XML in [C:\Users\pgandhi\AppData\Local\Temp\\XMLCompareUtility_Film4\test\hubpagewithrecommendations/Actual/PageMap.xml]]]>
    </line>
    <line>
      <![CDATA[createXMLPageObjectMap - url = [http://test.film4.com/reviews/2008/slumdog-millionaire?as3dsc] id = [hubpage-film4production]]]>
    </line>
    <line>
      <![CDATA[Formed XML in [C:\Users\pgandhi\AppData\Local\Temp\\XMLCompareUtility_Film4\test\landing-grids-lefttop/Actual/PageMap.xml]]]>
    </line>
    <line>
      <![CDATA[createXMLPageObjectMap - url = [http://test.film4.com/reviews/2010/the-last-exorcism?aas3dc] id = [hubpage-hasauthor]]]>
    </line>
    <line>
      <![CDATA[Formed XML in [C:\Users\pgandhi\AppData\Local\Temp\\XMLCompareUtility_Film4\test\landing-grids-leftmiddle/Actual/PageMap.xml]]]>
    </line>
    <line>
      <![CDATA[createXMLPageObjectMap - url = [http://test.film4.com/1/f4-special-features?ww3aq] id = [specialfeatures]]]>
    </line>
    <line>
      <![CDATA[Formed XML in [C:\Users\pgandhi\AppData\Local\Temp\\XMLCompareUtility_Film4\test\total-recall/Actual/PageMap.xml]]]>
    </line>
    <line>
      <![CDATA[createXMLPageObjectMap Page object Map of - url = [http://test.film4.com/landing-grids-leftmiddle2?a3d] id = [landing-grids-leftmiddle2]]]>
    </line>
    <line>
      <![CDATA[BROWSER: firefox comparing ACTUAL xml [C:\Users\pgandhi\AppData\Local\Temp\\XMLCompareUtility_Film4\test\landing-grids-leftmiddle2/Actual/PageMap.xml]
 <a href='file:///C:\Users\pgandhi\AppData\Local\Temp\\XMLCompareUtility_Film4\test\landing-grids-leftmiddle2/Actual/PageMap.xml' target='_blank'>ACTUAL</a> against EXPECTED xml [C:\Users\pgandhi\AppData\Local\Temp\\XMLCompareUtility_Film4\test\landing-grids-leftmiddle2/Expected/PageMap.xml]
<a href='file:///C:\Users\pgandhi\AppData\Local\Temp\\XMLCompareUtility_Film4\test\landing-grids-leftmiddle2/Expected/PageMap.xml' target='_blank'>EXPECTED</a>]]>
    </line>
    <line>
      <![CDATA[createXMLPageObjectMap Page object Map of - url = [http://test.film4.com/special-features/interviews?3ad] id = [interviews]]]>
    </line>
    <line>
      <![CDATA[BROWSER: firefox comparing ACTUAL xml [C:\Users\pgandhi\AppData\Local\Temp\\XMLCompareUtility_Film4\test\interviews/Actual/PageMap.xml]
 <a href='file:///C:\Users\pgandhi\AppData\Local\Temp\\XMLCompareUtility_Film4\test\interviews/Actual/PageMap.xml' target='_blank'>ACTUAL</a> against EXPECTED xml [C:\Users\pgandhi\AppData\Local\Temp\\XMLCompareUtility_Film4\test\interviews/Expected/PageMap.xml]
<a href='file:///C:\Users\pgandhi\AppData\Local\Temp\\XMLCompareUtility_Film4\test\interviews/Expected/PageMap.xml' target='_blank'>EXPECTED</a>]]>
    </line>
    <line>
      <![CDATA[createXMLPageObjectMap Page object Map of - url = [http://test.film4.com/reviews/2012/prometheus?ad3] id = [prometheus]]]>
    </line>
    <line>
      <![CDATA[BROWSER: firefox comparing ACTUAL xml [C:\Users\pgandhi\AppData\Local\Temp\\XMLCompareUtility_Film4\test\prometheus/Actual/PageMap.xml]
 <a href='file:///C:\Users\pgandhi\AppData\Local\Temp\\XMLCompareUtility_Film4\test\prometheus/Actual/PageMap.xml' target='_blank'>ACTUAL</a> against EXPECTED xml [C:\Users\pgandhi\AppData\Local\Temp\\XMLCompareUtility_Film4\test\prometheus/Expected/PageMap.xml]
<a href='file:///C:\Users\pgandhi\AppData\Local\Temp\\XMLCompareUtility_Film4\test\prometheus/Expected/PageMap.xml' target='_blank'>EXPECTED</a>]]>
    </line>
    <line>
      <![CDATA[createXMLPageObjectMap Page object Map of - url = [http://test.film4.com/landing-grids-leftmiddle3?a3d] id = [landing-grids-leftmiddle3]]]>
    </line>
    <line>
      <![CDATA[BROWSER: firefox comparing ACTUAL xml [C:\Users\pgandhi\AppData\Local\Temp\\XMLCompareUtility_Film4\test\landing-grids-leftmiddle3/Actual/PageMap.xml]
 <a href='file:///C:\Users\pgandhi\AppData\Local\Temp\\XMLCompareUtility_Film4\test\landing-grids-leftmiddle3/Actual/PageMap.xml' target='_blank'>ACTUAL</a> against EXPECTED xml [C:\Users\pgandhi\AppData\Local\Temp\\XMLCompareUtility_Film4\test\landing-grids-leftmiddle3/Expected/PageMap.xml]
<a href='file:///C:\Users\pgandhi\AppData\Local\Temp\\XMLCompareUtility_Film4\test\landing-grids-leftmiddle3/Expected/PageMap.xml' target='_blank'>EXPECTED</a>]]>
    </line>
    <line>
      <![CDATA[createXMLPageObjectMap Page object Map of - url = [http://test.film4.com/seasons/british-connection?a3d] id = [british-connection]]]>
    </line>
    <line>
      <![CDATA[BROWSER: firefox comparing ACTUAL xml [C:\Users\pgandhi\AppData\Local\Temp\\XMLCompareUtility_Film4\test\british-connection/Actual/PageMap.xml]
 <a href='file:///C:\Users\pgandhi\AppData\Local\Temp\\XMLCompareUtility_Film4\test\british-connection/Actual/PageMap.xml' target='_blank'>ACTUAL</a> against EXPECTED xml [C:\Users\pgandhi\AppData\Local\Temp\\XMLCompareUtility_Film4\test\british-connection/Expected/PageMap.xml]
<a href='file:///C:\Users\pgandhi\AppData\Local\Temp\\XMLCompareUtility_Film4\test\british-connection/Expected/PageMap.xml' target='_blank'>EXPECTED</a>]]>
    </line>
    <line>
      <![CDATA[createXMLPageObjectMap Page object Map of - url = [http://test.film4.com/reviews/2012/iron-sky?as3asdc] id = [hubpagewithrecommendations]]]>
    </line>
    <line>
      <![CDATA[BROWSER: firefox comparing ACTUAL xml [C:\Users\pgandhi\AppData\Local\Temp\\XMLCompareUtility_Film4\test\hubpagewithrecommendations/Actual/PageMap.xml]
 <a href='file:///C:\Users\pgandhi\AppData\Local\Temp\\XMLCompareUtility_Film4\test\hubpagewithrecommendations/Actual/PageMap.xml' target='_blank'>ACTUAL</a> against EXPECTED xml [C:\Users\pgandhi\AppData\Local\Temp\\XMLCompareUtility_Film4\test\hubpagewithrecommendations/Expected/PageMap.xml]
<a href='file:///C:\Users\pgandhi\AppData\Local\Temp\\XMLCompareUtility_Film4\test\hubpagewithrecommendations/Expected/PageMap.xml' target='_blank'>EXPECTED</a>]]>
    </line>
    <line>
      <![CDATA[createXMLPageObjectMap Page object Map of - url = [http://test.film4.com/landing-grids-lefttop?a3da] id = [landing-grids-lefttop]]]>
    </line>
    <line>
      <![CDATA[BROWSER: firefox comparing ACTUAL xml [C:\Users\pgandhi\AppData\Local\Temp\\XMLCompareUtility_Film4\test\landing-grids-lefttop/Actual/PageMap.xml]
 <a href='file:///C:\Users\pgandhi\AppData\Local\Temp\\XMLCompareUtility_Film4\test\landing-grids-lefttop/Actual/PageMap.xml' target='_blank'>ACTUAL</a> against EXPECTED xml [C:\Users\pgandhi\AppData\Local\Temp\\XMLCompareUtility_Film4\test\landing-grids-lefttop/Expected/PageMap.xml]
<a href='file:///C:\Users\pgandhi\AppData\Local\Temp\\XMLCompareUtility_Film4\test\landing-grids-lefttop/Expected/PageMap.xml' target='_blank'>EXPECTED</a>]]>
    </line>
    <line>
      <![CDATA[createXMLPageObjectMap Page object Map of - url = [http://test.film4.com/landing-grids-leftmiddle?a3d] id = [landing-grids-leftmiddle]]]>
    </line>
    <line>
      <![CDATA[BROWSER: firefox comparing ACTUAL xml [C:\Users\pgandhi\AppData\Local\Temp\\XMLCompareUtility_Film4\test\landing-grids-leftmiddle/Actual/PageMap.xml]
 <a href='file:///C:\Users\pgandhi\AppData\Local\Temp\\XMLCompareUtility_Film4\test\landing-grids-leftmiddle/Actual/PageMap.xml' target='_blank'>ACTUAL</a> against EXPECTED xml [C:\Users\pgandhi\AppData\Local\Temp\\XMLCompareUtility_Film4\test\landing-grids-leftmiddle/Expected/PageMap.xml]
<a href='file:///C:\Users\pgandhi\AppData\Local\Temp\\XMLCompareUtility_Film4\test\landing-grids-leftmiddle/Expected/PageMap.xml' target='_blank'>EXPECTED</a>]]>
    </line>
    <line>
      <![CDATA[createXMLPageObjectMap Page object Map of - url = [http://test.film4.com/reviews/2012/total-recall?la3i] id = [total-recall]]]>
    </line>
    <line>
      <![CDATA[BROWSER: firefox comparing ACTUAL xml [C:\Users\pgandhi\AppData\Local\Temp\\XMLCompareUtility_Film4\test\total-recall/Actual/PageMap.xml]
 <a href='file:///C:\Users\pgandhi\AppData\Local\Temp\\XMLCompareUtility_Film4\test\total-recall/Actual/PageMap.xml' target='_blank'>ACTUAL</a> against EXPECTED xml [C:\Users\pgandhi\AppData\Local\Temp\\XMLCompareUtility_Film4\test\total-recall/Expected/PageMap.xml]
<a href='file:///C:\Users\pgandhi\AppData\Local\Temp\\XMLCompareUtility_Film4\test\total-recall/Expected/PageMap.xml' target='_blank'>EXPECTED</a>]]>
    </line>
    <line>
      <![CDATA[Formed XML in [C:\Users\pgandhi\AppData\Local\Temp\\XMLCompareUtility_Film4\test\hubpage-film4production/Actual/PageMap.xml]]]>
    </line>
    <line>
      <![CDATA[createXMLPageObjectMap Page object Map of - url = [http://test.film4.com/reviews/2008/slumdog-millionaire?as3dsc] id = [hubpage-film4production]]]>
    </line>
    <line>
      <![CDATA[BROWSER: firefox comparing ACTUAL xml [C:\Users\pgandhi\AppData\Local\Temp\\XMLCompareUtility_Film4\test\hubpage-film4production/Actual/PageMap.xml]
 <a href='file:///C:\Users\pgandhi\AppData\Local\Temp\\XMLCompareUtility_Film4\test\hubpage-film4production/Actual/PageMap.xml' target='_blank'>ACTUAL</a> against EXPECTED xml [C:\Users\pgandhi\AppData\Local\Temp\\XMLCompareUtility_Film4\test\hubpage-film4production/Expected/PageMap.xml]
<a href='file:///C:\Users\pgandhi\AppData\Local\Temp\\XMLCompareUtility_Film4\test\hubpage-film4production/Expected/PageMap.xml' target='_blank'>EXPECTED</a>]]>
    </line>
    <line>
      <![CDATA[Formed XML in [C:\Users\pgandhi\AppData\Local\Temp\\XMLCompareUtility_Film4\test\5-minute-guides/Actual/PageMap.xml]]]>
    </line>
    <line>
      <![CDATA[createXMLPageObjectMap Page object Map of - url = [http://test.film4.com/special-features/5-minute-guides?ad3] id = [5-minute-guides]]]>
    </line>
    <line>
      <![CDATA[BROWSER: firefox comparing ACTUAL xml [C:\Users\pgandhi\AppData\Local\Temp\\XMLCompareUtility_Film4\test\5-minute-guides/Actual/PageMap.xml]
 <a href='file:///C:\Users\pgandhi\AppData\Local\Temp\\XMLCompareUtility_Film4\test\5-minute-guides/Actual/PageMap.xml' target='_blank'>ACTUAL</a> against EXPECTED xml [C:\Users\pgandhi\AppData\Local\Temp\\XMLCompareUtility_Film4\test\5-minute-guides/Expected/PageMap.xml]
<a href='file:///C:\Users\pgandhi\AppData\Local\Temp\\XMLCompareUtility_Film4\test\5-minute-guides/Expected/PageMap.xml' target='_blank'>EXPECTED</a>]]>
    </line>
    <line>
      <![CDATA[Formed XML in [C:\Users\pgandhi\AppData\Local\Temp\\XMLCompareUtility_Film4\test\hubpage/Actual/PageMap.xml]]]>
    </line>
    <line>
      <![CDATA[createXMLPageObjectMap Page object Map of - url = [http://test.film4.com/reviews/2009/district-13-ultimatum?ass3d] id = [hubpage]]]>
    </line>
    <line>
      <![CDATA[BROWSER: firefox comparing ACTUAL xml [C:\Users\pgandhi\AppData\Local\Temp\\XMLCompareUtility_Film4\test\hubpage/Actual/PageMap.xml]
 <a href='file:///C:\Users\pgandhi\AppData\Local\Temp\\XMLCompareUtility_Film4\test\hubpage/Actual/PageMap.xml' target='_blank'>ACTUAL</a> against EXPECTED xml [C:\Users\pgandhi\AppData\Local\Temp\\XMLCompareUtility_Film4\test\hubpage/Expected/PageMap.xml]
<a href='file:///C:\Users\pgandhi\AppData\Local\Temp\\XMLCompareUtility_Film4\test\hubpage/Expected/PageMap.xml' target='_blank'>EXPECTED</a>]]>
    </line>
    <line>
      <![CDATA[Formed XML in [C:\Users\pgandhi\AppData\Local\Temp\\XMLCompareUtility_Film4\test\hubpage-hasauthor/Actual/PageMap.xml]]]>
    </line>
    <line>
      <![CDATA[createXMLPageObjectMap Page object Map of - url = [http://test.film4.com/reviews/2010/the-last-exorcism?aas3dc] id = [hubpage-hasauthor]]]>
    </line>
    <line>
      <![CDATA[BROWSER: firefox comparing ACTUAL xml [C:\Users\pgandhi\AppData\Local\Temp\\XMLCompareUtility_Film4\test\hubpage-hasauthor/Actual/PageMap.xml]
 <a href='file:///C:\Users\pgandhi\AppData\Local\Temp\\XMLCompareUtility_Film4\test\hubpage-hasauthor/Actual/PageMap.xml' target='_blank'>ACTUAL</a> against EXPECTED xml [C:\Users\pgandhi\AppData\Local\Temp\\XMLCompareUtility_Film4\test\hubpage-hasauthor/Expected/PageMap.xml]
<a href='file:///C:\Users\pgandhi\AppData\Local\Temp\\XMLCompareUtility_Film4\test\hubpage-hasauthor/Expected/PageMap.xml' target='_blank'>EXPECTED</a>]]>
    </line>
    <line>
      <![CDATA[Formed XML in [C:\Users\pgandhi\AppData\Local\Temp\\XMLCompareUtility_Film4\test\homePage/Actual/PageMap.xml]]]>
    </line>
    <line>
      <![CDATA[createXMLPageObjectMap Page object Map of - url = [http://test.film4.com/?sdea] id = [homePage]]]>
    </line>
    <line>
      <![CDATA[BROWSER: firefox comparing ACTUAL xml [C:\Users\pgandhi\AppData\Local\Temp\\XMLCompareUtility_Film4\test\homePage/Actual/PageMap.xml]
 <a href='file:///C:\Users\pgandhi\AppData\Local\Temp\\XMLCompareUtility_Film4\test\homePage/Actual/PageMap.xml' target='_blank'>ACTUAL</a> against EXPECTED xml [C:\Users\pgandhi\AppData\Local\Temp\\XMLCompareUtility_Film4\test\homePage/Expected/PageMap.xml]
<a href='file:///C:\Users\pgandhi\AppData\Local\Temp\\XMLCompareUtility_Film4\test\homePage/Expected/PageMap.xml' target='_blank'>EXPECTED</a>]]>
    </line>
    <line>
      <![CDATA[Formed XML in [C:\Users\pgandhi\AppData\Local\Temp\\XMLCompareUtility_Film4\test\film4productions/Actual/PageMap.xml]]]>
    </line>
    <line>
      <![CDATA[createXMLPageObjectMap Page object Map of - url = [http://test.film4.com/film4-productions?as3sdc] id = [film4productions]]]>
    </line>
    <line>
      <![CDATA[BROWSER: firefox comparing ACTUAL xml [C:\Users\pgandhi\AppData\Local\Temp\\XMLCompareUtility_Film4\test\film4productions/Actual/PageMap.xml]
 <a href='file:///C:\Users\pgandhi\AppData\Local\Temp\\XMLCompareUtility_Film4\test\film4productions/Actual/PageMap.xml' target='_blank'>ACTUAL</a> against EXPECTED xml [C:\Users\pgandhi\AppData\Local\Temp\\XMLCompareUtility_Film4\test\film4productions/Expected/PageMap.xml]
<a href='file:///C:\Users\pgandhi\AppData\Local\Temp\\XMLCompareUtility_Film4\test\film4productions/Expected/PageMap.xml' target='_blank'>EXPECTED</a>]]>
    </line>
    <line>
      <![CDATA[Formed XML in [C:\Users\pgandhi\AppData\Local\Temp\\XMLCompareUtility_Film4\test\productions/Actual/PageMap.xml]]]>
    </line>
    <line>
      <![CDATA[createXMLPageObjectMap Page object Map of - url = [http://test.film4.com/film4-productions?deead] id = [productions]]]>
    </line>
    <line>
      <![CDATA[BROWSER: firefox comparing ACTUAL xml [C:\Users\pgandhi\AppData\Local\Temp\\XMLCompareUtility_Film4\test\productions/Actual/PageMap.xml]
 <a href='file:///C:\Users\pgandhi\AppData\Local\Temp\\XMLCompareUtility_Film4\test\productions/Actual/PageMap.xml' target='_blank'>ACTUAL</a> against EXPECTED xml [C:\Users\pgandhi\AppData\Local\Temp\\XMLCompareUtility_Film4\test\productions/Expected/PageMap.xml]
<a href='file:///C:\Users\pgandhi\AppData\Local\Temp\\XMLCompareUtility_Film4\test\productions/Expected/PageMap.xml' target='_blank'>EXPECTED</a>]]>
    </line>
    <line>
      <![CDATA[Formed XML in [C:\Users\pgandhi\AppData\Local\Temp\\XMLCompareUtility_Film4\test\specialfeatures/Actual/PageMap.xml]]]>
    </line>
    <line>
      <![CDATA[createXMLPageObjectMap Page object Map of - url = [http://test.film4.com/1/f4-special-features?ww3aq] id = [specialfeatures]]]>
    </line>
    <line>
      <![CDATA[BROWSER: firefox comparing ACTUAL xml [C:\Users\pgandhi\AppData\Local\Temp\\XMLCompareUtility_Film4\test\specialfeatures/Actual/PageMap.xml]
 <a href='file:///C:\Users\pgandhi\AppData\Local\Temp\\XMLCompareUtility_Film4\test\specialfeatures/Actual/PageMap.xml' target='_blank'>ACTUAL</a> against EXPECTED xml [C:\Users\pgandhi\AppData\Local\Temp\\XMLCompareUtility_Film4\test\specialfeatures/Expected/PageMap.xml]
<a href='file:///C:\Users\pgandhi\AppData\Local\Temp\\XMLCompareUtility_Film4\test\specialfeatures/Expected/PageMap.xml' target='_blank'>EXPECTED</a>]]>
    </line>
    <line>
      <![CDATA[Formed XML in [C:\Users\pgandhi\AppData\Local\Temp\\XMLCompareUtility_Film4\test\ontv/Actual/PageMap.xml]]]>
    </line>
    <line>
      <![CDATA[createXMLPageObjectMap Page object Map of - url = [http://test.film4.com/ontv?ee] id = [ontv]]]>
    </line>
    <line>
      <![CDATA[BROWSER: firefox comparing ACTUAL xml [C:\Users\pgandhi\AppData\Local\Temp\\XMLCompareUtility_Film4\test\ontv/Actual/PageMap.xml]
 <a href='file:///C:\Users\pgandhi\AppData\Local\Temp\\XMLCompareUtility_Film4\test\ontv/Actual/PageMap.xml' target='_blank'>ACTUAL</a> against EXPECTED xml [C:\Users\pgandhi\AppData\Local\Temp\\XMLCompareUtility_Film4\test\ontv/Expected/PageMap.xml]
<a href='file:///C:\Users\pgandhi\AppData\Local\Temp\\XMLCompareUtility_Film4\test\ontv/Expected/PageMap.xml' target='_blank'>EXPECTED</a>]]>
    </line>
  </reporter-output>
  <suite name="xmlCompareAgainstBaseline" duration-ms="237193" started-at="2012-11-15T17:52:53Z" finished-at="2012-11-15T17:56:50Z">
    <groups>
    </groups>
    <test name="SanityTest" duration-ms="237193" started-at="2012-11-15T17:52:53Z" finished-at="2012-11-15T17:56:50Z">
      <class name="com.sharpqa.comparesolution.test.ComparisonTest">
        <test-method status="PASS" signature="createXMLPageObjectMap()[pri:0, instance:null(com.sharpqa.comparesolution.test.ComparisonTest)]" name="createXMLPageObjectMap" duration-ms="68613" started-at="2012-11-15T17:52:53Z" description="Obtain Page Object Map" finished-at="2012-11-15T17:54:01Z">
        </test-method>
        <test-method status="PASS" signature="createXMLPageObjectMap()[pri:0, instance:null(com.sharpqa.comparesolution.test.ComparisonTest)]" name="createXMLPageObjectMap" duration-ms="81091" started-at="2012-11-15T17:52:53Z" description="Obtain Page Object Map" finished-at="2012-11-15T17:54:14Z">
        </test-method>
        <test-method status="PASS" signature="createXMLPageObjectMap()[pri:0, instance:null(com.sharpqa.comparesolution.test.ComparisonTest)]" name="createXMLPageObjectMap" duration-ms="141515" started-at="2012-11-15T17:52:53Z" description="Obtain Page Object Map" finished-at="2012-11-15T17:55:14Z">
        </test-method>
        <test-method status="PASS" signature="createXMLPageObjectMap()[pri:0, instance:null(com.sharpqa.comparesolution.test.ComparisonTest)]" name="createXMLPageObjectMap" duration-ms="89810" started-at="2012-11-15T17:52:53Z" description="Obtain Page Object Map" finished-at="2012-11-15T17:54:22Z">
        </test-method>
        <test-method status="PASS" signature="createXMLPageObjectMap()[pri:0, instance:null(com.sharpqa.comparesolution.test.ComparisonTest)]" name="createXMLPageObjectMap" duration-ms="64996" started-at="2012-11-15T17:52:53Z" description="Obtain Page Object Map" finished-at="2012-11-15T17:53:58Z">
        </test-method>
        <test-method status="PASS" signature="createXMLPageObjectMap()[pri:0, instance:null(com.sharpqa.comparesolution.test.ComparisonTest)]" name="createXMLPageObjectMap" duration-ms="30514" started-at="2012-11-15T17:52:53Z" description="Obtain Page Object Map" finished-at="2012-11-15T17:53:23Z">
        </test-method>
        <test-method status="PASS" signature="createXMLPageObjectMap()[pri:0, instance:null(com.sharpqa.comparesolution.test.ComparisonTest)]" name="createXMLPageObjectMap" duration-ms="119468" started-at="2012-11-15T17:52:53Z" description="Obtain Page Object Map" finished-at="2012-11-15T17:54:52Z">
        </test-method>
        <test-method status="PASS" signature="createXMLPageObjectMap()[pri:0, instance:null(com.sharpqa.comparesolution.test.ComparisonTest)]" name="createXMLPageObjectMap" duration-ms="52137" started-at="2012-11-15T17:52:53Z" description="Obtain Page Object Map" finished-at="2012-11-15T17:53:45Z">
        </test-method>
        <test-method status="PASS" signature="createXMLPageObjectMap()[pri:0, instance:null(com.sharpqa.comparesolution.test.ComparisonTest)]" name="createXMLPageObjectMap" duration-ms="41453" started-at="2012-11-15T17:52:53Z" description="Obtain Page Object Map" finished-at="2012-11-15T17:53:34Z">
        </test-method>
        <test-method status="PASS" signature="createXMLPageObjectMap()[pri:0, instance:null(com.sharpqa.comparesolution.test.ComparisonTest)]" name="createXMLPageObjectMap" duration-ms="74001" started-at="2012-11-15T17:52:53Z" description="Obtain Page Object Map" finished-at="2012-11-15T17:54:07Z">
        </test-method>
        <test-method status="PASS" signature="createXMLPageObjectMap()[pri:0, instance:null(com.sharpqa.comparesolution.test.ComparisonTest)]" name="createXMLPageObjectMap" duration-ms="182585" started-at="2012-11-15T17:53:23Z" description="Obtain Page Object Map" finished-at="2012-11-15T17:56:26Z">
        </test-method>
        <test-method status="PASS" signature="createXMLPageObjectMap()[pri:0, instance:null(com.sharpqa.comparesolution.test.ComparisonTest)]" name="createXMLPageObjectMap" duration-ms="146179" started-at="2012-11-15T17:53:34Z" description="Obtain Page Object Map" finished-at="2012-11-15T17:56:00Z">
        </test-method>
        <test-method status="PASS" signature="createXMLPageObjectMap()[pri:0, instance:null(com.sharpqa.comparesolution.test.ComparisonTest)]" name="createXMLPageObjectMap" duration-ms="170688" started-at="2012-11-15T17:53:45Z" description="Obtain Page Object Map" finished-at="2012-11-15T17:56:36Z">
        </test-method>
        <test-method status="PASS" signature="createXMLPageObjectMap()[pri:0, instance:null(com.sharpqa.comparesolution.test.ComparisonTest)]" name="createXMLPageObjectMap" duration-ms="172071" started-at="2012-11-15T17:53:58Z" description="Obtain Page Object Map" finished-at="2012-11-15T17:56:50Z">
        </test-method>
        <test-method status="PASS" signature="createXMLPageObjectMap()[pri:0, instance:null(com.sharpqa.comparesolution.test.ComparisonTest)]" name="createXMLPageObjectMap" duration-ms="76904" started-at="2012-11-15T17:54:01Z" description="Obtain Page Object Map" finished-at="2012-11-15T17:55:18Z">
        </test-method>
        <test-method status="PASS" signature="createXMLPageObjectMap()[pri:0, instance:null(com.sharpqa.comparesolution.test.ComparisonTest)]" name="createXMLPageObjectMap" duration-ms="66412" started-at="2012-11-15T17:54:07Z" description="Obtain Page Object Map" finished-at="2012-11-15T17:55:13Z">
        </test-method>
        <test-method status="PASS" signature="createXMLPageObjectMap()[pri:0, instance:null(com.sharpqa.comparesolution.test.ComparisonTest)]" name="createXMLPageObjectMap" duration-ms="93407" started-at="2012-11-15T17:54:14Z" description="Obtain Page Object Map" finished-at="2012-11-15T17:55:47Z">
        </test-method>
        <test-method status="PASS" signature="createXMLPageObjectMap()[pri:0, instance:null(com.sharpqa.comparesolution.test.ComparisonTest)]" name="createXMLPageObjectMap" duration-ms="144004" started-at="2012-11-15T17:54:22Z" description="Obtain Page Object Map" finished-at="2012-11-15T17:56:46Z">
        </test-method>
        <test-method status="FAIL" signature="testXMLPageObjectMapAgainstExpeted()[pri:0, instance:null(com.sharpqa.comparesolution.test.ComparisonTest)]" name="testXMLPageObjectMapAgainstExpeted" duration-ms="11822" started-at="2012-11-15T17:54:52Z" description="compare XMLs with Expected" depends-on-methods="com.sharpqa.comparesolution.test.ComparisonTest.createXMLPageObjectMap" finished-at="2012-11-15T17:55:04Z">
          <exception class="java.lang.AssertionError">
            <message>
              <![CDATA[
Module:[FL01-grid]***********************
Expected CDATA section value 'http://test.film4.com/landing-grids-leftmiddle2#' 
but was 'http://test.film4.com/landing-grids-leftmiddle2?a3d#' - comparing <![CDATA[http://test.film4.com/landing-grids-leftmiddle2#]]]]><![CDATA[> 
at /page-map[1]/sections[1]/page-section[1]/areas[1]/area[1]/modules[1]/module[1]/webElementSetComponentBeans[1]/element-group[2]/links[1]/link[1]/href[1]/text()[1] to <![CDATA[http://test.film4.com/landing-grids-leftmiddle2?a3d#]]]]><![CDATA[> 
at /page-map[1]/sections[1]/page-section[1]/areas[1]/area[1]/modules[1]/module[1]/webElementSetComponentBeans[1]/element-group[2]/links[1]/link[1]/href[1]/text()[1]
***********************

Module:[FL01-grid]***********************
Expected CDATA section value 'http://test.film4.com/landing-grids-leftmiddle2#' 
but was 'http://test.film4.com/landing-grids-leftmiddle2?a3d#' - comparing <![CDATA[http://test.film4.com/landing-grids-leftmiddle2#]]]]><![CDATA[> 
at /page-map[1]/sections[1]/page-section[1]/areas[1]/area[1]/modules[1]/module[1]/webElementSetComponentBeans[1]/element-group[3]/links[1]/link[1]/href[1]/text()[1] to <![CDATA[http://test.film4.com/landing-grids-leftmiddle2?a3d#]]]]><![CDATA[> 
at /page-map[1]/sections[1]/page-section[1]/areas[1]/area[1]/modules[1]/module[1]/webElementSetComponentBeans[1]/element-group[3]/links[1]/link[1]/href[1]/text()[1]
***********************

Module:[FL01-grid]***********************
Expected CDATA section value 'http://test.film4.com/landing-grids-leftmiddle2#' 
but was 'http://test.film4.com/landing-grids-leftmiddle2?a3d#' - comparing <![CDATA[http://test.film4.com/landing-grids-leftmiddle2#]]]]><![CDATA[> 
at /page-map[1]/sections[1]/page-section[1]/areas[1]/area[1]/modules[1]/module[1]/webElementSetComponentBeans[1]/element-group[4]/links[1]/link[1]/href[1]/text()[1] to <![CDATA[http://test.film4.com/landing-grids-leftmiddle2?a3d#]]]]><![CDATA[> 
at /page-map[1]/sections[1]/page-section[1]/areas[1]/area[1]/modules[1]/module[1]/webElementSetComponentBeans[1]/element-group[4]/links[1]/link[1]/href[1]/text()[1]
***********************

Module:[FL01-grid]***********************
Expected CDATA section value 'http://test.film4.com/landing-grids-leftmiddle2#' 
but was 'http://test.film4.com/landing-grids-leftmiddle2?a3d#' - comparing <![CDATA[http://test.film4.com/landing-grids-leftmiddle2#]]]]><![CDATA[> 
at /page-map[1]/sections[1]/page-section[1]/areas[1]/area[1]/modules[1]/module[2]/webElementSetComponentBeans[1]/element-group[2]/links[1]/link[1]/href[1]/text()[1] to <![CDATA[http://test.film4.com/landing-grids-leftmiddle2?a3d#]]]]><![CDATA[> 
at /page-map[1]/sections[1]/page-section[1]/areas[1]/area[1]/modules[1]/module[2]/webElementSetComponentBeans[1]/element-group[2]/links[1]/link[1]/href[1]/text()[1]
***********************

Module:[FL01-grid]***********************
Expected CDATA section value 'http://test.film4.com/landing-grids-leftmiddle2#' 
but was 'http://test.film4.com/landing-grids-leftmiddle2?a3d#' - comparing <![CDATA[http://test.film4.com/landing-grids-leftmiddle2#]]]]><![CDATA[> 
at /page-map[1]/sections[1]/page-section[1]/areas[1]/area[1]/modules[1]/module[2]/webElementSetComponentBeans[1]/element-group[3]/links[1]/link[1]/href[1]/text()[1] to <![CDATA[http://test.film4.com/landing-grids-leftmiddle2?a3d#]]]]><![CDATA[> 
at /page-map[1]/sections[1]/page-section[1]/areas[1]/area[1]/modules[1]/module[2]/webElementSetComponentBeans[1]/element-group[3]/links[1]/link[1]/href[1]/text()[1]
***********************

Module:[FL01-grid]***********************
Expected CDATA section value 'http://test.film4.com/landing-grids-leftmiddle2#' 
but was 'http://test.film4.com/landing-grids-leftmiddle2?a3d#' - comparing <![CDATA[http://test.film4.com/landing-grids-leftmiddle2#]]]]><![CDATA[> 
at /page-map[1]/sections[1]/page-section[1]/areas[1]/area[1]/modules[1]/module[2]/webElementSetComponentBeans[1]/element-group[4]/links[1]/link[1]/href[1]/text()[1] to <![CDATA[http://test.film4.com/landing-grids-leftmiddle2?a3d#]]]]><![CDATA[> 
at /page-map[1]/sections[1]/page-section[1]/areas[1]/area[1]/modules[1]/module[2]/webElementSetComponentBeans[1]/element-group[4]/links[1]/link[1]/href[1]/text()[1]
***********************

Module:[SN02]***********************
Expected CDATA section value 'http://test.film4.com/landing-grids-leftmiddle2#' 
but was 'http://test.film4.com/landing-grids-leftmiddle2?a3d#' - comparing <![CDATA[http://test.film4.com/landing-grids-leftmiddle2#]]]]><![CDATA[> 
at /page-map[1]/sections[1]/page-section[2]/areas[1]/area[1]/modules[1]/module[3]/webElementSetComponentBeans[1]/element-group[1]/imageLinks[1]/picture-link[1]/href[1]/text()[1] to <![CDATA[http://test.film4.com/landing-grids-leftmiddle2?a3d#]]]]><![CDATA[> 
at /page-map[1]/sections[1]/page-section[2]/areas[1]/area[1]/modules[1]/module[3]/webElementSetComponentBeans[1]/element-group[1]/imageLinks[1]/picture-link[1]/href[1]/text()[1]
***********************

Module:[SN02]***********************
Expected CDATA section value 'http://test.film4.com/landing-grids-leftmiddle2#' 
but was 'http://test.film4.com/landing-grids-leftmiddle2?a3d#' - comparing <![CDATA[http://test.film4.com/landing-grids-leftmiddle2#]]]]><![CDATA[> 
at /page-map[1]/sections[1]/page-section[2]/areas[1]/area[1]/modules[1]/module[3]/webElementSetComponentBeans[1]/element-group[1]/imageLinks[1]/picture-link[2]/href[1]/text()[1] to <![CDATA[http://test.film4.com/landing-grids-leftmiddle2?a3d#]]]]><![CDATA[> 
at /page-map[1]/sections[1]/page-section[2]/areas[1]/area[1]/modules[1]/module[3]/webElementSetComponentBeans[1]/element-group[1]/imageLinks[1]/picture-link[2]/href[1]/text()[1]
***********************

Module:[SN02]***********************
Expected CDATA section value 'http://test.film4.com/landing-grids-leftmiddle2#' 
but was 'http://test.film4.com/landing-grids-leftmiddle2?a3d#' - comparing <![CDATA[http://test.film4.com/landing-grids-leftmiddle2#]]]]><![CDATA[> 
at /page-map[1]/sections[1]/page-section[2]/areas[1]/area[1]/modules[1]/module[3]/webElementSetComponentBeans[1]/element-group[1]/imageLinks[1]/picture-link[3]/href[1]/text()[1] to <![CDATA[http://test.film4.com/landing-grids-leftmiddle2?a3d#]]]]><![CDATA[> 
at /page-map[1]/sections[1]/page-section[2]/areas[1]/area[1]/modules[1]/module[3]/webElementSetComponentBeans[1]/element-group[1]/imageLinks[1]/picture-link[3]/href[1]/text()[1]
***********************

Module:[SN02]***********************
Expected CDATA section value 'http://test.film4.com/landing-grids-leftmiddle2#' 
but was 'http://test.film4.com/landing-grids-leftmiddle2?a3d#' - comparing <![CDATA[http://test.film4.com/landing-grids-leftmiddle2#]]]]><![CDATA[> 
at /page-map[1]/sections[1]/page-section[2]/areas[1]/area[1]/modules[1]/module[3]/webElementSetComponentBeans[1]/element-group[1]/imageLinks[1]/picture-link[4]/href[1]/text()[1] to <![CDATA[http://test.film4.com/landing-grids-leftmiddle2?a3d#]]]]><![CDATA[> 
at /page-map[1]/sections[1]/page-section[2]/areas[1]/area[1]/modules[1]/module[3]/webElementSetComponentBeans[1]/element-group[1]/imageLinks[1]/picture-link[4]/href[1]/text()[1]
***********************
]]>
            </message>
            <full-stacktrace>
                <![CDATA[java.lang.AssertionError:
Module:[FL01-grid]***********************
Expected CDATA section value 'http://test.film4.com/landing-grids-leftmiddle2#' 
but was 'http://test.film4.com/landing-grids-leftmiddle2?a3d#' - comparing <![CDATA[http://test.film4.com/landing-grids-leftmiddle2#]]]]>
                <![CDATA[>
at /page-map[1]/sections[1]/page-section[1]/areas[1]/area[1]/modules[1]/module[1]/webElementSetComponentBeans[1]/element-group[2]/links[1]/link[1]/href[1]/text()[1] to <![CDATA[http://test.film4.com/landing-grids-leftmiddle2?a3d#]]]]>
                <![CDATA[>
at /page-map[1]/sections[1]/page-section[1]/areas[1]/area[1]/modules[1]/module[1]/webElementSetComponentBeans[1]/element-group[2]/links[1]/link[1]/href[1]/text()[1]
***********************

Module:[FL01-grid]***********************
Expected CDATA section value 'http://test.film4.com/landing-grids-leftmiddle2#' 
but was 'http://test.film4.com/landing-grids-leftmiddle2?a3d#' - comparing <![CDATA[http://test.film4.com/landing-grids-leftmiddle2#]]]]>
                <![CDATA[>
at /page-map[1]/sections[1]/page-section[1]/areas[1]/area[1]/modules[1]/module[1]/webElementSetComponentBeans[1]/element-group[3]/links[1]/link[1]/href[1]/text()[1] to <![CDATA[http://test.film4.com/landing-grids-leftmiddle2?a3d#]]]]>
                <![CDATA[>
at /page-map[1]/sections[1]/page-section[1]/areas[1]/area[1]/modules[1]/module[1]/webElementSetComponentBeans[1]/element-group[3]/links[1]/link[1]/href[1]/text()[1]
***********************

Module:[FL01-grid]***********************
Expected CDATA section value 'http://test.film4.com/landing-grids-leftmiddle2#' 
but was 'http://test.film4.com/landing-grids-leftmiddle2?a3d#' - comparing <![CDATA[http://test.film4.com/landing-grids-leftmiddle2#]]]]>
                <![CDATA[>
at /page-map[1]/sections[1]/page-section[1]/areas[1]/area[1]/modules[1]/module[1]/webElementSetComponentBeans[1]/element-group[4]/links[1]/link[1]/href[1]/text()[1] to <![CDATA[http://test.film4.com/landing-grids-leftmiddle2?a3d#]]]]>
                <![CDATA[>
at /page-map[1]/sections[1]/page-section[1]/areas[1]/area[1]/modules[1]/module[1]/webElementSetComponentBeans[1]/element-group[4]/links[1]/link[1]/href[1]/text()[1]
***********************

Module:[FL01-grid]***********************
Expected CDATA section value 'http://test.film4.com/landing-grids-leftmiddle2#' 
but was 'http://test.film4.com/landing-grids-leftmiddle2?a3d#' - comparing <![CDATA[http://test.film4.com/landing-grids-leftmiddle2#]]]]>
                <![CDATA[>
at /page-map[1]/sections[1]/page-section[1]/areas[1]/area[1]/modules[1]/module[2]/webElementSetComponentBeans[1]/element-group[2]/links[1]/link[1]/href[1]/text()[1] to <![CDATA[http://test.film4.com/landing-grids-leftmiddle2?a3d#]]]]>
                <![CDATA[>
at /page-map[1]/sections[1]/page-section[1]/areas[1]/area[1]/modules[1]/module[2]/webElementSetComponentBeans[1]/element-group[2]/links[1]/link[1]/href[1]/text()[1]
***********************

Module:[FL01-grid]***********************
Expected CDATA section value 'http://test.film4.com/landing-grids-leftmiddle2#' 
but was 'http://test.film4.com/landing-grids-leftmiddle2?a3d#' - comparing <![CDATA[http://test.film4.com/landing-grids-leftmiddle2#]]]]>
                <![CDATA[>
at /page-map[1]/sections[1]/page-section[1]/areas[1]/area[1]/modules[1]/module[2]/webElementSetComponentBeans[1]/element-group[3]/links[1]/link[1]/href[1]/text()[1] to <![CDATA[http://test.film4.com/landing-grids-leftmiddle2?a3d#]]]]>
                <![CDATA[>
at /page-map[1]/sections[1]/page-section[1]/areas[1]/area[1]/modules[1]/module[2]/webElementSetComponentBeans[1]/element-group[3]/links[1]/link[1]/href[1]/text()[1]
***********************

Module:[FL01-grid]***********************
Expected CDATA section value 'http://test.film4.com/landing-grids-leftmiddle2#' 
but was 'http://test.film4.com/landing-grids-leftmiddle2?a3d#' - comparing <![CDATA[http://test.film4.com/landing-grids-leftmiddle2#]]]]>
                <![CDATA[>
at /page-map[1]/sections[1]/page-section[1]/areas[1]/area[1]/modules[1]/module[2]/webElementSetComponentBeans[1]/element-group[4]/links[1]/link[1]/href[1]/text()[1] to <![CDATA[http://test.film4.com/landing-grids-leftmiddle2?a3d#]]]]>
                <![CDATA[>
at /page-map[1]/sections[1]/page-section[1]/areas[1]/area[1]/modules[1]/module[2]/webElementSetComponentBeans[1]/element-group[4]/links[1]/link[1]/href[1]/text()[1]
***********************

Module:[SN02]***********************
Expected CDATA section value 'http://test.film4.com/landing-grids-leftmiddle2#' 
but was 'http://test.film4.com/landing-grids-leftmiddle2?a3d#' - comparing <![CDATA[http://test.film4.com/landing-grids-leftmiddle2#]]]]>
                <![CDATA[>
at /page-map[1]/sections[1]/page-section[2]/areas[1]/area[1]/modules[1]/module[3]/webElementSetComponentBeans[1]/element-group[1]/imageLinks[1]/picture-link[1]/href[1]/text()[1] to <![CDATA[http://test.film4.com/landing-grids-leftmiddle2?a3d#]]]]>
                <![CDATA[>
at /page-map[1]/sections[1]/page-section[2]/areas[1]/area[1]/modules[1]/module[3]/webElementSetComponentBeans[1]/element-group[1]/imageLinks[1]/picture-link[1]/href[1]/text()[1]
***********************

Module:[SN02]***********************
Expected CDATA section value 'http://test.film4.com/landing-grids-leftmiddle2#' 
but was 'http://test.film4.com/landing-grids-leftmiddle2?a3d#' - comparing <![CDATA[http://test.film4.com/landing-grids-leftmiddle2#]]]]>
                <![CDATA[>
at /page-map[1]/sections[1]/page-section[2]/areas[1]/area[1]/modules[1]/module[3]/webElementSetComponentBeans[1]/element-group[1]/imageLinks[1]/picture-link[2]/href[1]/text()[1] to <![CDATA[http://test.film4.com/landing-grids-leftmiddle2?a3d#]]]]>
                <![CDATA[>
at /page-map[1]/sections[1]/page-section[2]/areas[1]/area[1]/modules[1]/module[3]/webElementSetComponentBeans[1]/element-group[1]/imageLinks[1]/picture-link[2]/href[1]/text()[1]
***********************

Module:[SN02]***********************
Expected CDATA section value 'http://test.film4.com/landing-grids-leftmiddle2#' 
but was 'http://test.film4.com/landing-grids-leftmiddle2?a3d#' - comparing <![CDATA[http://test.film4.com/landing-grids-leftmiddle2#]]]]>
                <![CDATA[>
at /page-map[1]/sections[1]/page-section[2]/areas[1]/area[1]/modules[1]/module[3]/webElementSetComponentBeans[1]/element-group[1]/imageLinks[1]/picture-link[3]/href[1]/text()[1] to <![CDATA[http://test.film4.com/landing-grids-leftmiddle2?a3d#]]]]>
                <![CDATA[>
at /page-map[1]/sections[1]/page-section[2]/areas[1]/area[1]/modules[1]/module[3]/webElementSetComponentBeans[1]/element-group[1]/imageLinks[1]/picture-link[3]/href[1]/text()[1]
***********************

Module:[SN02]***********************
Expected CDATA section value 'http://test.film4.com/landing-grids-leftmiddle2#' 
but was 'http://test.film4.com/landing-grids-leftmiddle2?a3d#' - comparing <![CDATA[http://test.film4.com/landing-grids-leftmiddle2#]]]]>
                <![CDATA[>
at /page-map[1]/sections[1]/page-section[2]/areas[1]/area[1]/modules[1]/module[3]/webElementSetComponentBeans[1]/element-group[1]/imageLinks[1]/picture-link[4]/href[1]/text()[1] to <![CDATA[http://test.film4.com/landing-grids-leftmiddle2?a3d#]]]]>
                <![CDATA[>
at /page-map[1]/sections[1]/page-section[2]/areas[1]/area[1]/modules[1]/module[3]/webElementSetComponentBeans[1]/element-group[1]/imageLinks[1]/picture-link[4]/href[1]/text()[1]
***********************

	at org.testng.Assert.fail(Assert.java:89)
	at com.sharpqa.comparesolution.test.ComparisonTest.testXMLPageObjectMapAgainstExpeted(ComparisonTest.java:54)
	at sun.reflect.NativeMethodAccessorImpl.invoke0(Native Method)
	at sun.reflect.NativeMethodAccessorImpl.invoke(NativeMethodAccessorImpl.java:39)
	at sun.reflect.DelegatingMethodAccessorImpl.invoke(DelegatingMethodAccessorImpl.java:25)
	at java.lang.reflect.Method.invoke(Method.java:597)
	at org.testng.internal.MethodInvocationHelper.invokeMethod(MethodInvocationHelper.java:80)
	at org.testng.internal.InvokeMethodRunnable.runOne(InvokeMethodRunnable.java:46)
	at org.testng.internal.InvokeMethodRunnable.run(InvokeMethodRunnable.java:37)
	at java.util.concurrent.Executors$RunnableAdapter.call(Executors.java:441)
	at java.util.concurrent.FutureTask$Sync.innerRun(FutureTask.java:303)
	at java.util.concurrent.FutureTask.run(FutureTask.java:138)
	at java.util.concurrent.ThreadPoolExecutor$Worker.runTask(ThreadPoolExecutor.java:886)
	at java.util.concurrent.ThreadPoolExecutor$Worker.run(ThreadPoolExecutor.java:908)
	at java.lang.Thread.run(Thread.java:662)
]]>
            </full-stacktrace>
          </exception>
        </test-method>
        <test-method status="FAIL" signature="testXMLPageObjectMapAgainstExpeted()[pri:0, instance:null(com.sharpqa.comparesolution.test.ComparisonTest)]" name="testXMLPageObjectMapAgainstExpeted" duration-ms="484" started-at="2012-11-15T17:55:04Z" description="compare XMLs with Expected" depends-on-methods="com.sharpqa.comparesolution.test.ComparisonTest.createXMLPageObjectMap" finished-at="2012-11-15T17:55:05Z">
          <exception class="java.lang.AssertionError">
            <message>
              <![CDATA[
Module:[SN02]***********************
Expected CDATA section value 'http://test.film4.com/special-features/interviews#' 
but was 'http://test.film4.com/special-features/interviews?3ad#' - comparing <![CDATA[http://test.film4.com/special-features/interviews#]]]]><![CDATA[> 
at /page-map[1]/sections[1]/page-section[2]/areas[1]/area[1]/modules[1]/module[3]/webElementSetComponentBeans[1]/element-group[1]/imageLinks[1]/picture-link[1]/href[1]/text()[1] to <![CDATA[http://test.film4.com/special-features/interviews?3ad#]]]]><![CDATA[> 
at /page-map[1]/sections[1]/page-section[2]/areas[1]/area[1]/modules[1]/module[3]/webElementSetComponentBeans[1]/element-group[1]/imageLinks[1]/picture-link[1]/href[1]/text()[1]
***********************

Module:[SN02]***********************
Expected CDATA section value 'http://test.film4.com/special-features/interviews#' 
but was 'http://test.film4.com/special-features/interviews?3ad#' - comparing <![CDATA[http://test.film4.com/special-features/interviews#]]]]><![CDATA[> 
at /page-map[1]/sections[1]/page-section[2]/areas[1]/area[1]/modules[1]/module[3]/webElementSetComponentBeans[1]/element-group[1]/imageLinks[1]/picture-link[2]/href[1]/text()[1] to <![CDATA[http://test.film4.com/special-features/interviews?3ad#]]]]><![CDATA[> 
at /page-map[1]/sections[1]/page-section[2]/areas[1]/area[1]/modules[1]/module[3]/webElementSetComponentBeans[1]/element-group[1]/imageLinks[1]/picture-link[2]/href[1]/text()[1]
***********************

Module:[SN02]***********************
Expected CDATA section value 'http://test.film4.com/special-features/interviews#' 
but was 'http://test.film4.com/special-features/interviews?3ad#' - comparing <![CDATA[http://test.film4.com/special-features/interviews#]]]]><![CDATA[> 
at /page-map[1]/sections[1]/page-section[2]/areas[1]/area[1]/modules[1]/module[3]/webElementSetComponentBeans[1]/element-group[1]/imageLinks[1]/picture-link[3]/href[1]/text()[1] to <![CDATA[http://test.film4.com/special-features/interviews?3ad#]]]]><![CDATA[> 
at /page-map[1]/sections[1]/page-section[2]/areas[1]/area[1]/modules[1]/module[3]/webElementSetComponentBeans[1]/element-group[1]/imageLinks[1]/picture-link[3]/href[1]/text()[1]
***********************

Module:[SN02]***********************
Expected CDATA section value 'http://test.film4.com/special-features/interviews#' 
but was 'http://test.film4.com/special-features/interviews?3ad#' - comparing <![CDATA[http://test.film4.com/special-features/interviews#]]]]><![CDATA[> 
at /page-map[1]/sections[1]/page-section[2]/areas[1]/area[1]/modules[1]/module[3]/webElementSetComponentBeans[1]/element-group[1]/imageLinks[1]/picture-link[4]/href[1]/text()[1] to <![CDATA[http://test.film4.com/special-features/interviews?3ad#]]]]><![CDATA[> 
at /page-map[1]/sections[1]/page-section[2]/areas[1]/area[1]/modules[1]/module[3]/webElementSetComponentBeans[1]/element-group[1]/imageLinks[1]/picture-link[4]/href[1]/text()[1]
***********************
]]>
            </message>
            <full-stacktrace>
                <![CDATA[java.lang.AssertionError:
Module:[SN02]***********************
Expected CDATA section value 'http://test.film4.com/special-features/interviews#' 
but was 'http://test.film4.com/special-features/interviews?3ad#' - comparing <![CDATA[http://test.film4.com/special-features/interviews#]]]]>
                <![CDATA[>
at /page-map[1]/sections[1]/page-section[2]/areas[1]/area[1]/modules[1]/module[3]/webElementSetComponentBeans[1]/element-group[1]/imageLinks[1]/picture-link[1]/href[1]/text()[1] to <![CDATA[http://test.film4.com/special-features/interviews?3ad#]]]]>
                <![CDATA[>
at /page-map[1]/sections[1]/page-section[2]/areas[1]/area[1]/modules[1]/module[3]/webElementSetComponentBeans[1]/element-group[1]/imageLinks[1]/picture-link[1]/href[1]/text()[1]
***********************

Module:[SN02]***********************
Expected CDATA section value 'http://test.film4.com/special-features/interviews#' 
but was 'http://test.film4.com/special-features/interviews?3ad#' - comparing <![CDATA[http://test.film4.com/special-features/interviews#]]]]>
                <![CDATA[>
at /page-map[1]/sections[1]/page-section[2]/areas[1]/area[1]/modules[1]/module[3]/webElementSetComponentBeans[1]/element-group[1]/imageLinks[1]/picture-link[2]/href[1]/text()[1] to <![CDATA[http://test.film4.com/special-features/interviews?3ad#]]]]>
                <![CDATA[>
at /page-map[1]/sections[1]/page-section[2]/areas[1]/area[1]/modules[1]/module[3]/webElementSetComponentBeans[1]/element-group[1]/imageLinks[1]/picture-link[2]/href[1]/text()[1]
***********************

Module:[SN02]***********************
Expected CDATA section value 'http://test.film4.com/special-features/interviews#' 
but was 'http://test.film4.com/special-features/interviews?3ad#' - comparing <![CDATA[http://test.film4.com/special-features/interviews#]]]]>
                <![CDATA[>
at /page-map[1]/sections[1]/page-section[2]/areas[1]/area[1]/modules[1]/module[3]/webElementSetComponentBeans[1]/element-group[1]/imageLinks[1]/picture-link[3]/href[1]/text()[1] to <![CDATA[http://test.film4.com/special-features/interviews?3ad#]]]]>
                <![CDATA[>
at /page-map[1]/sections[1]/page-section[2]/areas[1]/area[1]/modules[1]/module[3]/webElementSetComponentBeans[1]/element-group[1]/imageLinks[1]/picture-link[3]/href[1]/text()[1]
***********************

Module:[SN02]***********************
Expected CDATA section value 'http://test.film4.com/special-features/interviews#' 
but was 'http://test.film4.com/special-features/interviews?3ad#' - comparing <![CDATA[http://test.film4.com/special-features/interviews#]]]]>
                <![CDATA[>
at /page-map[1]/sections[1]/page-section[2]/areas[1]/area[1]/modules[1]/module[3]/webElementSetComponentBeans[1]/element-group[1]/imageLinks[1]/picture-link[4]/href[1]/text()[1] to <![CDATA[http://test.film4.com/special-features/interviews?3ad#]]]]>
                <![CDATA[>
at /page-map[1]/sections[1]/page-section[2]/areas[1]/area[1]/modules[1]/module[3]/webElementSetComponentBeans[1]/element-group[1]/imageLinks[1]/picture-link[4]/href[1]/text()[1]
***********************

	at org.testng.Assert.fail(Assert.java:89)
	at com.sharpqa.comparesolution.test.ComparisonTest.testXMLPageObjectMapAgainstExpeted(ComparisonTest.java:54)
	at sun.reflect.NativeMethodAccessorImpl.invoke0(Native Method)
	at sun.reflect.NativeMethodAccessorImpl.invoke(NativeMethodAccessorImpl.java:39)
	at sun.reflect.DelegatingMethodAccessorImpl.invoke(DelegatingMethodAccessorImpl.java:25)
	at java.lang.reflect.Method.invoke(Method.java:597)
	at org.testng.internal.MethodInvocationHelper.invokeMethod(MethodInvocationHelper.java:80)
	at org.testng.internal.InvokeMethodRunnable.runOne(InvokeMethodRunnable.java:46)
	at org.testng.internal.InvokeMethodRunnable.run(InvokeMethodRunnable.java:37)
	at java.util.concurrent.Executors$RunnableAdapter.call(Executors.java:441)
	at java.util.concurrent.FutureTask$Sync.innerRun(FutureTask.java:303)
	at java.util.concurrent.FutureTask.run(FutureTask.java:138)
	at java.util.concurrent.ThreadPoolExecutor$Worker.runTask(ThreadPoolExecutor.java:886)
	at java.util.concurrent.ThreadPoolExecutor$Worker.run(ThreadPoolExecutor.java:908)
	at java.lang.Thread.run(Thread.java:662)
]]>
            </full-stacktrace>
          </exception>
        </test-method>
        <test-method status="FAIL" signature="testXMLPageObjectMapAgainstExpeted()[pri:0, instance:null(com.sharpqa.comparesolution.test.ComparisonTest)]" name="testXMLPageObjectMapAgainstExpeted" duration-ms="366" started-at="2012-11-15T17:55:05Z" description="compare XMLs with Expected" depends-on-methods="com.sharpqa.comparesolution.test.ComparisonTest.createXMLPageObjectMap" finished-at="2012-11-15T17:55:05Z">
          <exception class="java.lang.AssertionError">
            <message>
              <![CDATA[
Module:[AV07]***********************
Expected CDATA section value 'http://test.film4.com/reviews/2012/prometheus#' 
but was 'http://test.film4.com/reviews/2012/prometheus?ad3#' - comparing <![CDATA[http://test.film4.com/reviews/2012/prometheus#]]]]><![CDATA[> 
at /page-map[1]/sections[1]/page-section[1]/areas[1]/area[1]/modules[1]/module[1]/elementGroups[1]/element-group[1]/links[1]/link[1]/href[1]/text()[1] to <![CDATA[http://test.film4.com/reviews/2012/prometheus?ad3#]]]]><![CDATA[> 
at /page-map[1]/sections[1]/page-section[1]/areas[1]/area[1]/modules[1]/module[1]/elementGroups[1]/element-group[1]/links[1]/link[1]/href[1]/text()[1]
***********************

Module:[AT06]***********************
Expected CDATA section value 'http://test.film4.com/reviews/2012/prometheus#tab0' 
but was 'http://test.film4.com/reviews/2012/prometheus?ad3#tab0' - comparing <![CDATA[http://test.film4.com/reviews/2012/prometheus#tab0]]]]><![CDATA[> 
at /page-map[1]/sections[1]/page-section[1]/areas[1]/area[1]/modules[1]/module[3]/webElementSetComponentBeans[1]/element-group[1]/links[1]/link[1]/href[1]/text()[1] to <![CDATA[http://test.film4.com/reviews/2012/prometheus?ad3#tab0]]]]><![CDATA[> 
at /page-map[1]/sections[1]/page-section[1]/areas[1]/area[1]/modules[1]/module[3]/webElementSetComponentBeans[1]/element-group[1]/links[1]/link[1]/href[1]/text()[1]
***********************

Module:[AT06]***********************
Expected CDATA section value 'http://test.film4.com/reviews/2012/prometheus#cast' 
but was 'http://test.film4.com/reviews/2012/prometheus?ad3#cast' - comparing <![CDATA[http://test.film4.com/reviews/2012/prometheus#cast]]]]><![CDATA[> 
at /page-map[1]/sections[1]/page-section[1]/areas[1]/area[1]/modules[1]/module[3]/webElementSetComponentBeans[1]/element-group[1]/links[1]/link[2]/href[1]/text()[1] to <![CDATA[http://test.film4.com/reviews/2012/prometheus?ad3#cast]]]]><![CDATA[> 
at /page-map[1]/sections[1]/page-section[1]/areas[1]/area[1]/modules[1]/module[3]/webElementSetComponentBeans[1]/element-group[1]/links[1]/link[2]/href[1]/text()[1]
***********************

Module:[AV07]***********************
Expected CDATA section value 'http://test.film4.com/media/images/Channel4/film/2012/charlize-theron-idris-elba-prometheus-movie-image_MED.jpg' 
but was 'http://test.film4.com/media/images/Channel4/film/2012/charlize-theron-idris-elba-prometheus-movie-image_LRG.jpg' - comparing <![CDATA[http://test.film4.com/media/images/Channel4/film/2012/charlize-theron-idris-elba-prometheus-movie-image_MED.jpg]]]]><![CDATA[> 
at /page-map[1]/sections[1]/page-section[1]/areas[1]/area[2]/modules[1]/module[1]/elementGroups[1]/element-group[2]/images[1]/picture[1]/src[1]/text()[1] to <![CDATA[http://test.film4.com/media/images/Channel4/film/2012/charlize-theron-idris-elba-prometheus-movie-image_LRG.jpg]]]]><![CDATA[> 
at /page-map[1]/sections[1]/page-section[1]/areas[1]/area[2]/modules[1]/module[1]/elementGroups[1]/element-group[2]/images[1]/picture[1]/src[1]/text()[1]
***********************

Module:[GA20]***********************
Expected CDATA section value 'http://test.film4.com/media/images/Channel4/film/2012/Prometheus_movie_05_MED.jpg' 
but was 'http://test.film4.com/media/images/Channel4/film/2012/Prometheus_movie_05_LRG.jpg' - comparing <![CDATA[http://test.film4.com/media/images/Channel4/film/2012/Prometheus_movie_05_MED.jpg]]]]><![CDATA[> 
at /page-map[1]/sections[1]/page-section[1]/areas[1]/area[2]/modules[1]/module[2]/elementGroups[1]/element-group[2]/images[1]/picture[1]/src[1]/text()[1] to <![CDATA[http://test.film4.com/media/images/Channel4/film/2012/Prometheus_movie_05_LRG.jpg]]]]><![CDATA[> 
at /page-map[1]/sections[1]/page-section[1]/areas[1]/area[2]/modules[1]/module[2]/elementGroups[1]/element-group[2]/images[1]/picture[1]/src[1]/text()[1]
***********************

Module:[GA20]***********************
Expected CDATA section value 'http://test.film4.com/media/images/Channel4/film/2012/Prometheus_movie_05_SML.jpg' 
but was 'http://test.film4.com/media/images/Channel4/film/2012/Prometheus_movie_05_LRG.jpg' - comparing <![CDATA[http://test.film4.com/media/images/Channel4/film/2012/Prometheus_movie_05_SML.jpg]]]]><![CDATA[> 
at /page-map[1]/sections[1]/page-section[1]/areas[1]/area[2]/modules[1]/module[2]/elementGroups[1]/element-group[3]/images[1]/picture[1]/src[1]/text()[1] to <![CDATA[http://test.film4.com/media/images/Channel4/film/2012/Prometheus_movie_05_LRG.jpg]]]]><![CDATA[> 
at /page-map[1]/sections[1]/page-section[1]/areas[1]/area[2]/modules[1]/module[2]/elementGroups[1]/element-group[3]/images[1]/picture[1]/src[1]/text()[1]
***********************

Module:[GA20]***********************
Expected text value '200' 
but was '1024' - comparing <width ...>200</width> 
at /page-map[1]/sections[1]/page-section[1]/areas[1]/area[2]/modules[1]/module[2]/elementGroups[1]/element-group[3]/images[1]/picture[1]/width[1]/text()[1] to <width ...>1024</width> 
at /page-map[1]/sections[1]/page-section[1]/areas[1]/area[2]/modules[1]/module[2]/elementGroups[1]/element-group[3]/images[1]/picture[1]/width[1]/text()[1]
***********************

Module:[GA20]***********************
Expected text value '133' 
but was '682' - comparing <height ...>133</height> 
at /page-map[1]/sections[1]/page-section[1]/areas[1]/area[2]/modules[1]/module[2]/elementGroups[1]/element-group[3]/images[1]/picture[1]/height[1]/text()[1] to <height ...>682</height> 
at /page-map[1]/sections[1]/page-section[1]/areas[1]/area[2]/modules[1]/module[2]/elementGroups[1]/element-group[3]/images[1]/picture[1]/height[1]/text()[1]
***********************

Module:[GA20]***********************
Expected CDATA section value 'http://test.film4.com/media/images/Channel4/film/2012/charlize-theron-idris-elba-prometheus-movie-image_SML.jpg' 
but was 'http://test.film4.com/media/images/Channel4/film/2012/charlize-theron-idris-elba-prometheus-movie-image_LRG.jpg' - comparing <![CDATA[http://test.film4.com/media/images/Channel4/film/2012/charlize-theron-idris-elba-prometheus-movie-image_SML.jpg]]]]><![CDATA[> 
at /page-map[1]/sections[1]/page-section[1]/areas[1]/area[2]/modules[1]/module[2]/elementGroups[1]/element-group[3]/images[1]/picture[2]/src[1]/text()[1] to <![CDATA[http://test.film4.com/media/images/Channel4/film/2012/charlize-theron-idris-elba-prometheus-movie-image_LRG.jpg]]]]><![CDATA[> 
at /page-map[1]/sections[1]/page-section[1]/areas[1]/area[2]/modules[1]/module[2]/elementGroups[1]/element-group[3]/images[1]/picture[2]/src[1]/text()[1]
***********************

Module:[GA20]***********************
Expected text value '200' 
but was '1024' - comparing <width ...>200</width> 
at /page-map[1]/sections[1]/page-section[1]/areas[1]/area[2]/modules[1]/module[2]/elementGroups[1]/element-group[3]/images[1]/picture[2]/width[1]/text()[1] to <width ...>1024</width> 
at /page-map[1]/sections[1]/page-section[1]/areas[1]/area[2]/modules[1]/module[2]/elementGroups[1]/element-group[3]/images[1]/picture[2]/width[1]/text()[1]
***********************

Module:[GA20]***********************
Expected text value '133' 
but was '683' - comparing <height ...>133</height> 
at /page-map[1]/sections[1]/page-section[1]/areas[1]/area[2]/modules[1]/module[2]/elementGroups[1]/element-group[3]/images[1]/picture[2]/height[1]/text()[1] to <height ...>683</height> 
at /page-map[1]/sections[1]/page-section[1]/areas[1]/area[2]/modules[1]/module[2]/elementGroups[1]/element-group[3]/images[1]/picture[2]/height[1]/text()[1]
***********************

Module:[GA20]***********************
Expected CDATA section value 'http://test.film4.com/media/images/Channel4/film/2012/Prometheus_movie_05_SML.jpg' 
but was 'http://test.film4.com/media/images/Channel4/film/2012/Prometheus_movie_05_MED.jpg' - comparing <![CDATA[http://test.film4.com/media/images/Channel4/film/2012/Prometheus_movie_05_SML.jpg]]]]><![CDATA[> 
at /page-map[1]/sections[1]/page-section[1]/areas[1]/area[2]/modules[1]/module[2]/elementGroups[1]/element-group[3]/imageLinks[1]/picture-link[1]/src[1]/text()[1] to <![CDATA[http://test.film4.com/media/images/Channel4/film/2012/Prometheus_movie_05_MED.jpg]]]]><![CDATA[> 
at /page-map[1]/sections[1]/page-section[1]/areas[1]/area[2]/modules[1]/module[2]/elementGroups[1]/element-group[3]/imageLinks[1]/picture-link[1]/src[1]/text()[1]
***********************

Module:[GA20]***********************
Expected text value '200' 
but was '625' - comparing <width ...>200</width> 
at /page-map[1]/sections[1]/page-section[1]/areas[1]/area[2]/modules[1]/module[2]/elementGroups[1]/element-group[3]/imageLinks[1]/picture-link[1]/width[1]/text()[1] to <width ...>625</width> 
at /page-map[1]/sections[1]/page-section[1]/areas[1]/area[2]/modules[1]/module[2]/elementGroups[1]/element-group[3]/imageLinks[1]/picture-link[1]/width[1]/text()[1]
***********************

Module:[GA20]***********************
Expected text value '133' 
but was '416' - comparing <height ...>133</height> 
at /page-map[1]/sections[1]/page-section[1]/areas[1]/area[2]/modules[1]/module[2]/elementGroups[1]/element-group[3]/imageLinks[1]/picture-link[1]/height[1]/text()[1] to <height ...>416</height> 
at /page-map[1]/sections[1]/page-section[1]/areas[1]/area[2]/modules[1]/module[2]/elementGroups[1]/element-group[3]/imageLinks[1]/picture-link[1]/height[1]/text()[1]
***********************

Module:[GA20]***********************
Expected CDATA section value 'http://test.film4.com/media/images/Channel4/film/2012/charlize-theron-idris-elba-prometheus-movie-image_SML.jpg' 
but was 'http://test.film4.com/media/images/Channel4/film/2012/charlize-theron-idris-elba-prometheus-movie-image_MED.jpg' - comparing <![CDATA[http://test.film4.com/media/images/Channel4/film/2012/charlize-theron-idris-elba-prometheus-movie-image_SML.jpg]]]]><![CDATA[> 
at /page-map[1]/sections[1]/page-section[1]/areas[1]/area[2]/modules[1]/module[2]/elementGroups[1]/element-group[3]/imageLinks[1]/picture-link[2]/src[1]/text()[1] to <![CDATA[http://test.film4.com/media/images/Channel4/film/2012/charlize-theron-idris-elba-prometheus-movie-image_MED.jpg]]]]><![CDATA[> 
at /page-map[1]/sections[1]/page-section[1]/areas[1]/area[2]/modules[1]/module[2]/elementGroups[1]/element-group[3]/imageLinks[1]/picture-link[2]/src[1]/text()[1]
***********************

Module:[GA20]***********************
Expected text value '200' 
but was '625' - comparing <width ...>200</width> 
at /page-map[1]/sections[1]/page-section[1]/areas[1]/area[2]/modules[1]/module[2]/elementGroups[1]/element-group[3]/imageLinks[1]/picture-link[2]/width[1]/text()[1] to <width ...>625</width> 
at /page-map[1]/sections[1]/page-section[1]/areas[1]/area[2]/modules[1]/module[2]/elementGroups[1]/element-group[3]/imageLinks[1]/picture-link[2]/width[1]/text()[1]
***********************

Module:[GA20]***********************
Expected text value '133' 
but was '417' - comparing <height ...>133</height> 
at /page-map[1]/sections[1]/page-section[1]/areas[1]/area[2]/modules[1]/module[2]/elementGroups[1]/element-group[3]/imageLinks[1]/picture-link[2]/height[1]/text()[1] to <height ...>417</height> 
at /page-map[1]/sections[1]/page-section[1]/areas[1]/area[2]/modules[1]/module[2]/elementGroups[1]/element-group[3]/imageLinks[1]/picture-link[2]/height[1]/text()[1]
***********************

Module:[GA20]***********************
Expected CDATA section value 'http://test.film4.com/reviews/2012/prometheus#' 
but was 'http://test.film4.com/reviews/2012/prometheus?ad3#' - comparing <![CDATA[http://test.film4.com/reviews/2012/prometheus#]]]]><![CDATA[> 
at /page-map[1]/sections[1]/page-section[1]/areas[1]/area[2]/modules[1]/module[2]/elementGroups[1]/element-group[4]/links[1]/link[1]/href[1]/text()[1] to <![CDATA[http://test.film4.com/reviews/2012/prometheus?ad3#]]]]><![CDATA[> 
at /page-map[1]/sections[1]/page-section[1]/areas[1]/area[2]/modules[1]/module[2]/elementGroups[1]/element-group[4]/links[1]/link[1]/href[1]/text()[1]
***********************

Module:[GA20]***********************
Expected CDATA section value 'http://test.film4.com/media/images/Channel4/film/2012/Prometheus_movie_05_SML.jpg' 
but was 'http://test.film4.com/media/images/Channel4/film/2012/Prometheus_movie_05_LRG.jpg' - comparing <![CDATA[http://test.film4.com/media/images/Channel4/film/2012/Prometheus_movie_05_SML.jpg]]]]><![CDATA[> 
at /page-map[1]/sections[1]/page-section[1]/areas[1]/area[2]/modules[1]/module[2]/webElementSetComponentBeans[1]/element-group[1]/images[1]/picture[1]/src[1]/text()[1] to <![CDATA[http://test.film4.com/media/images/Channel4/film/2012/Prometheus_movie_05_LRG.jpg]]]]><![CDATA[> 
at /page-map[1]/sections[1]/page-section[1]/areas[1]/area[2]/modules[1]/module[2]/webElementSetComponentBeans[1]/element-group[1]/images[1]/picture[1]/src[1]/text()[1]
***********************

Module:[GA20]***********************
Expected text value '200' 
but was '1024' - comparing <width ...>200</width> 
at /page-map[1]/sections[1]/page-section[1]/areas[1]/area[2]/modules[1]/module[2]/webElementSetComponentBeans[1]/element-group[1]/images[1]/picture[1]/width[1]/text()[1] to <width ...>1024</width> 
at /page-map[1]/sections[1]/page-section[1]/areas[1]/area[2]/modules[1]/module[2]/webElementSetComponentBeans[1]/element-group[1]/images[1]/picture[1]/width[1]/text()[1]
***********************

Module:[GA20]***********************
Expected text value '133' 
but was '682' - comparing <height ...>133</height> 
at /page-map[1]/sections[1]/page-section[1]/areas[1]/area[2]/modules[1]/module[2]/webElementSetComponentBeans[1]/element-group[1]/images[1]/picture[1]/height[1]/text()[1] to <height ...>682</height> 
at /page-map[1]/sections[1]/page-section[1]/areas[1]/area[2]/modules[1]/module[2]/webElementSetComponentBeans[1]/element-group[1]/images[1]/picture[1]/height[1]/text()[1]
***********************

Module:[GA20]***********************
Expected CDATA section value 'http://test.film4.com/media/images/Channel4/film/2012/charlize-theron-idris-elba-prometheus-movie-image_SML.jpg' 
but was 'http://test.film4.com/media/images/Channel4/film/2012/charlize-theron-idris-elba-prometheus-movie-image_LRG.jpg' - comparing <![CDATA[http://test.film4.com/media/images/Channel4/film/2012/charlize-theron-idris-elba-prometheus-movie-image_SML.jpg]]]]><![CDATA[> 
at /page-map[1]/sections[1]/page-section[1]/areas[1]/area[2]/modules[1]/module[2]/webElementSetComponentBeans[1]/element-group[2]/images[1]/picture[1]/src[1]/text()[1] to <![CDATA[http://test.film4.com/media/images/Channel4/film/2012/charlize-theron-idris-elba-prometheus-movie-image_LRG.jpg]]]]><![CDATA[> 
at /page-map[1]/sections[1]/page-section[1]/areas[1]/area[2]/modules[1]/module[2]/webElementSetComponentBeans[1]/element-group[2]/images[1]/picture[1]/src[1]/text()[1]
***********************

Module:[GA20]***********************
Expected text value '200' 
but was '1024' - comparing <width ...>200</width> 
at /page-map[1]/sections[1]/page-section[1]/areas[1]/area[2]/modules[1]/module[2]/webElementSetComponentBeans[1]/element-group[2]/images[1]/picture[1]/width[1]/text()[1] to <width ...>1024</width> 
at /page-map[1]/sections[1]/page-section[1]/areas[1]/area[2]/modules[1]/module[2]/webElementSetComponentBeans[1]/element-group[2]/images[1]/picture[1]/width[1]/text()[1]
***********************

Module:[GA20]***********************
Expected text value '133' 
but was '683' - comparing <height ...>133</height> 
at /page-map[1]/sections[1]/page-section[1]/areas[1]/area[2]/modules[1]/module[2]/webElementSetComponentBeans[1]/element-group[2]/images[1]/picture[1]/height[1]/text()[1] to <height ...>683</height> 
at /page-map[1]/sections[1]/page-section[1]/areas[1]/area[2]/modules[1]/module[2]/webElementSetComponentBeans[1]/element-group[2]/images[1]/picture[1]/height[1]/text()[1]
***********************

Module:[FL01-default]***********************
Expected CDATA section value 'http://test.film4.com/reviews/2012/prometheus#' 
but was 'http://test.film4.com/reviews/2012/prometheus?ad3#' - comparing <![CDATA[http://test.film4.com/reviews/2012/prometheus#]]]]><![CDATA[> 
at /page-map[1]/sections[1]/page-section[1]/areas[1]/area[3]/modules[1]/module[1]/webElementSetComponentBeans[1]/element-group[1]/links[1]/link[1]/href[1]/text()[1] to <![CDATA[http://test.film4.com/reviews/2012/prometheus?ad3#]]]]><![CDATA[> 
at /page-map[1]/sections[1]/page-section[1]/areas[1]/area[3]/modules[1]/module[1]/webElementSetComponentBeans[1]/element-group[1]/links[1]/link[1]/href[1]/text()[1]
***********************

Module:[FL01-default]***********************
Expected CDATA section value 'Crocodile Dundee II' 
but was 'Chung On Tsous' - comparing <![CDATA[Crocodile Dundee II]]]]><![CDATA[> 
at /page-map[1]/sections[1]/page-section[1]/areas[1]/area[3]/modules[1]/module[1]/webElementSetComponentBeans[1]/element-group[1]/links[1]/link[2]/linkText[1]/text()[1] to <![CDATA[Chung On Tsous]]]]><![CDATA[> 
at /page-map[1]/sections[1]/page-section[1]/areas[1]/area[3]/modules[1]/module[1]/webElementSetComponentBeans[1]/element-group[1]/links[1]/link[2]/linkText[1]/text()[1]
***********************

Module:[FL01-default]***********************
Expected CDATA section value 'http://test.film4.com/reviews/1988/crocodile-dundee-ii' 
but was 'http://test.film4.com/reviews/1993/chung-on-tsous' - comparing <![CDATA[http://test.film4.com/reviews/1988/crocodile-dundee-ii]]]]><![CDATA[> 
at /page-map[1]/sections[1]/page-section[1]/areas[1]/area[3]/modules[1]/module[1]/webElementSetComponentBeans[1]/element-group[1]/links[1]/link[2]/href[1]/text()[1] to <![CDATA[http://test.film4.com/reviews/1993/chung-on-tsous]]]]><![CDATA[> 
at /page-map[1]/sections[1]/page-section[1]/areas[1]/area[3]/modules[1]/module[1]/webElementSetComponentBeans[1]/element-group[1]/links[1]/link[2]/href[1]/text()[1]
***********************

Module:[FL01-default]***********************
Expected CDATA section value 'http://test.film4.com/reviews/1988/crocodile-dundee-ii' 
but was 'http://test.film4.com/reviews/1993/chung-on-tsous' - comparing <![CDATA[http://test.film4.com/reviews/1988/crocodile-dundee-ii]]]]><![CDATA[> 
at /page-map[1]/sections[1]/page-section[1]/areas[1]/area[3]/modules[1]/module[1]/webElementSetComponentBeans[1]/element-group[1]/imageLinks[1]/picture-link[1]/href[1]/text()[1] to <![CDATA[http://test.film4.com/reviews/1993/chung-on-tsous]]]]><![CDATA[> 
at /page-map[1]/sections[1]/page-section[1]/areas[1]/area[3]/modules[1]/module[1]/webElementSetComponentBeans[1]/element-group[1]/imageLinks[1]/picture-link[1]/href[1]/text()[1]
***********************

Module:[FL01-default]***********************
Expected CDATA section value 'http://test.film4.com/media/images/Film4/images/C/crocodile-dundee-2-1988-01_MED.jpg' 
but was 'http://test.film4.com/media/images/Film4/film4-default-image_MED.jpg' - comparing <![CDATA[http://test.film4.com/media/images/Film4/images/C/crocodile-dundee-2-1988-01_MED.jpg]]]]><![CDATA[> 
at /page-map[1]/sections[1]/page-section[1]/areas[1]/area[3]/modules[1]/module[1]/webElementSetComponentBeans[1]/element-group[1]/imageLinks[1]/picture-link[1]/src[1]/text()[1] to <![CDATA[http://test.film4.com/media/images/Film4/film4-default-image_MED.jpg]]]]><![CDATA[> 
at /page-map[1]/sections[1]/page-section[1]/areas[1]/area[3]/modules[1]/module[1]/webElementSetComponentBeans[1]/element-group[1]/imageLinks[1]/picture-link[1]/src[1]/text()[1]
***********************

Module:[FL01-default]***********************
Expected text value '179' 
but was '178' - comparing <width ...>179</width> 
at /page-map[1]/sections[1]/page-section[1]/areas[1]/area[3]/modules[1]/module[1]/webElementSetComponentBeans[1]/element-group[1]/imageLinks[1]/picture-link[1]/width[1]/text()[1] to <width ...>178</width> 
at /page-map[1]/sections[1]/page-section[1]/areas[1]/area[3]/modules[1]/module[1]/webElementSetComponentBeans[1]/element-group[1]/imageLinks[1]/picture-link[1]/width[1]/text()[1]
***********************

Module:[FL01-default]***********************
Expected text value '76' 
but was '100' - comparing <height ...>76</height> 
at /page-map[1]/sections[1]/page-section[1]/areas[1]/area[3]/modules[1]/module[1]/webElementSetComponentBeans[1]/element-group[1]/imageLinks[1]/picture-link[1]/height[1]/text()[1] to <height ...>100</height> 
at /page-map[1]/sections[1]/page-section[1]/areas[1]/area[3]/modules[1]/module[1]/webElementSetComponentBeans[1]/element-group[1]/imageLinks[1]/picture-link[1]/height[1]/text()[1]
***********************

Module:[FL01-default]***********************
Expected CDATA section value 'Further adventures of Paul Hogan's Mick 'Crocodile' Dundee, this time...' 
but was 'synopsis' - comparing <![CDATA[Further adventures of Paul Hogan's Mick 'Crocodile' Dundee, this time...]]]]><![CDATA[> 
at /page-map[1]/sections[1]/page-section[1]/areas[1]/area[3]/modules[1]/module[1]/webElementSetComponentBeans[1]/element-group[1]/textBlocks[1]/text-block[1]/text[1]/text()[1] to <![CDATA[synopsis]]]]><![CDATA[> 
at /page-map[1]/sections[1]/page-section[1]/areas[1]/area[3]/modules[1]/module[1]/webElementSetComponentBeans[1]/element-group[1]/textBlocks[1]/text-block[1]/text[1]/text()[1]
***********************

Module:[FL01-default]***********************
Expected CDATA section value 'Crocodile Dundee II' 
but was 'Chung On Tsous' - comparing <![CDATA[Crocodile Dundee II]]]]><![CDATA[> 
at /page-map[1]/sections[1]/page-section[1]/areas[1]/area[3]/modules[1]/module[1]/webElementSetComponentBeans[1]/element-group[1]/textBlocks[1]/text-block[2]/text[1]/text()[1] to <![CDATA[Chung On Tsous]]]]><![CDATA[> 
at /page-map[1]/sections[1]/page-section[1]/areas[1]/area[3]/modules[1]/module[1]/webElementSetComponentBeans[1]/element-group[1]/textBlocks[1]/text-block[2]/text[1]/text()[1]
***********************

Module:[FL01-default]***********************
Expected CDATA section value 'http://test.film4.com/reviews/2012/prometheus#' 
but was 'http://test.film4.com/reviews/2012/prometheus?ad3#' - comparing <![CDATA[http://test.film4.com/reviews/2012/prometheus#]]]]><![CDATA[> 
at /page-map[1]/sections[1]/page-section[1]/areas[1]/area[3]/modules[1]/module[1]/webElementSetComponentBeans[1]/element-group[2]/links[1]/link[1]/href[1]/text()[1] to <![CDATA[http://test.film4.com/reviews/2012/prometheus?ad3#]]]]><![CDATA[> 
at /page-map[1]/sections[1]/page-section[1]/areas[1]/area[3]/modules[1]/module[1]/webElementSetComponentBeans[1]/element-group[2]/links[1]/link[1]/href[1]/text()[1]
***********************

Module:[FL01-default]***********************
Expected CDATA section value 'Thunderbolt' 
but was 'Universal Soldier' - comparing <![CDATA[Thunderbolt]]]]><![CDATA[> 
at /page-map[1]/sections[1]/page-section[1]/areas[1]/area[3]/modules[1]/module[1]/webElementSetComponentBeans[1]/element-group[2]/links[1]/link[2]/linkText[1]/text()[1] to <![CDATA[Universal Soldier]]]]><![CDATA[> 
at /page-map[1]/sections[1]/page-section[1]/areas[1]/area[3]/modules[1]/module[1]/webElementSetComponentBeans[1]/element-group[2]/links[1]/link[2]/linkText[1]/text()[1]
***********************

Module:[FL01-default]***********************
Expected CDATA section value 'http://test.film4.com/reviews/1995/thunderbolt' 
but was 'http://test.film4.com/reviews/1992/universal-soldier' - comparing <![CDATA[http://test.film4.com/reviews/1995/thunderbolt]]]]><![CDATA[> 
at /page-map[1]/sections[1]/page-section[1]/areas[1]/area[3]/modules[1]/module[1]/webElementSetComponentBeans[1]/element-group[2]/links[1]/link[2]/href[1]/text()[1] to <![CDATA[http://test.film4.com/reviews/1992/universal-soldier]]]]><![CDATA[> 
at /page-map[1]/sections[1]/page-section[1]/areas[1]/area[3]/modules[1]/module[1]/webElementSetComponentBeans[1]/element-group[2]/links[1]/link[2]/href[1]/text()[1]
***********************

Module:[FL01-default]***********************
Expected CDATA section value 'http://test.film4.com/reviews/1995/thunderbolt' 
but was 'http://test.film4.com/reviews/1992/universal-soldier' - comparing <![CDATA[http://test.film4.com/reviews/1995/thunderbolt]]]]><![CDATA[> 
at /page-map[1]/sections[1]/page-section[1]/areas[1]/area[3]/modules[1]/module[1]/webElementSetComponentBeans[1]/element-group[2]/imageLinks[1]/picture-link[1]/href[1]/text()[1] to <![CDATA[http://test.film4.com/reviews/1992/universal-soldier]]]]><![CDATA[> 
at /page-map[1]/sections[1]/page-section[1]/areas[1]/area[3]/modules[1]/module[1]/webElementSetComponentBeans[1]/element-group[2]/imageLinks[1]/picture-link[1]/href[1]/text()[1]
***********************

Module:[FL01-default]***********************
Expected CDATA section value 'To save his kidnapped sister Jackie Chan must fight an evil super-criminal...' 
but was 'Dumb but fun thriller starring Jean-Claude Van Damme as a dead Vietnam vet...' - comparing <![CDATA[To save his kidnapped sister Jackie Chan must fight an evil super-criminal...]]]]><![CDATA[> 
at /page-map[1]/sections[1]/page-section[1]/areas[1]/area[3]/modules[1]/module[1]/webElementSetComponentBeans[1]/element-group[2]/textBlocks[1]/text-block[1]/text[1]/text()[1] to <![CDATA[Dumb but fun thriller starring Jean-Claude Van Damme as a dead Vietnam vet...]]]]><![CDATA[> 
at /page-map[1]/sections[1]/page-section[1]/areas[1]/area[3]/modules[1]/module[1]/webElementSetComponentBeans[1]/element-group[2]/textBlocks[1]/text-block[1]/text[1]/text()[1]
***********************

Module:[FL01-default]***********************
Expected CDATA section value 'Thunderbolt' 
but was 'Universal Soldier' - comparing <![CDATA[Thunderbolt]]]]><![CDATA[> 
at /page-map[1]/sections[1]/page-section[1]/areas[1]/area[3]/modules[1]/module[1]/webElementSetComponentBeans[1]/element-group[2]/textBlocks[1]/text-block[2]/text[1]/text()[1] to <![CDATA[Universal Soldier]]]]><![CDATA[> 
at /page-map[1]/sections[1]/page-section[1]/areas[1]/area[3]/modules[1]/module[1]/webElementSetComponentBeans[1]/element-group[2]/textBlocks[1]/text-block[2]/text[1]/text()[1]
***********************

Module:[FL01-default]***********************
Expected CDATA section value 'http://test.film4.com/reviews/2012/prometheus#' 
but was 'http://test.film4.com/reviews/2012/prometheus?ad3#' - comparing <![CDATA[http://test.film4.com/reviews/2012/prometheus#]]]]><![CDATA[> 
at /page-map[1]/sections[1]/page-section[1]/areas[1]/area[3]/modules[1]/module[1]/webElementSetComponentBeans[1]/element-group[3]/links[1]/link[1]/href[1]/text()[1] to <![CDATA[http://test.film4.com/reviews/2012/prometheus?ad3#]]]]><![CDATA[> 
at /page-map[1]/sections[1]/page-section[1]/areas[1]/area[3]/modules[1]/module[1]/webElementSetComponentBeans[1]/element-group[3]/links[1]/link[1]/href[1]/text()[1]
***********************

Module:[FL01-default]***********************
Expected CDATA section value 'Ladies' Man, The' 
but was 'Strike' - comparing <![CDATA[Ladies' Man, The]]]]><![CDATA[> 
at /page-map[1]/sections[1]/page-section[1]/areas[1]/area[3]/modules[1]/module[1]/webElementSetComponentBeans[1]/element-group[3]/links[1]/link[2]/linkText[1]/text()[1] to <![CDATA[Strike]]]]><![CDATA[> 
at /page-map[1]/sections[1]/page-section[1]/areas[1]/area[3]/modules[1]/module[1]/webElementSetComponentBeans[1]/element-group[3]/links[1]/link[2]/linkText[1]/text()[1]
***********************

Module:[FL01-default]***********************
Expected CDATA section value 'http://test.film4.com/reviews/1961/ladies-man-the' 
but was 'http://test.film4.com/reviews/1924/strike' - comparing <![CDATA[http://test.film4.com/reviews/1961/ladies-man-the]]]]><![CDATA[> 
at /page-map[1]/sections[1]/page-section[1]/areas[1]/area[3]/modules[1]/module[1]/webElementSetComponentBeans[1]/element-group[3]/links[1]/link[2]/href[1]/text()[1] to <![CDATA[http://test.film4.com/reviews/1924/strike]]]]><![CDATA[> 
at /page-map[1]/sections[1]/page-section[1]/areas[1]/area[3]/modules[1]/module[1]/webElementSetComponentBeans[1]/element-group[3]/links[1]/link[2]/href[1]/text()[1]
***********************

Module:[FL01-default]***********************
Expected CDATA section value 'http://test.film4.com/reviews/1961/ladies-man-the' 
but was 'http://test.film4.com/reviews/1924/strike' - comparing <![CDATA[http://test.film4.com/reviews/1961/ladies-man-the]]]]><![CDATA[> 
at /page-map[1]/sections[1]/page-section[1]/areas[1]/area[3]/modules[1]/module[1]/webElementSetComponentBeans[1]/element-group[3]/imageLinks[1]/picture-link[1]/href[1]/text()[1] to <![CDATA[http://test.film4.com/reviews/1924/strike]]]]><![CDATA[> 
at /page-map[1]/sections[1]/page-section[1]/areas[1]/area[3]/modules[1]/module[1]/webElementSetComponentBeans[1]/element-group[3]/imageLinks[1]/picture-link[1]/href[1]/text()[1]
***********************

Module:[FL01-default]***********************
Expected CDATA section value 'http://test.film4.com/media/images/Film4/film4-default-image_MED.jpg' 
but was 'http://test.film4.com/media/images/Channel4/film/S/strike_eisenstein_xl_01--film-A_MED.jpg' - comparing <![CDATA[http://test.film4.com/media/images/Film4/film4-default-image_MED.jpg]]]]><![CDATA[> 
at /page-map[1]/sections[1]/page-section[1]/areas[1]/area[3]/modules[1]/module[1]/webElementSetComponentBeans[1]/element-group[3]/imageLinks[1]/picture-link[1]/src[1]/text()[1] to <![CDATA[http://test.film4.com/media/images/Channel4/film/S/strike_eisenstein_xl_01--film-A_MED.jpg]]]]><![CDATA[> 
at /page-map[1]/sections[1]/page-section[1]/areas[1]/area[3]/modules[1]/module[1]/webElementSetComponentBeans[1]/element-group[3]/imageLinks[1]/picture-link[1]/src[1]/text()[1]
[...]
but was 'http://test.film4.com/1/f4-special-features?ww3aq#' - comparing <![CDATA[http://test.film4.com/1/f4-special-features?wwq#]]]]><![CDATA[> 
at /page-map[1]/sections[1]/page-section[2]/areas[1]/area[1]/modules[1]/module[3]/webElementSetComponentBeans[1]/element-group[1]/imageLinks[1]/picture-link[1]/href[1]/text()[1] to <![CDATA[http://test.film4.com/1/f4-special-features?ww3aq#]]]]><![CDATA[> 
at /page-map[1]/sections[1]/page-section[2]/areas[1]/area[1]/modules[1]/module[3]/webElementSetComponentBeans[1]/element-group[1]/imageLinks[1]/picture-link[1]/href[1]/text()[1]
***********************

Module:[SN02]***********************
Expected CDATA section value 'http://test.film4.com/1/f4-special-features?wwq#' 
but was 'http://test.film4.com/1/f4-special-features?ww3aq#' - comparing <![CDATA[http://test.film4.com/1/f4-special-features?wwq#]]]]><![CDATA[> 
at /page-map[1]/sections[1]/page-section[2]/areas[1]/area[1]/modules[1]/module[3]/webElementSetComponentBeans[1]/element-group[1]/imageLinks[1]/picture-link[2]/href[1]/text()[1] to <![CDATA[http://test.film4.com/1/f4-special-features?ww3aq#]]]]><![CDATA[> 
at /page-map[1]/sections[1]/page-section[2]/areas[1]/area[1]/modules[1]/module[3]/webElementSetComponentBeans[1]/element-group[1]/imageLinks[1]/picture-link[2]/href[1]/text()[1]
***********************

Module:[SN02]***********************
Expected CDATA section value 'http://test.film4.com/1/f4-special-features?wwq#' 
but was 'http://test.film4.com/1/f4-special-features?ww3aq#' - comparing <![CDATA[http://test.film4.com/1/f4-special-features?wwq#]]]]><![CDATA[> 
at /page-map[1]/sections[1]/page-section[2]/areas[1]/area[1]/modules[1]/module[3]/webElementSetComponentBeans[1]/element-group[1]/imageLinks[1]/picture-link[3]/href[1]/text()[1] to <![CDATA[http://test.film4.com/1/f4-special-features?ww3aq#]]]]><![CDATA[> 
at /page-map[1]/sections[1]/page-section[2]/areas[1]/area[1]/modules[1]/module[3]/webElementSetComponentBeans[1]/element-group[1]/imageLinks[1]/picture-link[3]/href[1]/text()[1]
***********************

Module:[SN02]***********************
Expected CDATA section value 'http://test.film4.com/1/f4-special-features?wwq#' 
but was 'http://test.film4.com/1/f4-special-features?ww3aq#' - comparing <![CDATA[http://test.film4.com/1/f4-special-features?wwq#]]]]><![CDATA[> 
at /page-map[1]/sections[1]/page-section[2]/areas[1]/area[1]/modules[1]/module[3]/webElementSetComponentBeans[1]/element-group[1]/imageLinks[1]/picture-link[4]/href[1]/text()[1] to <![CDATA[http://test.film4.com/1/f4-special-features?ww3aq#]]]]><![CDATA[> 
at /page-map[1]/sections[1]/page-section[2]/areas[1]/area[1]/modules[1]/module[3]/webElementSetComponentBeans[1]/element-group[1]/imageLinks[1]/picture-link[4]/href[1]/text()[1]
***********************
]]>
            </message>
            <full-stacktrace>
                <![CDATA[java.lang.AssertionError:
Module:[FL01-grid]***********************
Expected CDATA section value 'http://test.film4.com/1/f4-special-features?wwq#' 
but was 'http://test.film4.com/1/f4-special-features?ww3aq#' - comparing <![CDATA[http://test.film4.com/1/f4-special-features?wwq#]]]]>
                <![CDATA[>
at /page-map[1]/sections[1]/page-section[1]/areas[1]/area[1]/modules[1]/module[1]/webElementSetComponentBeans[1]/element-group[1]/links[1]/link[1]/href[1]/text()[1] to <![CDATA[http://test.film4.com/1/f4-special-features?ww3aq#]]]]>
                <![CDATA[>
at /page-map[1]/sections[1]/page-section[1]/areas[1]/area[1]/modules[1]/module[1]/webElementSetComponentBeans[1]/element-group[1]/links[1]/link[1]/href[1]/text()[1]
***********************

Module:[FL01-grid]***********************
Expected CDATA section value 'http://test.film4.com/1/f4-special-features?wwq#' 
but was 'http://test.film4.com/1/f4-special-features?ww3aq#' - comparing <![CDATA[http://test.film4.com/1/f4-special-features?wwq#]]]]>
                <![CDATA[>
at /page-map[1]/sections[1]/page-section[1]/areas[1]/area[1]/modules[1]/module[1]/webElementSetComponentBeans[1]/element-group[2]/links[1]/link[1]/href[1]/text()[1] to <![CDATA[http://test.film4.com/1/f4-special-features?ww3aq#]]]]>
                <![CDATA[>
at /page-map[1]/sections[1]/page-section[1]/areas[1]/area[1]/modules[1]/module[1]/webElementSetComponentBeans[1]/element-group[2]/links[1]/link[1]/href[1]/text()[1]
***********************

Module:[FL01-grid]***********************
Expected CDATA section value 'http://test.film4.com/1/f4-special-features?wwq#' 
but was 'http://test.film4.com/1/f4-special-features?ww3aq#' - comparing <![CDATA[http://test.film4.com/1/f4-special-features?wwq#]]]]>
                <![CDATA[>
at /page-map[1]/sections[1]/page-section[1]/areas[1]/area[1]/modules[1]/module[1]/webElementSetComponentBeans[1]/element-group[4]/links[1]/link[1]/href[1]/text()[1] to <![CDATA[http://test.film4.com/1/f4-special-features?ww3aq#]]]]>
                <![CDATA[>
at /page-map[1]/sections[1]/page-section[1]/areas[1]/area[1]/modules[1]/module[1]/webElementSetComponentBeans[1]/element-group[4]/links[1]/link[1]/href[1]/text()[1]
***********************

Module:[FL01-grid]***********************
Expected CDATA section value 'http://test.film4.com/1/f4-special-features?wwq#' 
but was 'http://test.film4.com/1/f4-special-features?ww3aq#' - comparing <![CDATA[http://test.film4.com/1/f4-special-features?wwq#]]]]>
                <![CDATA[>
at /page-map[1]/sections[1]/page-section[1]/areas[1]/area[1]/modules[1]/module[3]/webElementSetComponentBeans[1]/element-group[1]/links[1]/link[1]/href[1]/text()[1] to <![CDATA[http://test.film4.com/1/f4-special-features?ww3aq#]]]]>
                <![CDATA[>
at /page-map[1]/sections[1]/page-section[1]/areas[1]/area[1]/modules[1]/module[3]/webElementSetComponentBeans[1]/element-group[1]/links[1]/link[1]/href[1]/text()[1]
***********************

Module:[FL01-grid]***********************
Expected CDATA section value 'http://test.film4.com/1/f4-special-features?wwq#' 
but was 'http://test.film4.com/1/f4-special-features?ww3aq#' - comparing <![CDATA[http://test.film4.com/1/f4-special-features?wwq#]]]]>
                <![CDATA[>
at /page-map[1]/sections[1]/page-section[1]/areas[1]/area[1]/modules[1]/module[3]/webElementSetComponentBeans[1]/element-group[2]/links[1]/link[1]/href[1]/text()[1] to <![CDATA[http://test.film4.com/1/f4-special-features?ww3aq#]]]]>
                <![CDATA[>
at /page-map[1]/sections[1]/page-section[1]/areas[1]/area[1]/modules[1]/module[3]/webElementSetComponentBeans[1]/element-group[2]/links[1]/link[1]/href[1]/text()[1]
***********************

Module:[FL01-grid]***********************
Expected CDATA section value 'http://test.film4.com/1/f4-special-features?wwq#' 
but was 'http://test.film4.com/1/f4-special-features?ww3aq#' - comparing <![CDATA[http://test.film4.com/1/f4-special-features?wwq#]]]]>
                <![CDATA[>
at /page-map[1]/sections[1]/page-section[1]/areas[1]/area[1]/modules[1]/module[3]/webElementSetComponentBeans[1]/element-group[3]/links[1]/link[1]/href[1]/text()[1] to <![CDATA[http://test.film4.com/1/f4-special-features?ww3aq#]]]]>
                <![CDATA[>
at /page-map[1]/sections[1]/page-section[1]/areas[1]/area[1]/modules[1]/module[3]/webElementSetComponentBeans[1]/element-group[3]/links[1]/link[1]/href[1]/text()[1]
***********************

Module:[FL01-grid]***********************
Expected CDATA section value 'http://test.film4.com/1/f4-special-features?wwq#' 
but was 'http://test.film4.com/1/f4-special-features?ww3aq#' - comparing <![CDATA[http://test.film4.com/1/f4-special-features?wwq#]]]]>
                <![CDATA[>
at /page-map[1]/sections[1]/page-section[1]/areas[1]/area[1]/modules[1]/module[3]/webElementSetComponentBeans[1]/element-group[4]/links[1]/link[1]/href[1]/text()[1] to <![CDATA[http://test.film4.com/1/f4-special-features?ww3aq#]]]]>
                <![CDATA[>
at /page-map[1]/sections[1]/page-section[1]/areas[1]/area[1]/modules[1]/module[3]/webElementSetComponentBeans[1]/element-group[4]/links[1]/link[1]/href[1]/text()[1]
***********************

Module:[FL01-grid]***********************
Expected CDATA section value 'http://test.film4.com/1/f4-special-features?wwq#' 
but was 'http://test.film4.com/1/f4-special-features?ww3aq#' - comparing <![CDATA[http://test.film4.com/1/f4-special-features?wwq#]]]]>
                <![CDATA[>
at /page-map[1]/sections[1]/page-section[1]/areas[1]/area[2]/modules[1]/module[1]/webElementSetComponentBeans[1]/element-group[2]/links[1]/link[1]/href[1]/text()[1] to <![CDATA[http://test.film4.com/1/f4-special-features?ww3aq#]]]]>
                <![CDATA[>
at /page-map[1]/sections[1]/page-section[1]/areas[1]/area[2]/modules[1]/module[1]/webElementSetComponentBeans[1]/element-group[2]/links[1]/link[1]/href[1]/text()[1]
***********************

Module:[FL01-grid]***********************
Expected CDATA section value 'http://test.film4.com/1/f4-special-features?wwq#' 
but was 'http://test.film4.com/1/f4-special-features?ww3aq#' - comparing <![CDATA[http://test.film4.com/1/f4-special-features?wwq#]]]]>
                <![CDATA[>
at /page-map[1]/sections[1]/page-section[1]/areas[1]/area[2]/modules[1]/module[1]/webElementSetComponentBeans[1]/element-group[3]/links[1]/link[1]/href[1]/text()[1] to <![CDATA[http://test.film4.com/1/f4-special-features?ww3aq#]]]]>
                <![CDATA[>
at /page-map[1]/sections[1]/page-section[1]/areas[1]/area[2]/modules[1]/module[1]/webElementSetComponentBeans[1]/element-group[3]/links[1]/link[1]/href[1]/text()[1]
***********************

Module:[FL01-grid]***********************
Expected CDATA section value 'http://test.film4.com/1/f4-special-features?wwq#' 
but was 'http://test.film4.com/1/f4-special-features?ww3aq#' - comparing <![CDATA[http://test.film4.com/1/f4-special-features?wwq#]]]]>
                <![CDATA[>
at /page-map[1]/sections[1]/page-section[1]/areas[1]/area[2]/modules[1]/module[1]/webElementSetComponentBeans[1]/element-group[4]/links[1]/link[1]/href[1]/text()[1] to <![CDATA[http://test.film4.com/1/f4-special-features?ww3aq#]]]]>
                <![CDATA[>
at /page-map[1]/sections[1]/page-section[1]/areas[1]/area[2]/modules[1]/module[1]/webElementSetComponentBeans[1]/element-group[4]/links[1]/link[1]/href[1]/text()[1]
***********************

Module:[FL01-grid]***********************
Expected CDATA section value 'http://test.film4.com/1/f4-special-features?wwq#' 
but was 'http://test.film4.com/1/f4-special-features?ww3aq#' - comparing <![CDATA[http://test.film4.com/1/f4-special-features?wwq#]]]]>
                <![CDATA[>
at /page-map[1]/sections[1]/page-section[1]/areas[1]/area[3]/modules[1]/module[1]/webElementSetComponentBeans[1]/element-group[1]/links[1]/link[1]/href[1]/text()[1] to <![CDATA[http://test.film4.com/1/f4-special-features?ww3aq#]]]]>
                <![CDATA[>
at /page-map[1]/sections[1]/page-section[1]/areas[1]/area[3]/modules[1]/module[1]/webElementSetComponentBeans[1]/element-group[1]/links[1]/link[1]/href[1]/text()[1]
***********************

Module:[FL01-grid]***********************
Expected CDATA section value 'http://test.film4.com/1/f4-special-features?wwq#' 
but was 'http://test.film4.com/1/f4-special-features?ww3aq#' - comparing <![CDATA[http://test.film4.com/1/f4-special-features?wwq#]]]]>
                <![CDATA[>
at /page-map[1]/sections[1]/page-section[1]/areas[1]/area[3]/modules[1]/module[1]/webElementSetComponentBeans[1]/element-group[2]/links[1]/link[1]/href[1]/text()[1] to <![CDATA[http://test.film4.com/1/f4-special-features?ww3aq#]]]]>
                <![CDATA[>
at /page-map[1]/sections[1]/page-section[1]/areas[1]/area[3]/modules[1]/module[1]/webElementSetComponentBeans[1]/element-group[2]/links[1]/link[1]/href[1]/text()[1]
***********************

Module:[FL01-grid]***********************
Expected CDATA section value 'http://test.film4.com/1/f4-special-features?wwq#' 
but was 'http://test.film4.com/1/f4-special-features?ww3aq#' - comparing <![CDATA[http://test.film4.com/1/f4-special-features?wwq#]]]]>
                <![CDATA[>
at /page-map[1]/sections[1]/page-section[1]/areas[1]/area[3]/modules[1]/module[1]/webElementSetComponentBeans[1]/element-group[3]/links[1]/link[1]/href[1]/text()[1] to <![CDATA[http://test.film4.com/1/f4-special-features?ww3aq#]]]]>
                <![CDATA[>
at /page-map[1]/sections[1]/page-section[1]/areas[1]/area[3]/modules[1]/module[1]/webElementSetComponentBeans[1]/element-group[3]/links[1]/link[1]/href[1]/text()[1]
***********************

Module:[FL01-grid]***********************
Expected CDATA section value 'http://test.film4.com/1/f4-special-features?wwq#' 
but was 'http://test.film4.com/1/f4-special-features?ww3aq#' - comparing <![CDATA[http://test.film4.com/1/f4-special-features?wwq#]]]]>
                <![CDATA[>
at /page-map[1]/sections[1]/page-section[1]/areas[1]/area[3]/modules[1]/module[1]/webElementSetComponentBeans[1]/element-group[4]/links[1]/link[1]/href[1]/text()[1] to <![CDATA[http://test.film4.com/1/f4-special-features?ww3aq#]]]]>
                <![CDATA[>
at /page-map[1]/sections[1]/page-section[1]/areas[1]/area[3]/modules[1]/module[1]/webElementSetComponentBeans[1]/element-group[4]/links[1]/link[1]/href[1]/text()[1]
***********************

Module:[SN02]***********************
Expected CDATA section value 'http://test.film4.com/1/f4-special-features?wwq#' 
but was 'http://test.film4.com/1/f4-special-features?ww3aq#' - comparing <![CDATA[http://test.film4.com/1/f4-special-features?wwq#]]]]>
                <![CDATA[>
at /page-map[1]/sections[1]/page-section[2]/areas[1]/area[1]/modules[1]/module[3]/webElementSetComponentBeans[1]/element-group[1]/imageLinks[1]/picture-link[1]/href[1]/text()[1] to <![CDATA[http://test.film4.com/1/f4-special-features?ww3aq#]]]]>
                <![CDATA[>
at /page-map[1]/sections[1]/page-section[2]/areas[1]/area[1]/modules[1]/module[3]/webElementSetComponentBeans[1]/element-group[1]/imageLinks[1]/picture-link[1]/href[1]/text()[1]
***********************

Module:[SN02]***********************
Expected CDATA section value 'http://test.film4.com/1/f4-special-features?wwq#' 
but was 'http://test.film4.com/1/f4-special-features?ww3aq#' - comparing <![CDATA[http://test.film4.com/1/f4-special-features?wwq#]]]]>
                <![CDATA[>
at /page-map[1]/sections[1]/page-section[2]/areas[1]/area[1]/modules[1]/module[3]/webElementSetComponentBeans[1]/element-group[1]/imageLinks[1]/picture-link[2]/href[1]/text()[1] to <![CDATA[http://test.film4.com/1/f4-special-features?ww3aq#]]]]>
                <![CDATA[>
at /page-map[1]/sections[1]/page-section[2]/areas[1]/area[1]/modules[1]/module[3]/webElementSetComponentBeans[1]/element-group[1]/imageLinks[1]/picture-link[2]/href[1]/text()[1]
***********************

Module:[SN02]***********************
Expected CDATA section value 'http://test.film4.com/1/f4-special-features?wwq#' 
but was 'http://test.film4.com/1/f4-special-features?ww3aq#' - comparing <![CDATA[http://test.film4.com/1/f4-special-features?wwq#]]]]>
                <![CDATA[>
at /page-map[1]/sections[1]/page-section[2]/areas[1]/area[1]/modules[1]/module[3]/webElementSetComponentBeans[1]/element-group[1]/imageLinks[1]/picture-link[3]/href[1]/text()[1] to <![CDATA[http://test.film4.com/1/f4-special-features?ww3aq#]]]]>
                <![CDATA[>
at /page-map[1]/sections[1]/page-section[2]/areas[1]/area[1]/modules[1]/module[3]/webElementSetComponentBeans[1]/element-group[1]/imageLinks[1]/picture-link[3]/href[1]/text()[1]
***********************

Module:[SN02]***********************
Expected CDATA section value 'http://test.film4.com/1/f4-special-features?wwq#' 
but was 'http://test.film4.com/1/f4-special-features?ww3aq#' - comparing <![CDATA[http://test.film4.com/1/f4-special-features?wwq#]]]]>
                <![CDATA[>
at /page-map[1]/sections[1]/page-section[2]/areas[1]/area[1]/modules[1]/module[3]/webElementSetComponentBeans[1]/element-group[1]/imageLinks[1]/picture-link[4]/href[1]/text()[1] to <![CDATA[http://test.film4.com/1/f4-special-features?ww3aq#]]]]>
                <![CDATA[>
at /page-map[1]/sections[1]/page-section[2]/areas[1]/area[1]/modules[1]/module[3]/webElementSetComponentBeans[1]/element-group[1]/imageLinks[1]/picture-link[4]/href[1]/text()[1]
***********************

	at org.testng.Assert.fail(Assert.java:89)
	at com.sharpqa.comparesolution.test.ComparisonTest.testXMLPageObjectMapAgainstExpeted(ComparisonTest.java:54)
	at sun.reflect.GeneratedMethodAccessor14.invoke(Unknown Source)
	at sun.reflect.DelegatingMethodAccessorImpl.invoke(DelegatingMethodAccessorImpl.java:25)
	at java.lang.reflect.Method.invoke(Method.java:597)
	at org.testng.internal.MethodInvocationHelper.invokeMethod(MethodInvocationHelper.java:80)
	at org.testng.internal.InvokeMethodRunnable.runOne(InvokeMethodRunnable.java:46)
	at org.testng.internal.InvokeMethodRunnable.run(InvokeMethodRunnable.java:37)
	at java.util.concurrent.Executors$RunnableAdapter.call(Executors.java:441)
	at java.util.concurrent.FutureTask$Sync.innerRun(FutureTask.java:303)
	at java.util.concurrent.FutureTask.run(FutureTask.java:138)
	at java.util.concurrent.ThreadPoolExecutor$Worker.runTask(ThreadPoolExecutor.java:886)
	at java.util.concurrent.ThreadPoolExecutor$Worker.run(ThreadPoolExecutor.java:908)
	at java.lang.Thread.run(Thread.java:662)
]]>
            </full-stacktrace>
          </exception>
        </test-method>
        <test-method status="FAIL" signature="testXMLPageObjectMapAgainstExpeted()[pri:0, instance:null(com.sharpqa.comparesolution.test.ComparisonTest)]" name="testXMLPageObjectMapAgainstExpeted" duration-ms="60" started-at="2012-11-15T17:56:50Z" description="compare XMLs with Expected" depends-on-methods="com.sharpqa.comparesolution.test.ComparisonTest.createXMLPageObjectMap" finished-at="2012-11-15T17:56:50Z">
          <exception class="java.lang.AssertionError">
            <message>
              <![CDATA[
Module:[]***********************
Expected presence of child nodes to be 'false' 
but was 'true' - comparing <sections...> 
at /page-map[1]/sections[1] to <sections...> 
at /page-map[1]/sections[1]
***********************
]]>
            </message>
            <full-stacktrace>
                <![CDATA[java.lang.AssertionError:
Module:[]***********************
Expected presence of child nodes to be 'false' 
but was 'true' - comparing <sections...> 
at /page-map[1]/sections[1] to <sections...> 
at /page-map[1]/sections[1]
***********************

	at org.testng.Assert.fail(Assert.java:89)
	at com.sharpqa.comparesolution.test.ComparisonTest.testXMLPageObjectMapAgainstExpeted(ComparisonTest.java:54)
	at sun.reflect.GeneratedMethodAccessor14.invoke(Unknown Source)
	at sun.reflect.DelegatingMethodAccessorImpl.invoke(DelegatingMethodAccessorImpl.java:25)
	at java.lang.reflect.Method.invoke(Method.java:597)
	at org.testng.internal.MethodInvocationHelper.invokeMethod(MethodInvocationHelper.java:80)
	at org.testng.internal.InvokeMethodRunnable.runOne(InvokeMethodRunnable.java:46)
	at org.testng.internal.InvokeMethodRunnable.run(InvokeMethodRunnable.java:37)
	at java.util.concurrent.Executors$RunnableAdapter.call(Executors.java:441)
	at java.util.concurrent.FutureTask$Sync.innerRun(FutureTask.java:303)
	at java.util.concurrent.FutureTask.run(FutureTask.java:138)
	at java.util.concurrent.ThreadPoolExecutor$Worker.runTask(ThreadPoolExecutor.java:886)
	at java.util.concurrent.ThreadPoolExecutor$Worker.run(ThreadPoolExecutor.java:908)
	at java.lang.Thread.run(Thread.java:662)
]]>
            </full-stacktrace>
          </exception>
        </test-method>
      </class>
      <class name="com.sharpqa.comparesolution.test.ComparisonTestFactory">
        <test-method status="PASS" signature="quitAllbrowsers()[pri:0, instance:com.sharpqa.comparesolution.test.ComparisonTestFactory@b8f82d]" name="quitAllbrowsers" is-config="true" duration-ms="52700" started-at="2012-11-15T17:56:52Z" finished-at="2012-11-15T17:57:44Z">
        </test-method>
      </class>
    </test>
  </suite>
</testng-results>
