<?xml version="1.0" encoding="UTF-8"?>
<!-- Generated by org.testng.reporters.JUnitXMLReporter -->
<testsuite hostname="DTE0228" name="SanityTest" tests="18" failures="0" timestamp="14 Nov 2012 16:40:21 GMT" time="430.105" errors="0">
  <testcase name="createXMLPageObjectMap" time="39.459" classname="com.sharpqa.comparesolution.test.ComparisonTestSetBaseLine"/>
  <testcase name="createXMLPageObjectMap" time="39.459" classname="com.sharpqa.comparesolution.test.ComparisonTestSetBaseLine"/>
  <testcase name="createXMLPageObjectMap" time="39.459" classname="com.sharpqa.comparesolution.test.ComparisonTestSetBaseLine"/>
  <testcase name="createXMLPageObjectMap" time="87.034" classname="com.sharpqa.comparesolution.test.ComparisonTestSetBaseLine"/>
  <testcase name="createXMLPageObjectMap" time="101.469" classname="com.sharpqa.comparesolution.test.ComparisonTestSetBaseLine"/>
  <testcase name="createXMLPageObjectMap" time="105.001" classname="com.sharpqa.comparesolution.test.ComparisonTestSetBaseLine"/>
  <testcase name="createXMLPageObjectMap" time="122.93" classname="com.sharpqa.comparesolution.test.ComparisonTestSetBaseLine"/>
  <testcase name="createXMLPageObjectMap" time="155.017" classname="com.sharpqa.comparesolution.test.ComparisonTestSetBaseLine"/>
  <testcase name="createXMLPageObjectMap" time="212.381" classname="com.sharpqa.comparesolution.test.ComparisonTestSetBaseLine"/>
  <testcase name="createXMLPageObjectMap" time="287.34" classname="com.sharpqa.comparesolution.test.ComparisonTestSetBaseLine"/>
  <testcase name="createXMLPageObjectMap" time="268.244" classname="com.sharpqa.comparesolution.test.ComparisonTestSetBaseLine"/>
  <testcase name="createXMLPageObjectMap" time="239.457" classname="com.sharpqa.comparesolution.test.ComparisonTestSetBaseLine"/>
  <testcase name="createXMLPageObjectMap" time="304.986" classname="com.sharpqa.comparesolution.test.ComparisonTestSetBaseLine"/>
  <testcase name="createXMLPageObjectMap" time="369.742" classname="com.sharpqa.comparesolution.test.ComparisonTestSetBaseLine"/>
  <testcase name="createXMLPageObjectMap" time="304.473" classname="com.sharpqa.comparesolution.test.ComparisonTestSetBaseLine"/>
  <testcase name="createXMLPageObjectMap" time="264.522" classname="com.sharpqa.comparesolution.test.ComparisonTestSetBaseLine"/>
  <testcase name="createXMLPageObjectMap" time="382.571" classname="com.sharpqa.comparesolution.test.ComparisonTestSetBaseLine"/>
  <testcase name="createXMLPageObjectMap" time="390.48" classname="com.sharpqa.comparesolution.test.ComparisonTestSetBaseLine"/>
</testsuite>
