<?xml version="1.0" encoding="UTF-8"?>
<!-- Generated by org.testng.reporters.JUnitReportReporter -->
<testsuite hostname="DTE0228" name="com.sharpqa.comparesolution.test.ComparisonTest" tests="36" failures="0" timestamp="15 Nov 2012 17:57:45 GMT" time="1833.276" errors="18">
  <testcase name="testXMLPageObjectMapAgainstExpeted" time="0.484" classname="com.sharpqa.comparesolution.test.ComparisonTest">
    <error type="java.lang.AssertionError" message="
Module:[SN02]***********************
Expected CDATA section value &#039;http://test.film4.com/special-features/interviews#&#039; 
but was &#039;http://test.film4.com/special-features/interviews?3ad#&#039; - comparing &lt;![CDATA[http://test.film4.com/special-features/interviews#]]&gt; 
at /page-map[1]/sections[1]/page-section[2]/areas[1]/area[1]/modules[1]/module[3]/webElementSetComponentBeans[1]/element-group[1]/imageLinks[1]/picture-link[1]/href[1]/text()[1] to &lt;![CDATA[http://test.film4.com/special-features/interviews?3ad#]]&gt; 
at /page-map[1]/sections[1]/page-section[2]/areas[1]/area[1]/modules[1]/module[3]/webElementSetComponentBeans[1]/element-group[1]/imageLinks[1]/picture-link[1]/href[1]/text()[1]
***********************

Module:[SN02]***********************
Expected CDATA section value &#039;http://test.film4.com/special-features/interviews#&#039; 
but was &#039;http://test.film4.com/special-features/interviews?3ad#&#039; - comparing &lt;![CDATA[http://test.film4.com/special-features/interviews#]]&gt; 
at /page-map[1]/sections[1]/page-section[2]/areas[1]/area[1]/modules[1]/module[3]/webElementSetComponentBeans[1]/element-group[1]/imageLinks[1]/picture-link[2]/href[1]/text()[1] to &lt;![CDATA[http://test.film4.com/special-features/interviews?3ad#]]&gt; 
at /page-map[1]/sections[1]/page-section[2]/areas[1]/area[1]/modules[1]/module[3]/webElementSetComponentBeans[1]/element-group[1]/imageLinks[1]/picture-link[2]/href[1]/text()[1]
***********************

Module:[SN02]***********************
Expected CDATA section value &#039;http://test.film4.com/special-features/interviews#&#039; 
but was &#039;http://test.film4.com/special-features/interviews?3ad#&#039; - comparing &lt;![CDATA[http://test.film4.com/special-features/interviews#]]&gt; 
at /page-map[1]/sections[1]/page-section[2]/areas[1]/area[1]/modules[1]/module[3]/webElementSetComponentBeans[1]/element-group[1]/imageLinks[1]/picture-link[3]/href[1]/text()[1] to &lt;![CDATA[http://test.film4.com/special-features/interviews?3ad#]]&gt; 
at /page-map[1]/sections[1]/page-section[2]/areas[1]/area[1]/modules[1]/module[3]/webElementSetComponentBeans[1]/element-group[1]/imageLinks[1]/picture-link[3]/href[1]/text()[1]
***********************

Module:[SN02]***********************
Expected CDATA section value &#039;http://test.film4.com/special-features/interviews#&#039; 
but was &#039;http://test.film4.com/special-features/interviews?3ad#&#039; - comparing &lt;![CDATA[http://test.film4.com/special-features/interviews#]]&gt; 
at /page-map[1]/sections[1]/page-section[2]/areas[1]/area[1]/modules[1]/module[3]/webElementSetComponentBeans[1]/element-group[1]/imageLinks[1]/picture-link[4]/href[1]/text()[1] to &lt;![CDATA[http://test.film4.com/special-features/interviews?3ad#]]&gt; 
at /page-map[1]/sections[1]/page-section[2]/areas[1]/area[1]/modules[1]/module[3]/webElementSetComponentBeans[1]/element-group[1]/imageLinks[1]/picture-link[4]/href[1]/text()[1]
***********************
">
        <![CDATA[java.lang.AssertionError:
Module:[SN02]***********************
Expected CDATA section value 'http://test.film4.com/special-features/interviews#' 
but was 'http://test.film4.com/special-features/interviews?3ad#' - comparing <![CDATA[http://test.film4.com/special-features/interviews#]]]]>
        <![CDATA[>
at /page-map[1]/sections[1]/page-section[2]/areas[1]/area[1]/modules[1]/module[3]/webElementSetComponentBeans[1]/element-group[1]/imageLinks[1]/picture-link[1]/href[1]/text()[1] to <![CDATA[http://test.film4.com/special-features/interviews?3ad#]]]]>
        <![CDATA[>
at /page-map[1]/sections[1]/page-section[2]/areas[1]/area[1]/modules[1]/module[3]/webElementSetComponentBeans[1]/element-group[1]/imageLinks[1]/picture-link[1]/href[1]/text()[1]
***********************

Module:[SN02]***********************
Expected CDATA section value 'http://test.film4.com/special-features/interviews#' 
but was 'http://test.film4.com/special-features/interviews?3ad#' - comparing <![CDATA[http://test.film4.com/special-features/interviews#]]]]>
        <![CDATA[>
at /page-map[1]/sections[1]/page-section[2]/areas[1]/area[1]/modules[1]/module[3]/webElementSetComponentBeans[1]/element-group[1]/imageLinks[1]/picture-link[2]/href[1]/text()[1] to <![CDATA[http://test.film4.com/special-features/interviews?3ad#]]]]>
        <![CDATA[>
at /page-map[1]/sections[1]/page-section[2]/areas[1]/area[1]/modules[1]/module[3]/webElementSetComponentBeans[1]/element-group[1]/imageLinks[1]/picture-link[2]/href[1]/text()[1]
***********************

Module:[SN02]***********************
Expected CDATA section value 'http://test.film4.com/special-features/interviews#' 
but was 'http://test.film4.com/special-features/interviews?3ad#' - comparing <![CDATA[http://test.film4.com/special-features/interviews#]]]]>
        <![CDATA[>
at /page-map[1]/sections[1]/page-section[2]/areas[1]/area[1]/modules[1]/module[3]/webElementSetComponentBeans[1]/element-group[1]/imageLinks[1]/picture-link[3]/href[1]/text()[1] to <![CDATA[http://test.film4.com/special-features/interviews?3ad#]]]]>
        <![CDATA[>
at /page-map[1]/sections[1]/page-section[2]/areas[1]/area[1]/modules[1]/module[3]/webElementSetComponentBeans[1]/element-group[1]/imageLinks[1]/picture-link[3]/href[1]/text()[1]
***********************

Module:[SN02]***********************
Expected CDATA section value 'http://test.film4.com/special-features/interviews#' 
but was 'http://test.film4.com/special-features/interviews?3ad#' - comparing <![CDATA[http://test.film4.com/special-features/interviews#]]]]>
        <![CDATA[>
at /page-map[1]/sections[1]/page-section[2]/areas[1]/area[1]/modules[1]/module[3]/webElementSetComponentBeans[1]/element-group[1]/imageLinks[1]/picture-link[4]/href[1]/text()[1] to <![CDATA[http://test.film4.com/special-features/interviews?3ad#]]]]>
        <![CDATA[>
at /page-map[1]/sections[1]/page-section[2]/areas[1]/area[1]/modules[1]/module[3]/webElementSetComponentBeans[1]/element-group[1]/imageLinks[1]/picture-link[4]/href[1]/text()[1]
***********************

	at org.testng.Assert.fail(Assert.java:89)
	at com.sharpqa.comparesolution.test.ComparisonTest.testXMLPageObjectMapAgainstExpeted(ComparisonTest.java:54)
	at sun.reflect.NativeMethodAccessorImpl.invoke0(Native Method)
	at sun.reflect.NativeMethodAccessorImpl.invoke(NativeMethodAccessorImpl.java:39)
	at sun.reflect.DelegatingMethodAccessorImpl.invoke(DelegatingMethodAccessorImpl.java:25)
	at java.lang.reflect.Method.invoke(Method.java:597)
	at org.testng.internal.MethodInvocationHelper.invokeMethod(MethodInvocationHelper.java:80)
	at org.testng.internal.InvokeMethodRunnable.runOne(InvokeMethodRunnable.java:46)
	at org.testng.internal.InvokeMethodRunnable.run(InvokeMethodRunnable.java:37)
	at java.util.concurrent.Executors$RunnableAdapter.call(Executors.java:441)
	at java.util.concurrent.FutureTask$Sync.innerRun(FutureTask.java:303)
	at java.util.concurrent.FutureTask.run(FutureTask.java:138)
	at java.util.concurrent.ThreadPoolExecutor$Worker.runTask(ThreadPoolExecutor.java:886)
	at java.util.concurrent.ThreadPoolExecutor$Worker.run(ThreadPoolExecutor.java:908)
	at java.lang.Thread.run(Thread.java:662)
]]>
    </error>
  </testcase>
  <testcase name="createXMLPageObjectMap" time="141.515" classname="com.sharpqa.comparesolution.test.ComparisonTest"/>
  <testcase name="testXMLPageObjectMapAgainstExpeted" time="0.127" classname="com.sharpqa.comparesolution.test.ComparisonTest">
    <error type="java.lang.AssertionError" message="
Module:[SN02]***********************
Expected CDATA section value &#039;http://test.film4.com/film4-productions#&#039; 
but was &#039;http://test.film4.com/film4-productions?deead#&#039; - comparing &lt;![CDATA[http://test.film4.com/film4-productions#]]&gt; 
at /page-map[1]/sections[1]/page-section[2]/areas[1]/area[1]/modules[1]/module[2]/webElementSetComponentBeans[1]/element-group[1]/imageLinks[1]/picture-link[1]/href[1]/text()[1] to &lt;![CDATA[http://test.film4.com/film4-productions?deead#]]&gt; 
at /page-map[1]/sections[1]/page-section[2]/areas[1]/area[1]/modules[1]/module[2]/webElementSetComponentBeans[1]/element-group[1]/imageLinks[1]/picture-link[1]/href[1]/text()[1]
***********************

Module:[SN02]***********************
Expected CDATA section value &#039;http://test.film4.com/film4-productions#&#039; 
but was &#039;http://test.film4.com/film4-productions?deead#&#039; - comparing &lt;![CDATA[http://test.film4.com/film4-productions#]]&gt; 
at /page-map[1]/sections[1]/page-section[2]/areas[1]/area[1]/modules[1]/module[2]/webElementSetComponentBeans[1]/element-group[1]/imageLinks[1]/picture-link[2]/href[1]/text()[1] to &lt;![CDATA[http://test.film4.com/film4-productions?deead#]]&gt; 
at /page-map[1]/sections[1]/page-section[2]/areas[1]/area[1]/modules[1]/module[2]/webElementSetComponentBeans[1]/element-group[1]/imageLinks[1]/picture-link[2]/href[1]/text()[1]
***********************

Module:[SN02]***********************
Expected CDATA section value &#039;http://test.film4.com/film4-productions#&#039; 
but was &#039;http://test.film4.com/film4-productions?deead#&#039; - comparing &lt;![CDATA[http://test.film4.com/film4-productions#]]&gt; 
at /page-map[1]/sections[1]/page-section[2]/areas[1]/area[1]/modules[1]/module[2]/webElementSetComponentBeans[1]/element-group[1]/imageLinks[1]/picture-link[3]/href[1]/text()[1] to &lt;![CDATA[http://test.film4.com/film4-productions?deead#]]&gt; 
at /page-map[1]/sections[1]/page-section[2]/areas[1]/area[1]/modules[1]/module[2]/webElementSetComponentBeans[1]/element-group[1]/imageLinks[1]/picture-link[3]/href[1]/text()[1]
***********************

Module:[SN02]***********************
Expected CDATA section value &#039;http://test.film4.com/film4-productions#&#039; 
but was &#039;http://test.film4.com/film4-productions?deead#&#039; - comparing &lt;![CDATA[http://test.film4.com/film4-productions#]]&gt; 
at /page-map[1]/sections[1]/page-section[2]/areas[1]/area[1]/modules[1]/module[2]/webElementSetComponentBeans[1]/element-group[1]/imageLinks[1]/picture-link[4]/href[1]/text()[1] to &lt;![CDATA[http://test.film4.com/film4-productions?deead#]]&gt; 
at /page-map[1]/sections[1]/page-section[2]/areas[1]/area[1]/modules[1]/module[2]/webElementSetComponentBeans[1]/element-group[1]/imageLinks[1]/picture-link[4]/href[1]/text()[1]
***********************
">
        <![CDATA[java.lang.AssertionError:
Module:[SN02]***********************
Expected CDATA section value 'http://test.film4.com/film4-productions#' 
but was 'http://test.film4.com/film4-productions?deead#' - comparing <![CDATA[http://test.film4.com/film4-productions#]]]]>
        <![CDATA[>
at /page-map[1]/sections[1]/page-section[2]/areas[1]/area[1]/modules[1]/module[2]/webElementSetComponentBeans[1]/element-group[1]/imageLinks[1]/picture-link[1]/href[1]/text()[1] to <![CDATA[http://test.film4.com/film4-productions?deead#]]]]>
        <![CDATA[>
at /page-map[1]/sections[1]/page-section[2]/areas[1]/area[1]/modules[1]/module[2]/webElementSetComponentBeans[1]/element-group[1]/imageLinks[1]/picture-link[1]/href[1]/text()[1]
***********************

Module:[SN02]***********************
Expected CDATA section value 'http://test.film4.com/film4-productions#' 
but was 'http://test.film4.com/film4-productions?deead#' - comparing <![CDATA[http://test.film4.com/film4-productions#]]]]>
        <![CDATA[>
at /page-map[1]/sections[1]/page-section[2]/areas[1]/area[1]/modules[1]/module[2]/webElementSetComponentBeans[1]/element-group[1]/imageLinks[1]/picture-link[2]/href[1]/text()[1] to <![CDATA[http://test.film4.com/film4-productions?deead#]]]]>
        <![CDATA[>
at /page-map[1]/sections[1]/page-section[2]/areas[1]/area[1]/modules[1]/module[2]/webElementSetComponentBeans[1]/element-group[1]/imageLinks[1]/picture-link[2]/href[1]/text()[1]
***********************

Module:[SN02]***********************
Expected CDATA section value 'http://test.film4.com/film4-productions#' 
but was 'http://test.film4.com/film4-productions?deead#' - comparing <![CDATA[http://test.film4.com/film4-productions#]]]]>
        <![CDATA[>
at /page-map[1]/sections[1]/page-section[2]/areas[1]/area[1]/modules[1]/module[2]/webElementSetComponentBeans[1]/element-group[1]/imageLinks[1]/picture-link[3]/href[1]/text()[1] to <![CDATA[http://test.film4.com/film4-productions?deead#]]]]>
        <![CDATA[>
at /page-map[1]/sections[1]/page-section[2]/areas[1]/area[1]/modules[1]/module[2]/webElementSetComponentBeans[1]/element-group[1]/imageLinks[1]/picture-link[3]/href[1]/text()[1]
***********************

Module:[SN02]***********************
Expected CDATA section value 'http://test.film4.com/film4-productions#' 
but was 'http://test.film4.com/film4-productions?deead#' - comparing <![CDATA[http://test.film4.com/film4-productions#]]]]>
        <![CDATA[>
at /page-map[1]/sections[1]/page-section[2]/areas[1]/area[1]/modules[1]/module[2]/webElementSetComponentBeans[1]/element-group[1]/imageLinks[1]/picture-link[4]/href[1]/text()[1] to <![CDATA[http://test.film4.com/film4-productions?deead#]]]]>
        <![CDATA[>
at /page-map[1]/sections[1]/page-section[2]/areas[1]/area[1]/modules[1]/module[2]/webElementSetComponentBeans[1]/element-group[1]/imageLinks[1]/picture-link[4]/href[1]/text()[1]
***********************

	at org.testng.Assert.fail(Assert.java:89)
	at com.sharpqa.comparesolution.test.ComparisonTest.testXMLPageObjectMapAgainstExpeted(ComparisonTest.java:54)
	at sun.reflect.NativeMethodAccessorImpl.invoke0(Native Method)
	at sun.reflect.NativeMethodAccessorImpl.invoke(NativeMethodAccessorImpl.java:39)
	at sun.reflect.DelegatingMethodAccessorImpl.invoke(DelegatingMethodAccessorImpl.java:25)
	at java.lang.reflect.Method.invoke(Method.java:597)
	at org.testng.internal.MethodInvocationHelper.invokeMethod(MethodInvocationHelper.java:80)
	at org.testng.internal.InvokeMethodRunnable.runOne(InvokeMethodRunnable.java:46)
	at org.testng.internal.InvokeMethodRunnable.run(InvokeMethodRunnable.java:37)
	at java.util.concurrent.Executors$RunnableAdapter.call(Executors.java:441)
	at java.util.concurrent.FutureTask$Sync.innerRun(FutureTask.java:303)
	at java.util.concurrent.FutureTask.run(FutureTask.java:138)
	at java.util.concurrent.ThreadPoolExecutor$Worker.runTask(ThreadPoolExecutor.java:886)
	at java.util.concurrent.ThreadPoolExecutor$Worker.run(ThreadPoolExecutor.java:908)
	at java.lang.Thread.run(Thread.java:662)
]]>
    </error>
  </testcase>
  <testcase name="createXMLPageObjectMap" time="74.001" classname="com.sharpqa.comparesolution.test.ComparisonTest"/>
  <testcase name="createXMLPageObjectMap" time="89.810" classname="com.sharpqa.comparesolution.test.ComparisonTest"/>
  <testcase name="createXMLPageObjectMap" time="64.996" classname="com.sharpqa.comparesolution.test.ComparisonTest"/>
  <testcase name="createXMLPageObjectMap" time="146.179" classname="com.sharpqa.comparesolution.test.ComparisonTest"/>
  <testcase name="testXMLPageObjectMapAgainstExpeted" time="0.060" classname="com.sharpqa.comparesolution.test.ComparisonTest">
    <error type="java.lang.AssertionError" message="
Module:[]***********************
Expected presence of child nodes to be &#039;false&#039; 
but was &#039;true&#039; - comparing &lt;sections...&gt; 
at /page-map[1]/sections[1] to &lt;sections...&gt; 
at /page-map[1]/sections[1]
***********************
">
        <![CDATA[java.lang.AssertionError:
Module:[]***********************
Expected presence of child nodes to be 'false' 
but was 'true' - comparing <sections...> 
at /page-map[1]/sections[1] to <sections...> 
at /page-map[1]/sections[1]
***********************

	at org.testng.Assert.fail(Assert.java:89)
	at com.sharpqa.comparesolution.test.ComparisonTest.testXMLPageObjectMapAgainstExpeted(ComparisonTest.java:54)
	at sun.reflect.GeneratedMethodAccessor14.invoke(Unknown Source)
	at sun.reflect.DelegatingMethodAccessorImpl.invoke(DelegatingMethodAccessorImpl.java:25)
	at java.lang.reflect.Method.invoke(Method.java:597)
	at org.testng.internal.MethodInvocationHelper.invokeMethod(MethodInvocationHelper.java:80)
	at org.testng.internal.InvokeMethodRunnable.runOne(InvokeMethodRunnable.java:46)
	at org.testng.internal.InvokeMethodRunnable.run(InvokeMethodRunnable.java:37)
	at java.util.concurrent.Executors$RunnableAdapter.call(Executors.java:441)
	at java.util.concurrent.FutureTask$Sync.innerRun(FutureTask.java:303)
	at java.util.concurrent.FutureTask.run(FutureTask.java:138)
	at java.util.concurrent.ThreadPoolExecutor$Worker.runTask(ThreadPoolExecutor.java:886)
	at java.util.concurrent.ThreadPoolExecutor$Worker.run(ThreadPoolExecutor.java:908)
	at java.lang.Thread.run(Thread.java:662)
]]>
    </error>
  </testcase>
  <testcase name="createXMLPageObjectMap" time="182.585" classname="com.sharpqa.comparesolution.test.ComparisonTest"/>
  <testcase name="createXMLPageObjectMap" time="68.613" classname="com.sharpqa.comparesolution.test.ComparisonTest"/>
  <testcase name="testXMLPageObjectMapAgainstExpeted" time="0.366" classname="com.sharpqa.comparesolution.test.ComparisonTest">
    <error type="java.lang.AssertionError" message="
Module:[AV07]***********************
Expected CDATA section value &#039;http://test.film4.com/reviews/2012/prometheus#&#039; 
but was &#039;http://test.film4.com/reviews/2012/prometheus?ad3#&#039; - comparing &lt;![CDATA[http://test.film4.com/reviews/2012/prometheus#]]&gt; 
at /page-map[1]/sections[1]/page-section[1]/areas[1]/area[1]/modules[1]/module[1]/elementGroups[1]/element-group[1]/links[1]/link[1]/href[1]/text()[1] to &lt;![CDATA[http://test.film4.com/reviews/2012/prometheus?ad3#]]&gt; 
at /page-map[1]/sections[1]/page-section[1]/areas[1]/area[1]/modules[1]/module[1]/elementGroups[1]/element-group[1]/links[1]/link[1]/href[1]/text()[1]
***********************

Module:[AT06]***********************
Expected CDATA section value &#039;http://test.film4.com/reviews/2012/prometheus#tab0&#039; 
but was &#039;http://test.film4.com/reviews/2012/prometheus?ad3#tab0&#039; - comparing &lt;![CDATA[http://test.film4.com/reviews/2012/prometheus#tab0]]&gt; 
at /page-map[1]/sections[1]/page-section[1]/areas[1]/area[1]/modules[1]/module[3]/webElementSetComponentBeans[1]/element-group[1]/links[1]/link[1]/href[1]/text()[1] to &lt;![CDATA[http://test.film4.com/reviews/2012/prometheus?ad3#tab0]]&gt; 
at /page-map[1]/sections[1]/page-section[1]/areas[1]/area[1]/modules[1]/module[3]/webElementSetComponentBeans[1]/element-group[1]/links[1]/link[1]/href[1]/text()[1]
***********************

Module:[AT06]***********************
Expected CDATA section value &#039;http://test.film4.com/reviews/2012/prometheus#cast&#039; 
but was &#039;http://test.film4.com/reviews/2012/prometheus?ad3#cast&#039; - comparing &lt;![CDATA[http://test.film4.com/reviews/2012/prometheus#cast]]&gt; 
at /page-map[1]/sections[1]/page-section[1]/areas[1]/area[1]/modules[1]/module[3]/webElementSetComponentBeans[1]/element-group[1]/links[1]/link[2]/href[1]/text()[1] to &lt;![CDATA[http://test.film4.com/reviews/2012/prometheus?ad3#cast]]&gt; 
at /page-map[1]/sections[1]/page-section[1]/areas[1]/area[1]/modules[1]/module[3]/webElementSetComponentBeans[1]/element-group[1]/links[1]/link[2]/href[1]/text()[1]
***********************

Module:[AV07]***********************
Expected CDATA section value &#039;http://test.film4.com/media/images/Channel4/film/2012/charlize-theron-idris-elba-prometheus-movie-image_MED.jpg&#039; 
but was &#039;http://test.film4.com/media/images/Channel4/film/2012/charlize-theron-idris-elba-prometheus-movie-image_LRG.jpg&#039; - comparing &lt;![CDATA[http://test.film4.com/media/images/Channel4/film/2012/charlize-theron-idris-elba-prometheus-movie-image_MED.jpg]]&gt; 
at /page-map[1]/sections[1]/page-section[1]/areas[1]/area[2]/modules[1]/module[1]/elementGroups[1]/element-group[2]/images[1]/picture[1]/src[1]/text()[1] to &lt;![CDATA[http://test.film4.com/media/images/Channel4/film/2012/charlize-theron-idris-elba-prometheus-movie-image_LRG.jpg]]&gt; 
at /page-map[1]/sections[1]/page-section[1]/areas[1]/area[2]/modules[1]/module[1]/elementGroups[1]/element-group[2]/images[1]/picture[1]/src[1]/text()[1]
***********************

Module:[GA20]***********************
Expected CDATA section value &#039;http://test.film4.com/media/images/Channel4/film/2012/Prometheus_movie_05_MED.jpg&#039; 
but was &#039;http://test.film4.com/media/images/Channel4/film/2012/Prometheus_movie_05_LRG.jpg&#039; - comparing &lt;![CDATA[http://test.film4.com/media/images/Channel4/film/2012/Prometheus_movie_05_MED.jpg]]&gt; 
at /page-map[1]/sections[1]/page-section[1]/areas[1]/area[2]/modules[1]/module[2]/elementGroups[1]/element-group[2]/images[1]/picture[1]/src[1]/text()[1] to &lt;![CDATA[http://test.film4.com/media/images/Channel4/film/2012/Prometheus_movie_05_LRG.jpg]]&gt; 
at /page-map[1]/sections[1]/page-section[1]/areas[1]/area[2]/modules[1]/module[2]/elementGroups[1]/element-group[2]/images[1]/picture[1]/src[1]/text()[1]
***********************

Module:[GA20]***********************
Expected CDATA section value &#039;http://test.film4.com/media/images/Channel4/film/2012/Prometheus_movie_05_SML.jpg&#039; 
but was &#039;http://test.film4.com/media/images/Channel4/film/2012/Prometheus_movie_05_LRG.jpg&#039; - comparing &lt;![CDATA[http://test.film4.com/media/images/Channel4/film/2012/Prometheus_movie_05_SML.jpg]]&gt; 
at /page-map[1]/sections[1]/page-section[1]/areas[1]/area[2]/modules[1]/module[2]/elementGroups[1]/element-group[3]/images[1]/picture[1]/src[1]/text()[1] to &lt;![CDATA[http://test.film4.com/media/images/Channel4/film/2012/Prometheus_movie_05_LRG.jpg]]&gt; 
at /page-map[1]/sections[1]/page-section[1]/areas[1]/area[2]/modules[1]/module[2]/elementGroups[1]/element-group[3]/images[1]/picture[1]/src[1]/text()[1]
***********************

Module:[GA20]***********************
Expected text value &#039;200&#039; 
but was &#039;1024&#039; - comparing &lt;width ...&gt;200&lt;/width&gt; 
at /page-map[1]/sections[1]/page-section[1]/areas[1]/area[2]/modules[1]/module[2]/elementGroups[1]/element-group[3]/images[1]/picture[1]/width[1]/text()[1] to &lt;width ...&gt;1024&lt;/width&gt; 
at /page-map[1]/sections[1]/page-section[1]/areas[1]/area[2]/modules[1]/module[2]/elementGroups[1]/element-group[3]/images[1]/picture[1]/width[1]/text()[1]
***********************

Module:[GA20]***********************
Expected text value &#039;133&#039; 
but was &#039;682&#039; - comparing &lt;height ...&gt;133&lt;/height&gt; 
at /page-map[1]/sections[1]/page-section[1]/areas[1]/area[2]/modules[1]/module[2]/elementGroups[1]/element-group[3]/images[1]/picture[1]/height[1]/text()[1] to &lt;height ...&gt;682&lt;/height&gt; 
at /page-map[1]/sections[1]/page-section[1]/areas[1]/area[2]/modules[1]/module[2]/elementGroups[1]/element-group[3]/images[1]/picture[1]/height[1]/text()[1]
***********************

Module:[GA20]***********************
Expected CDATA section value &#039;http://test.film4.com/media/images/Channel4/film/2012/charlize-theron-idris-elba-prometheus-movie-image_SML.jpg&#039; 
but was &#039;http://test.film4.com/media/images/Channel4/film/2012/charlize-theron-idris-elba-prometheus-movie-image_LRG.jpg&#039; - comparing &lt;![CDATA[http://test.film4.com/media/images/Channel4/film/2012/charlize-theron-idris-elba-prometheus-movie-image_SML.jpg]]&gt; 
at /page-map[1]/sections[1]/page-section[1]/areas[1]/area[2]/modules[1]/module[2]/elementGroups[1]/element-group[3]/images[1]/picture[2]/src[1]/text()[1] to &lt;![CDATA[http://test.film4.com/media/images/Channel4/film/2012/charlize-theron-idris-elba-prometheus-movie-image_LRG.jpg]]&gt; 
at /page-map[1]/sections[1]/page-section[1]/areas[1]/area[2]/modules[1]/module[2]/elementGroups[1]/element-group[3]/images[1]/picture[2]/src[1]/text()[1]
***********************

Module:[GA20]***********************
Expected text value &#039;200&#039; 
but was &#039;1024&#039; - comparing &lt;width ...&gt;200&lt;/width&gt; 
at /page-map[1]/sections[1]/page-section[1]/areas[1]/area[2]/modules[1]/module[2]/elementGroups[1]/element-group[3]/images[1]/picture[2]/width[1]/text()[1] to &lt;width ...&gt;1024&lt;/width&gt; 
at /page-map[1]/sections[1]/page-section[1]/areas[1]/area[2]/modules[1]/module[2]/elementGroups[1]/element-group[3]/images[1]/picture[2]/width[1]/text()[1]
***********************

Module:[GA20]***********************
Expected text value &#039;133&#039; 
but was &#039;683&#039; - comparing &lt;height ...&gt;133&lt;/height&gt; 
at /page-map[1]/sections[1]/page-section[1]/areas[1]/area[2]/modules[1]/module[2]/elementGroups[1]/element-group[3]/images[1]/picture[2]/height[1]/text()[1] to &lt;height ...&gt;683&lt;/height&gt; 
at /page-map[1]/sections[1]/page-section[1]/areas[1]/area[2]/modules[1]/module[2]/elementGroups[1]/element-group[3]/images[1]/picture[2]/height[1]/text()[1]
***********************

Module:[GA20]***********************
Expected CDATA section value &#039;http://test.film4.com/media/images/Channel4/film/2012/Prometheus_movie_05_SML.jpg&#039; 
but was &#039;http://test.film4.com/media/images/Channel4/film/2012/Prometheus_movie_05_MED.jpg&#039; - comparing &lt;![CDATA[http://test.film4.com/media/images/Channel4/film/2012/Prometheus_movie_05_SML.jpg]]&gt; 
at /page-map[1]/sections[1]/page-section[1]/areas[1]/area[2]/modules[1]/module[2]/elementGroups[1]/element-group[3]/imageLinks[1]/picture-link[1]/src[1]/text()[1] to &lt;![CDATA[http://test.film4.com/media/images/Channel4/film/2012/Prometheus_movie_05_MED.jpg]]&gt; 
at /page-map[1]/sections[1]/page-section[1]/areas[1]/area[2]/modules[1]/module[2]/elementGroups[1]/element-group[3]/imageLinks[1]/picture-link[1]/src[1]/text()[1]
***********************

Module:[GA20]***********************
Expected text value &#039;200&#039; 
but was &#039;625&#039; - comparing &lt;width ...&gt;200&lt;/width&gt; 
at /page-map[1]/sections[1]/page-section[1]/areas[1]/area[2]/modules[1]/module[2]/elementGroups[1]/element-group[3]/imageLinks[1]/picture-link[1]/width[1]/text()[1] to &lt;width ...&gt;625&lt;/width&gt; 
at /page-map[1]/sections[1]/page-section[1]/areas[1]/area[2]/modules[1]/module[2]/elementGroups[1]/element-group[3]/imageLinks[1]/picture-link[1]/width[1]/text()[1]
***********************

Module:[GA20]***********************
Expected text value &#039;133&#039; 
but was &#039;416&#039; - comparing &lt;height ...&gt;133&lt;/height&gt; 
at /page-map[1]/sections[1]/page-section[1]/areas[1]/area[2]/modules[1]/module[2]/elementGroups[1]/element-group[3]/imageLinks[1]/picture-link[1]/height[1]/text()[1] to &lt;height ...&gt;416&lt;/height&gt; 
at /page-map[1]/sections[1]/page-section[1]/areas[1]/area[2]/modules[1]/module[2]/elementGroups[1]/element-group[3]/imageLinks[1]/picture-link[1]/height[1]/text()[1]
***********************

Module:[GA20]***********************
Expected CDATA section value &#039;http://test.film4.com/media/images/Channel4/film/2012/charlize-theron-idris-elba-prometheus-movie-image_SML.jpg&#039; 
but was &#039;http://test.film4.com/media/images/Channel4/film/2012/charlize-theron-idris-elba-prometheus-movie-image_MED.jpg&#039; - comparing &lt;![CDATA[http://test.film4.com/media/images/Channel4/film/2012/charlize-theron-idris-elba-prometheus-movie-image_SML.jpg]]&gt; 
at /page-map[1]/sections[1]/page-section[1]/areas[1]/area[2]/modules[1]/module[2]/elementGroups[1]/element-group[3]/imageLinks[1]/picture-link[2]/src[1]/text()[1] to &lt;![CDATA[http://test.film4.com/media/images/Channel4/film/2012/charlize-theron-idris-elba-prometheus-movie-image_MED.jpg]]&gt; 
at /page-map[1]/sections[1]/page-section[1]/areas[1]/area[2]/modules[1]/module[2]/elementGroups[1]/element-group[3]/imageLinks[1]/picture-link[2]/src[1]/text()[1]
***********************

Module:[GA20]***********************
Expected text value &#039;200&#039; 
but was &#039;625&#039; - comparing &lt;width ...&gt;200&lt;/width&gt; 
at /page-map[1]/sections[1]/page-section[1]/areas[1]/area[2]/modules[1]/module[2]/elementGroups[1]/element-group[3]/imageLinks[1]/picture-link[2]/width[1]/text()[1] to &lt;width ...&gt;625&lt;/width&gt; 
at /page-map[1]/sections[1]/page-section[1]/areas[1]/area[2]/modules[1]/module[2]/elementGroups[1]/element-group[3]/imageLinks[1]/picture-link[2]/width[1]/text()[1]
***********************

Module:[GA20]***********************
Expected text value &#039;133&#039; 
but was &#039;417&#039; - comparing &lt;height ...&gt;133&lt;/height&gt; 
at /page-map[1]/sections[1]/page-section[1]/areas[1]/area[2]/modules[1]/module[2]/elementGroups[1]/element-group[3]/imageLinks[1]/picture-link[2]/height[1]/text()[1] to &lt;height ...&gt;417&lt;/height&gt; 
at /page-map[1]/sections[1]/page-section[1]/areas[1]/area[2]/modules[1]/module[2]/elementGroups[1]/element-group[3]/imageLinks[1]/picture-link[2]/height[1]/text()[1]
***********************

Module:[GA20]***********************
Expected CDATA section value &#039;http://test.film4.com/reviews/2012/prometheus#&#039; 
but was &#039;http://test.film4.com/reviews/2012/prometheus?ad3#&#039; - comparing &lt;![CDATA[http://test.film4.com/reviews/2012/prometheus#]]&gt; 
at /page-map[1]/sections[1]/page-section[1]/areas[1]/area[2]/modules[1]/module[2]/elementGroups[1]/element-group[4]/links[1]/link[1]/href[1]/text()[1] to &lt;![CDATA[http://test.film4.com/reviews/2012/prometheus?ad3#]]&gt; 
at /page-map[1]/sections[1]/page-section[1]/areas[1]/area[2]/modules[1]/module[2]/elementGroups[1]/element-group[4]/links[1]/link[1]/href[1]/text()[1]
***********************

Module:[GA20]***********************
Expected CDATA section value &#039;http://test.film4.com/media/images/Channel4/film/2012/Prometheus_movie_05_SML.jpg&#039; 
but was &#039;http://test.film4.com/media/images/Channel4/film/2012/Prometheus_movie_05_LRG.jpg&#039; - comparing &lt;![CDATA[http://test.film4.com/media/images/Channel4/film/2012/Prometheus_movie_05_SML.jpg]]&gt; 
at /page-map[1]/sections[1]/page-section[1]/areas[1]/area[2]/modules[1]/module[2]/webElementSetComponentBeans[1]/element-group[1]/images[1]/picture[1]/src[1]/text()[1] to &lt;![CDATA[http://test.film4.com/media/images/Channel4/film/2012/Prometheus_movie_05_LRG.jpg]]&gt; 
at /page-map[1]/sections[1]/page-section[1]/areas[1]/area[2]/modules[1]/module[2]/webElementSetComponentBeans[1]/element-group[1]/images[1]/picture[1]/src[1]/text()[1]
***********************

Module:[GA20]***********************
Expected text value &#039;200&#039; 
but was &#039;1024&#039; - comparing &lt;width ...&gt;200&lt;/width&gt; 
at /page-map[1]/sections[1]/page-section[1]/areas[1]/area[2]/modules[1]/module[2]/webElementSetComponentBeans[1]/element-group[1]/images[1]/picture[1]/width[1]/text()[1] to &lt;width ...&gt;1024&lt;/width&gt; 
at /page-map[1]/sections[1]/page-section[1]/areas[1]/area[2]/modules[1]/module[2]/webElementSetComponentBeans[1]/element-group[1]/images[1]/picture[1]/width[1]/text()[1]
***********************

Module:[GA20]***********************
Expected text value &#039;133&#039; 
but was &#039;682&#039; - comparing &lt;height ...&gt;133&lt;/height&gt; 
at /page-map[1]/sections[1]/page-section[1]/areas[1]/area[2]/modules[1]/module[2]/webElementSetComponentBeans[1]/element-group[1]/images[1]/picture[1]/height[1]/text()[1] to &lt;height ...&gt;682&lt;/height&gt; 
at /page-map[1]/sections[1]/page-section[1]/areas[1]/area[2]/modules[1]/module[2]/webElementSetComponentBeans[1]/element-group[1]/images[1]/picture[1]/height[1]/text()[1]
***********************

Module:[GA20]***********************
Expected CDATA section value &#039;http://test.film4.com/media/images/Channel4/film/2012/charlize-theron-idris-elba-prometheus-movie-image_SML.jpg&#039; 
but was &#039;http://test.film4.com/media/images/Channel4/film/2012/charlize-theron-idris-elba-prometheus-movie-image_LRG.jpg&#039; - comparing &lt;![CDATA[http://test.film4.com/media/images/Channel4/film/2012/charlize-theron-idris-elba-prometheus-movie-image_SML.jpg]]&gt; 
at /page-map[1]/sections[1]/page-section[1]/areas[1]/area[2]/modules[1]/module[2]/webElementSetComponentBeans[1]/element-group[2]/images[1]/picture[1]/src[1]/text()[1] to &lt;![CDATA[http://test.film4.com/media/images/Channel4/film/2012/charlize-theron-idris-elba-prometheus-movie-image_LRG.jpg]]&gt; 
at /page-map[1]/sections[1]/page-section[1]/areas[1]/area[2]/modules[1]/module[2]/webElementSetComponentBeans[1]/element-group[2]/images[1]/picture[1]/src[1]/text()[1]
***********************

Module:[GA20]***********************
Expected text value &#039;200&#039; 
but was &#039;1024&#039; - comparing &lt;width ...&gt;200&lt;/width&gt; 
at /page-map[1]/sections[1]/page-section[1]/areas[1]/area[2]/modules[1]/module[2]/webElementSetComponentBeans[1]/element-group[2]/images[1]/picture[1]/width[1]/text()[1] to &lt;width ...&gt;1024&lt;/width&gt; 
at /page-map[1]/sections[1]/page-section[1]/areas[1]/area[2]/modules[1]/module[2]/webElementSetComponentBeans[1]/element-group[2]/images[1]/picture[1]/width[1]/text()[1]
***********************

Module:[GA20]***********************
Expected text value &#039;133&#039; 
but was &#039;683&#039; - comparing &lt;height ...&gt;133&lt;/height&gt; 
at /page-map[1]/sections[1]/page-section[1]/areas[1]/area[2]/modules[1]/module[2]/webElementSetComponentBeans[1]/element-group[2]/images[1]/picture[1]/height[1]/text()[1] to &lt;height ...&gt;683&lt;/height&gt; 
at /page-map[1]/sections[1]/page-section[1]/areas[1]/area[2]/modules[1]/module[2]/webElementSetComponentBeans[1]/element-group[2]/images[1]/picture[1]/height[1]/text()[1]
***********************

Module:[FL01-default]***********************
Expected CDATA section value &#039;http://test.film4.com/reviews/2012/prometheus#&#039; 
but was &#039;http://test.film4.com/reviews/2012/prometheus?ad3#&#039; - comparing &lt;![CDATA[http://test.film4.com/reviews/2012/prometheus#]]&gt; 
at /page-map[1]/sections[1]/page-section[1]/areas[1]/area[3]/modules[1]/module[1]/webElementSetComponentBeans[1]/element-group[1]/links[1]/link[1]/href[1]/text()[1] to &lt;![CDATA[http://test.film4.com/reviews/2012/prometheus?ad3#]]&gt; 
at /page-map[1]/sections[1]/page-section[1]/areas[1]/area[3]/modules[1]/module[1]/webElementSetComponentBeans[1]/element-group[1]/links[1]/link[1]/href[1]/text()[1]
***********************

Module:[FL01-default]***********************
Expected CDATA section value &#039;Crocodile Dundee II&#039; 
but was &#039;Chung On Tsous&#039; - comparing &lt;![CDATA[Crocodile Dundee II]]&gt; 
at /page-map[1]/sections[1]/page-section[1]/areas[1]/area[3]/modules[1]/module[1]/webElementSetComponentBeans[1]/element-group[1]/links[1]/link[2]/linkText[1]/text()[1] to &lt;![CDATA[Chung On Tsous]]&gt; 
at /page-map[1]/sections[1]/page-section[1]/areas[1]/area[3]/modules[1]/module[1]/webElementSetComponentBeans[1]/element-group[1]/links[1]/link[2]/linkText[1]/text()[1]
***********************

Module:[FL01-default]***********************
Expected CDATA section value &#039;http://test.film4.com/reviews/1988/crocodile-dundee-ii&#039; 
but was &#039;http://test.film4.com/reviews/1993/chung-on-tsous&#039; - comparing &lt;![CDATA[http://test.film4.com/reviews/1988/crocodile-dundee-ii]]&gt; 
at /page-map[1]/sections[1]/page-section[1]/areas[1]/area[3]/modules[1]/module[1]/webElementSetComponentBeans[1]/element-group[1]/links[1]/link[2]/href[1]/text()[1] to &lt;![CDATA[http://test.film4.com/reviews/1993/chung-on-tsous]]&gt; 
at /page-map[1]/sections[1]/page-section[1]/areas[1]/area[3]/modules[1]/module[1]/webElementSetComponentBeans[1]/element-group[1]/links[1]/link[2]/href[1]/text()[1]
***********************

Module:[FL01-default]***********************
Expected CDATA section value &#039;http://test.film4.com/reviews/1988/crocodile-dundee-ii&#039; 
but was &#039;http://test.film4.com/reviews/1993/chung-on-tsous&#039; - comparing &lt;![CDATA[http://test.film4.com/reviews/1988/crocodile-dundee-ii]]&gt; 
at /page-map[1]/sections[1]/page-section[1]/areas[1]/area[3]/modules[1]/module[1]/webElementSetComponentBeans[1]/element-group[1]/imageLinks[1]/picture-link[1]/href[1]/text()[1] to &lt;![CDATA[http://test.film4.com/reviews/1993/chung-on-tsous]]&gt; 
at /page-map[1]/sections[1]/page-section[1]/areas[1]/area[3]/modules[1]/module[1]/webElementSetComponentBeans[1]/element-group[1]/imageLinks[1]/picture-link[1]/href[1]/text()[1]
***********************

Module:[FL01-default]***********************
Expected CDATA section value &#039;http://test.film4.com/media/images/Film4/images/C/crocodile-dundee-2-1988-01_MED.jpg&#039; 
but was &#039;http://test.film4.com/media/images/Film4/film4-default-image_MED.jpg&#039; - comparing &lt;![CDATA[http://test.film4.com/media/images/Film4/images/C/crocodile-dundee-2-1988-01_MED.jpg]]&gt; 
at /page-map[1]/sections[1]/page-section[1]/areas[1]/area[3]/modules[1]/module[1]/webElementSetComponentBeans[1]/element-group[1]/imageLinks[1]/picture-link[1]/src[1]/text()[1] to &lt;![CDATA[http://test.film4.com/media/images/Film4/film4-default-image_MED.jpg]]&gt; 
at /page-map[1]/sections[1]/page-section[1]/areas[1]/area[3]/modules[1]/module[1]/webElementSetComponentBeans[1]/element-group[1]/imageLinks[1]/picture-link[1]/src[1]/text()[1]
***********************

Module:[FL01-default]***********************
Expected text value &#039;179&#039; 
but was &#039;178&#039; - comparing &lt;width ...&gt;179&lt;/width&gt; 
at /page-map[1]/sections[1]/page-section[1]/areas[1]/area[3]/modules[1]/module[1]/webElementSetComponentBeans[1]/element-group[1]/imageLinks[1]/picture-link[1]/width[1]/text()[1] to &lt;width ...&gt;178&lt;/width&gt; 
at /page-map[1]/sections[1]/page-section[1]/areas[1]/area[3]/modules[1]/module[1]/webElementSetComponentBeans[1]/element-group[1]/imageLinks[1]/picture-link[1]/width[1]/text()[1]
***********************

Module:[FL01-default]***********************
Expected text value &#039;76&#039; 
but was &#039;100&#039; - comparing &lt;height ...&gt;76&lt;/height&gt; 
at /page-map[1]/sections[1]/page-section[1]/areas[1]/area[3]/modules[1]/module[1]/webElementSetComponentBeans[1]/element-group[1]/imageLinks[1]/picture-link[1]/height[1]/text()[1] to &lt;height ...&gt;100&lt;/height&gt; 
at /page-map[1]/sections[1]/page-section[1]/areas[1]/area[3]/modules[1]/module[1]/webElementSetComponentBeans[1]/element-group[1]/imageLinks[1]/picture-link[1]/height[1]/text()[1]
***********************

Module:[FL01-default]***********************
Expected CDATA section value &#039;Further adventures of Paul Hogan&#039;s Mick &#039;Crocodile&#039; Dundee, this time...&#039; 
but was &#039;synopsis&#039; - comparing &lt;![CDATA[Further adventures of Paul Hogan&#039;s Mick &#039;Crocodile&#039; Dundee, this time...]]&gt; 
at /page-map[1]/sections[1]/page-section[1]/areas[1]/area[3]/modules[1]/module[1]/webElementSetComponentBeans[1]/element-group[1]/textBlocks[1]/text-block[1]/text[1]/text()[1] to &lt;![CDATA[synopsis]]&gt; 
at /page-map[1]/sections[1]/page-section[1]/areas[1]/area[3]/modules[1]/module[1]/webElementSetComponentBeans[1]/element-group[1]/textBlocks[1]/text-block[1]/text[1]/text()[1]
***********************

Module:[FL01-default]***********************
Expected CDATA section value &#039;Crocodile Dundee II&#039; 
but was &#039;Chung On Tsous&#039; - comparing &lt;![CDATA[Crocodile Dundee II]]&gt; 
at /page-map[1]/sections[1]/page-section[1]/areas[1]/area[3]/modules[1]/module[1]/webElementSetComponentBeans[1]/element-group[1]/textBlocks[1]/text-block[2]/text[1]/text()[1] to &lt;![CDATA[Chung On Tsous]]&gt; 
at /page-map[1]/sections[1]/page-section[1]/areas[1]/area[3]/modules[1]/module[1]/webElementSetComponentBeans[1]/element-group[1]/textBlocks[1]/text-block[2]/text[1]/text()[1]
***********************

Module:[FL01-default]***********************
Expected CDATA section value &#039;http://test.film4.com/reviews/2012/prometheus#&#039; 
but was &#039;http://test.film4.com/reviews/2012/prometheus?ad3#&#039; - comparing &lt;![CDATA[http://test.film4.com/reviews/2012/prometheus#]]&gt; 
at /page-map[1]/sections[1]/page-section[1]/areas[1]/area[3]/modules[1]/module[1]/webElementSetComponentBeans[1]/element-group[2]/links[1]/link[1]/href[1]/text()[1] to &lt;![CDATA[http://test.film4.com/reviews/2012/prometheus?ad3#]]&gt; 
at /page-map[1]/sections[1]/page-section[1]/areas[1]/area[3]/modules[1]/module[1]/webElementSetComponentBeans[1]/element-group[2]/links[1]/link[1]/href[1]/text()[1]
***********************

Module:[FL01-default]***********************
Expected CDATA section value &#039;Thunderbolt&#039; 
but was &#039;Universal Soldier&#039; - comparing &lt;![CDATA[Thunderbolt]]&gt; 
at /page-map[1]/sections[1]/page-section[1]/areas[1]/area[3]/modules[1]/module[1]/webElementSetComponentBeans[1]/element-group[2]/links[1]/link[2]/linkText[1]/text()[1] to &lt;![CDATA[Universal Soldier]]&gt; 
at /page-map[1]/sections[1]/page-section[1]/areas[1]/area[3]/modules[1]/module[1]/webElementSetComponentBeans[1]/element-group[2]/links[1]/link[2]/linkText[1]/text()[1]
***********************

Module:[FL01-default]***********************
Expected CDATA section value &#039;http://test.film4.com/reviews/1995/thunderbolt&#039; 
but was &#039;http://test.film4.com/reviews/1992/universal-soldier&#039; - comparing &lt;![CDATA[http://test.film4.com/reviews/1995/thunderbolt]]&gt; 
at /page-map[1]/sections[1]/page-section[1]/areas[1]/area[3]/modules[1]/module[1]/webElementSetComponentBeans[1]/element-group[2]/links[1]/link[2]/href[1]/text()[1] to &lt;![CDATA[http://test.film4.com/reviews/1992/universal-soldier]]&gt; 
at /page-map[1]/sections[1]/page-section[1]/areas[1]/area[3]/modules[1]/module[1]/webElementSetComponentBeans[1]/element-group[2]/links[1]/link[2]/href[1]/text()[1]
***********************

Module:[FL01-default]***********************
Expected CDATA section value &#039;http://test.film4.com/reviews/1995/thunderbolt&#039; 
but was &#039;http://test.film4.com/reviews/1992/universal-soldier&#039; - comparing &lt;![CDATA[http://test.film4.com/reviews/1995/thunderbolt]]&gt; 
at /page-map[1]/sections[1]/page-section[1]/areas[1]/area[3]/modules[1]/module[1]/webElementSetComponentBeans[1]/element-group[2]/imageLinks[1]/picture-link[1]/href[1]/text()[1] to &lt;![CDATA[http://test.film4.com/reviews/1992/universal-soldier]]&gt; 
at /page-map[1]/sections[1]/page-section[1]/areas[1]/area[3]/modules[1]/module[1]/webElementSetComponentBeans[1]/element-group[2]/imageLinks[1]/picture-link[1]/href[1]/text()[1]
***********************

Module:[FL01-default]***********************
Expected CDATA section value &#039;To save his kidnapped sister Jackie Chan must fight an evil super-criminal...&#039; 
but was &#039;Dumb but fun thriller starring Jean-Claude Van Damme as a dead Vietnam vet...&#039; - comparing &lt;![CDATA[To save his kidnapped sister Jackie Chan must fight an evil super-criminal...]]&gt; 
at /page-map[1]/sections[1]/page-section[1]/areas[1]/area[3]/modules[1]/module[1]/webElementSetComponentBeans[1]/element-group[2]/textBlocks[1]/text-block[1]/text[1]/text()[1] to &lt;![CDATA[Dumb but fun thriller starring Jean-Claude Van Damme as a dead Vietnam vet...]]&gt; 
at /page-map[1]/sections[1]/page-section[1]/areas[1]/area[3]/modules[1]/module[1]/webElementSetComponentBeans[1]/element-group[2]/textBlocks[1]/text-block[1]/text[1]/text()[1]
***********************

Module:[FL01-default]***********************
Expected CDATA section value &#039;Thunderbolt&#039; 
but was &#039;Universal Soldier&#039; - comparing &lt;![CDATA[Thunderbolt]]&gt; 
at /page-map[1]/sections[1]/page-section[1]/areas[1]/area[3]/modules[1]/module[1]/webElementSetComponentBeans[1]/element-group[2]/textBlocks[1]/text-block[2]/text[1]/text()[1] to &lt;![CDATA[Universal Soldier]]&gt; 
at /page-map[1]/sections[1]/page-section[1]/areas[1]/area[3]/modules[1]/module[1]/webElementSetComponentBeans[1]/element-group[2]/textBlocks[1]/text-block[2]/text[1]/text()[1]
***********************

Module:[FL01-default]***********************
Expected CDATA section value &#039;http://test.film4.com/reviews/2012/prometheus#&#039; 
but was &#039;http://test.film4.com/reviews/2012/prometheus?ad3#&#039; - comparing &lt;![CDATA[http://test.film4.com/reviews/2012/prometheus#]]&gt; 
at /page-map[1]/sections[1]/page-section[1]/areas[1]/area[3]/modules[1]/module[1]/webElementSetComponentBeans[1]/element-group[3]/links[1]/link[1]/href[1]/text()[1] to &lt;![CDATA[http://test.film4.com/reviews/2012/prometheus?ad3#]]&gt; 
at /page-map[1]/sections[1]/page-section[1]/areas[1]/area[3]/modules[1]/module[1]/webElementSetComponentBeans[1]/element-group[3]/links[1]/link[1]/href[1]/text()[1]
***********************

Module:[FL01-default]***********************
Expected CDATA section value &#039;Ladies&#039; Man, The&#039; 
but was &#039;Strike&#039; - comparing &lt;![CDATA[Ladies&#039; Man, The]]&gt; 
at /page-map[1]/sections[1]/page-section[1]/areas[1]/area[3]/modules[1]/module[1]/webElementSetComponentBeans[1]/element-group[3]/links[1]/link[2]/linkText[1]/text()[1] to &lt;![CDATA[Strike]]&gt; 
at /page-map[1]/sections[1]/page-section[1]/areas[1]/area[3]/modules[1]/module[1]/webElementSetComponentBeans[1]/element-group[3]/links[1]/link[2]/linkText[1]/text()[1]
***********************

Module:[FL01-default]***********************
Expected CDATA section value &#039;http://test.film4.com/reviews/1961/ladies-man-the&#039; 
but was &#039;http://test.film4.com/reviews/1924/strike&#039; - comparing &lt;![CDATA[http://test.film4.com/reviews/1961/ladies-man-the]]&gt; 
at /page-map[1]/sections[1]/page-section[1]/areas[1]/area[3]/modules[1]/module[1]/webElementSetComponentBeans[1]/element-group[3]/links[1]/link[2]/href[1]/text()[1] to &lt;![CDATA[http://test.film4.com/reviews/1924/strike]]&gt; 
at /page-map[1]/sections[1]/page-section[1]/areas[1]/area[3]/modules[1]/module[1]/webElementSetComponentBeans[1]/element-group[3]/links[1]/link[2]/href[1]/text()[1]
***********************

Module:[FL01-default]***********************
Expected CDATA section value &#039;http://test.film4.com/reviews/1961/ladies-man-the&#039; 
but was &#039;http://test.film4.com/reviews/1924/strike&#039; - comparing &lt;![CDATA[http://test.film4.com/reviews/1961/ladies-man-the]]&gt; 
at /page-map[1]/sections[1]/page-section[1]/areas[1]/area[3]/modules[1]/module[1]/webElementSetComponentBeans[1]/element-group[3]/imageLinks[1]/picture-link[1]/href[1]/text()[1] to &lt;![CDATA[http://test.film4.com/reviews/1924/strike]]&gt; 
at /page-map[1]/sections[1]/page-section[1]/areas[1]/area[3]/modules[1]/module[1]/webElementSetComponentBeans[1]/element-group[3]/imageLinks[1]/picture-link[1]/href[1]/text()[1]
***********************

Module:[FL01-default]***********************
Expected CDATA section value &#039;http://test.film4.com/media/images/Film4/film4-default-image_MED.jpg&#039; 
but was &#039;http://test.film4.com/media/images/Channel4/film/S/strike_eisenstein_xl_01--film-A_MED.jpg&#039; - comparing &lt;![CDATA[http://test.film4.com/media/images/Film4/film4-default-image_MED.jpg]]&gt; 
at /page-map[1]/sections[1]/page-section[1]/areas[1]/area[3]/modules[1]/module[1]/webElementSetComponentBeans[1]/element-group[3]/imageLinks[1]/picture-link[1]/src[1]/text()[1] to &lt;![CDATA[http://test.film4.com/media/images/Channel4/film/S/strike_eisenstein_xl_01--film-A_MED.jpg]]&gt; 
at /page-map[1]/sections[1]/page-section[1]/areas[1]/area[3]/modules[1]/module[1]/webElementSetComponentBeans[1]/element-group[3]/imageLinks[1]/picture-link[1]/src[1]/text()[1]
***********************

Module:[FL01-default]***********************
Expected text value &#039;178&#039; 
but was &#039;179&#039; - comparing &lt;width ...&gt;178&lt;/width&gt; 
at /page-map[1]/sections[1]/page-section[1]/areas[1]/area[3]/modules[1]/module[1]/webElementSetComponentBeans[1]/element-group[3]/imageLinks[1]/picture-link[1]/width[1]/text()[1] to &lt;width ...&gt;179&lt;/width&gt; 
at /page-map[1]/sections[1]/page-section[1]/areas[1]/area[3]/modules[1]/module[1]/webElementSetComponentBeans[1]/element-group[3]/imageLinks[1]/picture-link[1]/width[1]/text()[1]
***********************

Module:[FL01-default]***********************
Expected text value &#039;100&#039; 
but was &#039;52&#039; - comparing &lt;height ...&gt;100&lt;/height&gt; 
at /page-map[1]/sections[1]/page-section[1]/areas[1]/area[3]/modules[1]/module[1]/webElementSetComponentBeans[1]/element-group[3]/imageLinks[1]/picture-link[1]/height[1]/text()[1] to &lt;height ...&gt;52&lt;/height&gt; 
at /page-map[1]/sections[1]/page-section[1]/areas[1]/area[3]/modules[1]/module[1]/webElementSetComponentBeans[1]/element-group[3]/imageLinks[1]/picture-link[1]/height[1]/text()[1]
***********************

Module:[FL01-default]***********************
Expected CDATA section value &#039;synopsis&#039; 
but was &#039;The workers revolt against their despicable bourgeois masters. A virtuoso...&#039; - comparing &lt;![CDATA[synopsis]]&gt; 
at /page-map[1]/sections[1]/page-section[1]/areas[1]/area[3]/modules[1]/module[1]/webElementSetComponentBeans[1]/element-group[3]/textBlocks[1]/text-block[1]/text[1]/text()[1] to &lt;![CDATA[The workers revolt against their despicable bourgeois masters. A virtuoso...]]&gt; 
at /page-map[1]/sections[1]/page-section[1]/areas[1]/area[3]/modules[1]/module[1]/webElementSetComponentBeans[1]/element-group[3]/textBlocks[1]/text-block[1]/text[1]/text()[1]
***********************

Module:[FL01-default]***********************
Expected CDATA section value &#039;Ladies&#039; Man, The&#039; 
but was &#039;Strike&#039; - comparing &lt;![CDATA[Ladies&#039; Man, The]]&gt; 
at /page-map[1]/sections[1]/page-section[1]/areas[1]/area[3]/modules[1]/module[1]/webElementSetComponentBeans[1]/element-group[3]/textBlocks[1]/text-block[2]/text[1]/text()[1] to &lt;![CDATA[Strike]]&gt; 
at /page-map[1]/sections[1]/page-section[1]/areas[1]/area[3]/modules[1]/module[1]/webElementSetComponentBeans[1]/element-group[3]/textBlocks[1]/text-block[2]/text[1]/text()[1]
***********************

Module:[FL01-default]***********************
Expected CDATA section value &#039;http://test.film4.com/reviews/2012/prometheus#&#039; 
but was &#039;http://test.film4.com/reviews/2012/prometheus?ad3#&#039; - comparing &lt;![CDATA[http://test.film4.com/reviews/2012/prometheus#]]&gt; 
at /page-map[1]/sections[1]/page-section[1]/areas[1]/area[3]/modules[1]/module[1]/webElementSetComponentBeans[1]/element-group[4]/links[1]/link[1]/href[1]/text()[1] to &lt;![CDATA[http://test.film4.com/reviews/2012/prometheus?ad3#]]&gt; 
at /page-map[1]/sections[1]/page-section[1]/areas[1]/area[3]/modules[1]/module[1]/webElementSetComponentBeans[1]/element-group[4]/links[1]/link[1]/href[1]/text()[1]
***********************

Module:[FL01-default]***********************
Expected CDATA section value &#039;The Business&#039; 
but was &#039;Little Shop Of Horrors&#039; - comparing &lt;![CDATA[The Business]]&gt; 
at /page-map[1]/sections[1]/page-section[1]/areas[1]/area[3]/modules[1]/module[1]/webElementSetComponentBeans[1]/element-group[4]/links[1]/link[2]/linkText[1]/text()[1] to &lt;![CDATA[Little Shop Of Horrors]]&gt; 
at /page-map[1]/sections[1]/page-section[1]/areas[1]/area[3]/modules[1]/module[1]/webElementSetComponentBeans[1]/element-group[4]/links[1]/link[2]/linkText[1]/text()[1]
***********************

Module:[FL01-default]***********************
Expected CDATA section value &#039;http://test.film4.com/reviews/2005/the-business&#039; 
but was &#039;http://test.film4.com/reviews/1986/little-shop-of-horrors&#039; - comparing &lt;![CDATA[http://test.film4.com/reviews/2005/the-business]]&gt; 
at /page-map[1]/sections[1]/page-section[1]/areas[1]/area[3]/modules[1]/module[1]/webElementSetComponentBeans[1]/element-group[4]/links[1]/link[2]/href[1]/text()[1] to &lt;![CDATA[http://test.film4.com/reviews/1986/little-shop-of-horrors]]&gt; 
at /page-map[1]/sections[1]/page-section[1]/areas[1]/area[3]/modules[1]/module[1]/webElementSetComponentBeans[1]/element-group[4]/links[1]/link[2]/href[1]/text()[1]
***********************

Module:[FL01-default]***********************
Expected CDATA section value &#039;http://test.film4.com/reviews/2005/the-business&#039; 
but was &#039;http://test.film4.com/reviews/1986/little-shop-of-horrors&#039; - comparing &lt;![CDATA[http://test.film4.com/reviews/2005/the-business]]&gt; 
at /page-map[1]/sections[1]/page-section[1]/areas[1]/area[3]/modules[1]/module[1]/webElementSetComponentBeans[1]/element-group[4]/imageLinks[1]/picture-link[1]/href[1]/text()[1] to &lt;![CDATA[http://test.film4.com/reviews/1986/little-shop-of-horrors]]&gt; 
at /page-map[1]/sections[1]/page-section[1]/areas[1]/area[3]/modules[1]/module[1]/webElementSetComponentBeans[1]/element-group[4]/imageLinks[1]/picture-link[1]/href[1]/text()[1]
***********************

Module:[FL01-default]***********************
Expected CDATA section value &#039;http://test.film4.com/media/images/Channel4/Film4/2000s/B/the-business_MED.jpg&#039; 
but was &#039;http://test.film4.com/media/images/Channel4/film/L/little_shop_of_horrors_1960_xl_01--film-A_MED.jpg&#039; - comparing &lt;![CDATA[http://test.film4.com/media/images/Channel4/Film4/2000s/B/the-business_MED.jpg]]&gt; 
at /page-map[1]/sections[1]/page-section[1]/areas[1]/area[3]/modules[1]/module[1]/webElementSetComponentBeans[1]/element-group[4]/imageLinks[1]/picture-link[1]/src[1]/text()[1] to &lt;![CDATA[http://test.film4.com/media/images/Channel4/film/L/little_shop_of_horrors_1960_xl_01--film-A_MED.jpg]]&gt; 
at /page-map[1]/sections[1]/page-section[1]/areas[1]/area[3]/modules[1]/module[1]/webElementSetComponentBeans[1]/element-group[4]/imageLinks[1]/picture-link[1]/src[1]/text()[1]
***********************

Module:[FL01-default]***********************
Expected text value &#039;100&#039; 
but was &#039;52&#039; - comparing &lt;height ...&gt;100&lt;/height&gt; 
at /page-map[1]/sections[1]/page-section[1]/areas[1]/area[3]/modules[1]/module[1]/webElementSetComponentBeans[1]/element-group[4]/imageLinks[1]/picture-link[1]/height[1]/text()[1] to &lt;height ...&gt;52&lt;/height&gt; 
at /page-map[1]/sections[1]/page-section[1]/areas[1]/area[3]/modules[1]/module[1]/webElementSetComponentBeans[1]/element-group[4]/imageLinks[1]/picture-link[1]/height[1]/text()[1]
***********************

Module:[FL01-default]***********************
Expected CDATA section value &#039;A young London tearaway gets embroiled with British gangsters on the Costa...&#039; 
but was &#039;Frank Oz&#039;s freaky, off-beat doo-wop musical about a lovesick florist and...&#039; - comparing &lt;![CDATA[A young London tearaway gets embroiled with British gangsters on the Costa...]]&gt; 
at /page-map[1]/sections[1]/page-section[1]/areas[1]/area[3]/modules[1]/module[1]/webElementSetComponentBeans[1]/element-group[4]/textBlocks[1]/text-block[1]/text[1]/text()[1] to &lt;![CDATA[Frank Oz&#039;s freaky, off-beat doo-wop musical about a lovesick florist and...]]&gt; 
at /page-map[1]/sections[1]/page-section[1]/areas[1]/area[3]/modules[1]/module[1]/webElementSetComponentBeans[1]/element-group[4]/textBlocks[1]/text-block[1]/text[1]/text()[1]
***********************

Module:[FL01-default]***********************
Expected CDATA section value &#039;The Business&#039; 
but was &#039;Little Shop Of Horrors&#039; - comparing &lt;![CDATA[The Business]]&gt; 
at /page-map[1]/sections[1]/page-section[1]/areas[1]/area[3]/modules[1]/module[1]/webElementSetComponentBeans[1]/element-group[4]/textBlocks[1]/text-block[2]/text[1]/text()[1] to &lt;![CDATA[Little Shop Of Horrors]]&gt; 
at /page-map[1]/sections[1]/page-section[1]/areas[1]/area[3]/modules[1]/module[1]/webElementSetComponentBeans[1]/element-group[4]/textBlocks[1]/text-block[2]/text[1]/text()[1]
***********************

Module:[FL01-default]***********************
Expected CDATA section value &#039;http://test.film4.com/reviews/2012/prometheus#&#039; 
but was &#039;http://test.film4.com/reviews/2012/prometheus?ad3#&#039; - comparing &lt;![CDATA[http://test.film4.com/reviews/2012/prometheus#]]&gt; 
at /page-map[1]/sections[1]/page-section[1]/areas[1]/area[3]/modules[1]/module[1]/webElementSetComponentBeans[1]/element-group[5]/links[1]/link[1]/href[1]/text()[1] to &lt;![CDATA[http://test.film4.com/reviews/2012/prometheus?ad3#]]&gt; 
at /page-map[1]/sections[1]/page-section[1]/areas[1]/area[3]/modules[1]/module[1]/webElementSetComponentBeans[1]/element-group[5]/links[1]/link[1]/href[1]/text()[1]
***********************

Module:[FL01-default]***********************
Expected CDATA section value &#039;Treasure Planet&#039; 
but was &#039;At the Earth&#039;s Core&#039; - comparing &lt;![CDATA[Treasure Planet]]&gt; 
at /page-map[1]/sections[1]/page-section[1]/areas[1]/area[3]/modules[1]/module[1]/webElementSetComponentBeans[1]/element-group[5]/links[1]/link[2]/linkText[1]/text()[1] to &lt;![CDATA[At the Earth&#039;s Core]]&gt; 
at /page-map[1]/sections[1]/page-section[1]/areas[1]/area[3]/modules[1]/module[1]/webElementSetComponentBeans[1]/element-group[5]/links[1]/link[2]/linkText[1]/text()[1]
***********************

Module:[FL01-default]***********************
Expected CDATA section value &#039;http://test.film4.com/reviews/2002/treasure-planet&#039; 
but was &#039;http://test.film4.com/reviews/1976/at-the-earths-core&#039; - comparing &lt;![CDATA[http://test.film4.com/reviews/2002/treasure-planet]]&gt; 
at /page-map[1]/sections[1]/page-section[1]/areas[1]/area[3]/modules[1]/module[1]/webElementSetComponentBeans[1]/element-group[5]/links[1]/link[2]/href[1]/text()[1] to &lt;![CDATA[http://test.film4.com/reviews/1976/at-the-earths-core]]&gt; 
at /page-map[1]/sections[1]/page-section[1]/areas[1]/area[3]/modules[1]/module[1]/webElementSetComponentBeans[1]/element-group[5]/links[1]/link[2]/href[1]/text()[1]
***********************

Module:[FL01-default]***********************
Expected CDATA section value &#039;http://test.film4.com/reviews/2002/treasure-planet&#039; 
but was &#039;http://test.film4.com/reviews/1976/at-the-earths-core&#039; - comparing &lt;![CDATA[http://test.film4.com/reviews/2002/treasure-planet]]&gt; 
at /page-map[1]/sections[1]/page-section[1]/areas[1]/area[3]/modules[1]/module[1]/webElementSetComponentBeans[1]/element-group[5]/imageLinks[1]/picture-link[1]/href[1]/text()[1] to &lt;![CDATA[http://test.film4.com/reviews/1976/at-the-earths-core]]&gt; 
at /page-map[1]/sections[1]/page-section[1]/areas[1]/area[3]/modules[1]/module[1]/webElementSetComponentBeans[1]/element-group[5]/imageLinks[1]/picture-link[1]/href[1]/text()[1]
***********************

Module:[FL01-default]***********************
Expected CDATA section value &#039;http://test.film4.com/media/images/Film4/images/film/treasure-planet-2003/treasure-planet-2003-01_MED.jpg&#039; 
but was &#039;http://test.film4.com/media/images/Film4/images/A/at-the-earths-core-1976-01_MED.jpg&#039; - comparing &lt;![CDATA[http://test.film4.com/media/images/Film4/images/film/treasure-planet-2003/treasure-planet-2003-01_MED.jpg]]&gt; 
at /page-map[1]/sections[1]/page-section[1]/areas[1]/area[3]/modules[1]/module[1]/webElementSetComponentBeans[1]/element-group[5]/imageLinks[1]/picture-link[1]/src[1]/text()[1] to &lt;![CDATA[http://test.film4.com/media/images/Film4/images/A/at-the-earths-core-1976-01_MED.jpg]]&gt; 
at /page-map[1]/sections[1]/page-section[1]/areas[1]/area[3]/modules[1]/module[1]/webElementSetComponentBeans[1]/element-group[5]/imageLinks[1]/picture-link[1]/src[1]/text()[1]
***********************

Module:[FL01-default]***********************
Expected text value &#039;101&#039; 
but was &#039;76&#039; - comparing &lt;height ...&gt;101&lt;/height&gt; 
at /page-map[1]/sections[1]/page-section[1]/areas[1]/area[3]/modules[1]/module[1]/webElementSetComponentBeans[1]/element-group[5]/imageLinks[1]/picture-link[1]/height[1]/text()[1] to &lt;height ...&gt;76&lt;/height&gt; 
at /page-map[1]/sections[1]/page-section[1]/areas[1]/area[3]/modules[1]/module[1]/webElementSetComponentBeans[1]/element-group[5]/imageLinks[1]/picture-link[1]/height[1]/text()[1]
***********************

Module:[FL01-default]***********************
Expected CDATA section value &#039;Disney reworks Robert Louis Stevenson&#039;s Treasure Island as an intergalactic...&#039; 
but was &#039;Sequel to The Land that Time Forgot, this has Cushing travel to the centre...&#039; - comparing &lt;![CDATA[Disney reworks Robert Louis Stevenson&#039;s Treasure Island as an intergalactic...]]&gt; 
at /page-map[1]/sections[1]/page-section[1]/areas[1]/area[3]/modules[1]/module[1]/webElementSetComponentBeans[1]/element-group[5]/textBlocks[1]/text-block[1]/text[1]/text()[1] to &lt;![CDATA[Sequel to The Land that Time Forgot, this has Cushing travel to the centre...]]&gt; 
at /page-map[1]/sections[1]/page-section[1]/areas[1]/area[3]/modules[1]/module[1]/webElementSetComponentBeans[1]/element-group[5]/textBlocks[1]/text-block[1]/text[1]/text()[1]
***********************

Module:[FL01-default]***********************
Expected CDATA section value &#039;Treasure Planet&#039; 
but was &#039;At the Earth&#039;s Core&#039; - comparing &lt;![CDATA[Treasure Planet]]&gt; 
at /page-map[1]/sections[1]/page-section[1]/areas[1]/area[3]/modules[1]/module[1]/webElementSetComponentBeans[1]/element-group[5]/textBlocks[1]/text-block[2]/text[1]/text()[1] to &lt;![CDATA[At the Earth&#039;s Core]]&gt; 
at /page-map[1]/sections[1]/page-section[1]/areas[1]/area[3]/modules[1]/module[1]/webElementSetComponentBeans[1]/element-group[5]/textBlocks[1]/text-block[2]/text[1]/text()[1]
***********************

Module:[FL01-default]***********************
Expected CDATA section value &#039;http://test.film4.com/reviews/2012/prometheus#&#039; 
but was &#039;http://test.film4.com/reviews/2012/prometheus?ad3#&#039; - comparing &lt;![CDATA[http://test.film4.com/reviews/2012/prometheus#]]&gt; 
at /page-map[1]/sections[1]/page-section[1]/areas[1]/area[3]/modules[1]/module[1]/webElementSetComponentBeans[1]/element-group[6]/links[1]/link[1]/href[1]/text()[1] to &lt;![CDATA[http://test.film4.com/reviews/2012/prometheus?ad3#]]&gt; 
at /page-map[1]/sections[1]/page-section[1]/areas[1]/area[3]/modules[1]/module[1]/webElementSetComponentBeans[1]/element-group[6]/links[1]/link[1]/href[1]/text()[1]
***********************

Module:[FL01-default]***********************
Expected CDATA section value &#039;Creeping Flesh, The&#039; 
but was &#039;Simone&#039; - comparing &lt;![CDATA[Creeping Flesh, The]]&gt; 
at /page-map[1]/sections[1]/page-section[1]/areas[1]/area[3]/modules[1]/module[1]/webElementSetComponentBeans[1]/element-group[6]/links[1]/link[2]/linkText[1]/text()[1] to &lt;![CDATA[Simone]]&gt; 
at /page-map[1]/sections[1]/page-section[1]/areas[1]/area[3]/modules[1]/module[1]/webElementSetComponentBeans[1]/element-group[6]/links[1]/link[2]/linkText[1]/text()[1]
***********************

Module:[FL01-default]***********************
Expected CDATA section value &#039;http://test.film4.com/reviews/1973/creeping-flesh-the&#039; 
but was &#039;http://test.film4.com/reviews/2002/simone&#039; - comparing &lt;![CDATA[http://test.film4.com/reviews/1973/creeping-flesh-the]]&gt; 
at /page-map[1]/sections[1]/page-section[1]/areas[1]/area[3]/modules[1]/module[1]/webElementSetComponentBeans[1]/element-group[6]/links[1]/link[2]/href[1]/text()[1] to &lt;![CDATA[http://test.film4.com/reviews/2002/simone]]&gt; 
at /page-map[1]/sections[1]/page-section[1]/areas[1]/area[3]/modules[1]/module[1]/webElementSetComponentBeans[1]/element-group[6]/links[1]/link[2]/href[1]/text()[1]
***********************

Module:[FL01-default]***********************
Expected CDATA section value &#039;http://test.film4.com/reviews/1973/creeping-flesh-the&#039; 
but was &#039;http://test.film4.com/reviews/2002/simone&#039; - comparing &lt;![CDATA[http://test.film4.com/reviews/1973/creeping-flesh-the]]&gt; 
at /page-map[1]/sections[1]/page-section[1]/areas[1]/area[3]/modules[1]/module[1]/webElementSetComponentBeans[1]/element-group[6]/imageLinks[1]/picture-link[1]/href[1]/text()[1] to &lt;![CDATA[http://test.film4.com/reviews/2002/simone]]&gt; 
at /page-map[1]/sections[1]/page-section[1]/areas[1]/area[3]/modules[1]/module[1]/webElementSetComponentBeans[1]/element-group[6]/imageLinks[1]/picture-link[1]/href[1]/text()[1]
***********************

Module:[FL01-default]***********************
Expected CDATA section value &#039;http://test.film4.com/media/images/Film4/film4-default-image_MED.jpg&#039; 
but was &#039;http://test.film4.com/media/images/Film4/images/film/simone-2002/simone-2002-01_MED.jpg&#039; - comparing &lt;![CDATA[http://test.film4.com/media/images/Film4/film4-default-image_MED.jpg]]&gt; 
at /page-map[1]/sections[1]/page-section[1]/areas[1]/area[3]/modules[1]/module[1]/webElementSetComponentBeans[1]/element-group[6]/imageLinks[1]/picture-link[1]/src[1]/text()[1] to &lt;![CDATA[http://test.film4.com/media/images/Film4/images/film/simone-2002/simone-2002-01_MED.jpg]]&gt; 
at /page-map[1]/sections[1]/page-section[1]/areas[1]/area[3]/modules[1]/module[1]/webElementSetComponentBeans[1]/element-group[6]/imageLinks[1]/picture-link[1]/src[1]/text()[1]
***********************

Module:[FL01-default]***********************
Expected text value &#039;178&#039; 
but was &#039;179&#039; - comparing &lt;width ...&gt;178&lt;/width&gt; 
at /page-map[1]/sections[1]/page-section[1]/areas[1]/area[3]/modules[1]/module[1]/webElementSetComponentBeans[1]/element-group[6]/imageLinks[1]/picture-link[1]/width[1]/text()[1] to &lt;width ...&gt;179&lt;/width&gt; 
at /page-map[1]/sections[1]/page-section[1]/areas[1]/area[3]/modules[1]/module[1]/webElementSetComponentBeans[1]/element-group[6]/imageLinks[1]/picture-link[1]/width[1]/text()[1]
***********************

Module:[FL01-default]***********************
Expected text value &#039;100&#039; 
but was &#039;101&#039; - comparing &lt;height ...&gt;100&lt;/height&gt; 
at /page-map[1]/sections[1]/page-section[1]/areas[1]/area[3]/modules[1]/module[1]/webElementSetComponentBeans[1]/element-group[6]/imageLinks[1]/picture-link[1]/height[1]/text()[1] to &lt;height ...&gt;101&lt;/height&gt; 
at /page-map[1]/sections[1]/page-section[1]/areas[1]/area[3]/modules[1]/module[1]/webElementSetComponentBeans[1]/element-group[6]/imageLinks[1]/picture-link[1]/height[1]/text()[1]
***********************

Module:[FL01-default]***********************
Expected CDATA section value &#039;synopsis&#039; 
but was &#039;Washed-up Hollywood director Al Pacino sets out to fool the world with a...&#039; - comparing &lt;![CDATA[synopsis]]&gt; 
at /page-map[1]/sections[1]/page-section[1]/areas[1]/area[3]/modules[1]/module[1]/webElementSetComponentBeans[1]/element-group[6]/textBlocks[1]/text-block[1]/text[1]/text()[1] to &lt;![CDATA[Washed-up Hollywood director Al Pacino sets out to fool the world with a...]]&gt; 
at /page-map[1]/sections[1]/page-section[1]/areas[1]/area[3]/modules[1]/module[1]/webElementSetComponentBeans[1]/element-group[6]/textBlocks[1]/text-block[1]/text[1]/text()[1]
***********************

Module:[FL01-default]***********************
Expected CDATA section value &#039;Creeping Flesh, The&#039; 
but was &#039;Simone&#039; - comparing &lt;![CDATA[Creeping Flesh, The]]&gt; 
at /page-map[1]/sections[1]/page-section[1]/areas[1]/area[3]/modules[1]/module[1]/webElementSetComponentBeans[1]/element-group[6]/textBlocks[1]/text-block[2]/text[1]/text()[1] to &lt;![CDATA[Simone]]&gt; 
at /page-map[1]/sections[1]/page-section[1]/areas[1]/area[3]/modules[1]/module[1]/webElementSetComponentBeans[1]/element-group[6]/textBlocks[1]/text-block[2]/text[1]/text()[1]
***********************

Module:[SN02]***********************
Expected CDATA section value &#039;http://test.film4.com/reviews/2012/prometheus#&#039; 
but was &#039;http://test.film4.com/reviews/2012/prometheus?ad3#&#039; - comparing &lt;![CDATA[http://test.film4.com/reviews/2012/prometheus#]]&gt; 
at /page-map[1]/sections[1]/page-section[2]/areas[1]/area[1]/modules[1]/module[4]/webElementSetComponentBeans[1]/element-group[1]/imageLinks[1]/picture-link[1]/href[1]/text()[1] to &lt;![CDATA[http://test.film4.com/reviews/2012/prometheus?ad3#]]&gt; 
at /page-map[1]/sections[1]/page-section[2]/areas[1]/area[1]/modules[1]/module[4]/webElementSetComponentBeans[1]/element-group[1]/imageLinks[1]/picture-link[1]/href[1]/text()[1]
***********************

Module:[SN02]***********************
Expected CDATA section value &#039;http://test.film4.com/reviews/2012/prometheus#&#039; 
but was &#039;http://test.film4.com/reviews/2012/prometheus?ad3#&#039; - comparing &lt;![CDATA[http://test.film4.com/reviews/2012/prometheus#]]&gt; 
at /page-map[1]/sections[1]/page-section[2]/areas[1]/area[1]/modules[1]/module[4]/webElementSetComponentBeans[1]/element-group[1]/imageLinks[1]/picture-link[2]/href[1]/text()[1] to &lt;![CDATA[http://test.film4.com/reviews/2012/prometheus?ad3#]]&gt; 
at /page-map[1]/sections[1]/page-section[2]/areas[1]/area[1]/modules[1]/module[4]/webElementSetComponentBeans[1]/element-group[1]/imageLinks[1]/picture-link[2]/href[1]/text()[1]
***********************

Module:[SN02]***********************
Expected CDATA section value &#039;http://test.film4.com/reviews/2012/prometheus#&#039; 
but was &#039;http://test.film4.com/reviews/2012/prometheus?ad3#&#039; - comparing &lt;![CDATA[http://test.film4.com/reviews/2012/prometheus#]]&gt; 
at /page-map[1]/sections[1]/page-section[2]/areas[1]/area[1]/modules[1]/module[4]/webElementSetComponentBeans[1]/element-group[1]/imageLinks[1]/picture-link[3]/href[1]/text()[1] to &lt;![CDATA[http://test.film4.com/reviews/2012/prometheus?ad3#]]&gt; 
at /page-map[1]/sections[1]/page-section[2]/areas[1]/area[1]/modules[1]/module[4]/webElementSetComponentBeans[1]/element-group[1]/imageLinks[1]/picture-link[3]/href[1]/text()[1]
***********************

Module:[SN02]***********************
Expected CDATA section value &#039;http://test.film4.com/reviews/2012/prometheus#&#039; 
but was &#039;http://test.film4.com/reviews/2012/prometheus?ad3#&#039; - comparing &lt;![CDATA[http://test.film4.com/reviews/2012/prometheus#]]&gt; 
at /page-map[1]/sections[1]/page-section[2]/areas[1]/area[1]/modules[1]/module[4]/webElementSetComponentBeans[1]/element-group[1]/imageLinks[1]/picture-link[4]/href[1]/text()[1] to &lt;![CDATA[http://test.film4.com/reviews/2012/prometheus?ad3#]]&gt; 
at /page-map[1]/sections[1]/page-section[2]/areas[1]/area[1]/modules[1]/module[4]/webElementSetComponentBeans[1]/element-group[1]/imageLinks[1]/picture-link[4]/href[1]/text()[1]
***********************
">
        <![CDATA[java.lang.AssertionError:
Module:[AV07]***********************
Expected CDATA section value 'http://test.film4.com/reviews/2012/prometheus#' 
but was 'http://test.film4.com/reviews/2012/prometheus?ad3#' - comparing <![CDATA[http://test.film4.com/reviews/2012/prometheus#]]]]>
        <![CDATA[>
at /page-map[1]/sections[1]/page-section[1]/areas[1]/area[1]/modules[1]/module[1]/elementGroups[1]/element-group[1]/links[1]/link[1]/href[1]/text()[1] to <![CDATA[http://test.film4.com/reviews/2012/prometheus?ad3#]]]]>
        <![CDATA[>
at /page-map[1]/sections[1]/page-section[1]/areas[1]/area[1]/modules[1]/module[1]/elementGroups[1]/element-group[1]/links[1]/link[1]/href[1]/text()[1]
***********************

Module:[AT06]***********************
Expected CDATA section value 'http://test.film4.com/reviews/2012/prometheus#tab0' 
but was 'http://test.film4.com/reviews/2012/prometheus?ad3#tab0' - comparing <![CDATA[http://test.film4.com/reviews/2012/prometheus#tab0]]]]>
        <![CDATA[>
at /page-map[1]/sections[1]/page-section[1]/areas[1]/area[1]/modules[1]/module[3]/webElementSetComponentBeans[1]/element-group[1]/links[1]/link[1]/href[1]/text()[1] to <![CDATA[http://test.film4.com/reviews/2012/prometheus?ad3#tab0]]]]>
        <![CDATA[>
at /page-map[1]/sections[1]/page-section[1]/areas[1]/area[1]/modules[1]/module[3]/webElementSetComponentBeans[1]/element-group[1]/links[1]/link[1]/href[1]/text()[1]
***********************

Module:[AT06]***********************
Expected CDATA section value 'http://test.film4.com/reviews/2012/prometheus#cast' 
but was 'http://test.film4.com/reviews/2012/prometheus?ad3#cast' - comparing <![CDATA[http://test.film4.com/reviews/2012/prometheus#cast]]]]>
        <![CDATA[>
at /page-map[1]/sections[1]/page-section[1]/areas[1]/area[1]/modules[1]/module[3]/webElementSetComponentBeans[1]/element-group[1]/links[1]/link[2]/href[1]/text()[1] to <![CDATA[http://test.film4.com/reviews/2012/prometheus?ad3#cast]]]]>
        <![CDATA[>
at /page-map[1]/sections[1]/page-section[1]/areas[1]/area[1]/modules[1]/module[3]/webElementSetComponentBeans[1]/element-group[1]/links[1]/link[2]/href[1]/text()[1]
***********************

Module:[AV07]***********************
Expected CDATA section value 'http://test.film4.com/media/images/Channel4/film/2012/charlize-theron-idris-elba-prometheus-movie-image_MED.jpg' 
but was 'http://test.film4.com/media/images/Channel4/film/2012/charlize-theron-idris-elba-prometheus-movie-image_LRG.jpg' - comparing <![CDATA[http://test.film4.com/media/images/Channel4/film/2012/charlize-theron-idris-elba-prometheus-movie-image_MED.jpg]]]]>
        <![CDATA[>
at /page-map[1]/sections[1]/page-section[1]/areas[1]/area[2]/modules[1]/module[1]/elementGroups[1]/element-group[2]/images[1]/picture[1]/src[1]/text()[1] to <![CDATA[http://test.film4.com/media/images/Channel4/film/2012/charlize-theron-idris-elba-prometheus-movie-image_LRG.jpg]]]]>
        <![CDATA[>
at /page-map[1]/sections[1]/page-section[1]/areas[1]/area[2]/modules[1]/module[1]/elementGroups[1]/element-group[2]/images[1]/picture[1]/src[1]/text()[1]
***********************

Module:[GA20]***********************
Expected CDATA section value 'http://test.film4.com/media/images/Channel4/film/2012/Prometheus_movie_05_MED.jpg' 
but was 'http://test.film4.com/media/images/Channel4/film/2012/Prometheus_movie_05_LRG.jpg' - comparing <![CDATA[http://test.film4.com/media/images/Channel4/film/2012/Prometheus_movie_05_MED.jpg]]]]>
        <![CDATA[>
at /page-map[1]/sections[1]/page-section[1]/areas[1]/area[2]/modules[1]/module[2]/elementGroups[1]/element-group[2]/images[1]/picture[1]/src[1]/text()[1] to <![CDATA[http://test.film4.com/media/images/Channel4/film/2012/Prometheus_movie_05_LRG.jpg]]]]>
        <![CDATA[>
at /page-map[1]/sections[1]/page-section[1]/areas[1]/area[2]/modules[1]/module[2]/elementGroups[1]/element-group[2]/images[1]/picture[1]/src[1]/text()[1]
***********************

Module:[GA20]***********************
Expected CDATA section value 'http://test.film4.com/media/images/Channel4/film/2012/Prometheus_movie_05_SML.jpg' 
but was 'http://test.film4.com/media/images/Channel4/film/2012/Prometheus_movie_05_LRG.jpg' - comparing <![CDATA[http://test.film4.com/media/images/Channel4/film/2012/Prometheus_movie_05_SML.jpg]]]]>
        <![CDATA[>
at /page-map[1]/sections[1]/page-section[1]/areas[1]/area[2]/modules[1]/module[2]/elementGroups[1]/element-group[3]/images[1]/picture[1]/src[1]/text()[1] to <![CDATA[http://test.film4.com/media/images/Channel4/film/2012/Prometheus_movie_05_LRG.jpg]]]]>
        <![CDATA[>
at /page-map[1]/sections[1]/page-section[1]/areas[1]/area[2]/modules[1]/module[2]/elementGroups[1]/element-group[3]/images[1]/picture[1]/src[1]/text()[1]
***********************

Module:[GA20]***********************
Expected text value '200' 
but was '1024' - comparing <width ...>200</width> 
at /page-map[1]/sections[1]/page-section[1]/areas[1]/area[2]/modules[1]/module[2]/elementGroups[1]/element-group[3]/images[1]/picture[1]/width[1]/text()[1] to <width ...>1024</width> 
at /page-map[1]/sections[1]/page-section[1]/areas[1]/area[2]/modules[1]/module[2]/elementGroups[1]/element-group[3]/images[1]/picture[1]/width[1]/text()[1]
***********************

Module:[GA20]***********************
Expected text value '133' 
but was '682' - comparing <height ...>133</height> 
at /page-map[1]/sections[1]/page-section[1]/areas[1]/area[2]/modules[1]/module[2]/elementGroups[1]/element-group[3]/images[1]/picture[1]/height[1]/text()[1] to <height ...>682</height> 
at /page-map[1]/sections[1]/page-section[1]/areas[1]/area[2]/modules[1]/module[2]/elementGroups[1]/element-group[3]/images[1]/picture[1]/height[1]/text()[1]
***********************

Module:[GA20]***********************
Expected CDATA section value 'http://test.film4.com/media/images/Channel4/film/2012/charlize-theron-idris-elba-prometheus-movie-image_SML.jpg' 
but was 'http://test.film4.com/media/images/Channel4/film/2012/charlize-theron-idris-elba-prometheus-movie-image_LRG.jpg' - comparing <![CDATA[http://test.film4.com/media/images/Channel4/film/2012/charlize-theron-idris-elba-prometheus-movie-image_SML.jpg]]]]>
        <![CDATA[>
at /page-map[1]/sections[1]/page-section[1]/areas[1]/area[2]/modules[1]/module[2]/elementGroups[1]/element-group[3]/images[1]/picture[2]/src[1]/text()[1] to <![CDATA[http://test.film4.com/media/images/Channel4/film/2012/charlize-theron-idris-elba-prometheus-movie-image_LRG.jpg]]]]>
        <![CDATA[>
at /page-map[1]/sections[1]/page-section[1]/areas[1]/area[2]/modules[1]/module[2]/elementGroups[1]/element-group[3]/images[1]/picture[2]/src[1]/text()[1]
***********************

Module:[GA20]***********************
Expected text value '200' 
but was '1024' - comparing <width ...>200</width> 
at /page-map[1]/sections[1]/page-section[1]/areas[1]/area[2]/modules[1]/module[2]/elementGroups[1]/element-group[3]/images[1]/picture[2]/width[1]/text()[1] to <width ...>1024</width> 
at /page-map[1]/sections[1]/page-section[1]/areas[1]/area[2]/modules[1]/module[2]/elementGroups[1]/element-group[3]/images[1]/picture[2]/width[1]/text()[1]
***********************

Module:[GA20]***********************
Expected text value '133' 
but was '683' - comparing <height ...>133</height> 
at /page-map[1]/sections[1]/page-section[1]/areas[1]/area[2]/modules[1]/module[2]/elementGroups[1]/element-group[3]/images[1]/picture[2]/height[1]/text()[1] to <height ...>683</height> 
at /page-map[1]/sections[1]/page-section[1]/areas[1]/area[2]/modules[1]/module[2]/elementGroups[1]/element-group[3]/images[1]/picture[2]/height[1]/text()[1]
***********************

Module:[GA20]***********************
Expected CDATA section value 'http://test.film4.com/media/images/Channel4/film/2012/Prometheus_movie_05_SML.jpg' 
but was 'http://test.film4.com/media/images/Channel4/film/2012/Prometheus_movie_05_MED.jpg' - comparing <![CDATA[http://test.film4.com/media/images/Channel4/film/2012/Prometheus_movie_05_SML.jpg]]]]>
        <![CDATA[>
at /page-map[1]/sections[1]/page-section[1]/areas[1]/area[2]/modules[1]/module[2]/elementGroups[1]/element-group[3]/imageLinks[1]/picture-link[1]/src[1]/text()[1] to <![CDATA[http://test.film4.com/media/images/Channel4/film/2012/Prometheus_movie_05_MED.jpg]]]]>
        <![CDATA[>
at /page-map[1]/sections[1]/page-section[1]/areas[1]/area[2]/modules[1]/module[2]/elementGroups[1]/element-group[3]/imageLinks[1]/picture-link[1]/src[1]/text()[1]
***********************

Module:[GA20]***********************
Expected text value '200' 
but was '625' - comparing <width ...>200</width> 
at /page-map[1]/sections[1]/page-section[1]/areas[1]/area[2]/modules[1]/module[2]/elementGroups[1]/element-group[3]/imageLinks[1]/picture-link[1]/width[1]/text()[1] to <width ...>625</width> 
at /page-map[1]/sections[1]/page-section[1]/areas[1]/area[2]/modules[1]/module[2]/elementGroups[1]/element-group[3]/imageLinks[1]/picture-link[1]/width[1]/text()[1]
***********************

Module:[GA20]***********************
Expected text value '133' 
but was '416' - comparing <height ...>133</height> 
at /page-map[1]/sections[1]/page-section[1]/areas[1]/area[2]/modules[1]/module[2]/elementGroups[1]/element-group[3]/imageLinks[1]/picture-link[1]/height[1]/text()[1] to <height ...>416</height> 
[...]
        <![CDATA[>
at /page-map[1]/sections[1]/page-section[2]/areas[1]/area[1]/modules[1]/module[4]/webElementSetComponentBeans[1]/element-group[1]/imageLinks[1]/picture-link[3]/href[1]/text()[1] to <![CDATA[http://test.film4.com/reviews/2012/total-recall?la3i#]]]]>
        <![CDATA[>
at /page-map[1]/sections[1]/page-section[2]/areas[1]/area[1]/modules[1]/module[4]/webElementSetComponentBeans[1]/element-group[1]/imageLinks[1]/picture-link[3]/href[1]/text()[1]
***********************

Module:[SN02]***********************
Expected CDATA section value 'http://test.film4.com/reviews/2012/total-recall?li#' 
but was 'http://test.film4.com/reviews/2012/total-recall?la3i#' - comparing <![CDATA[http://test.film4.com/reviews/2012/total-recall?li#]]]]>
        <![CDATA[>
at /page-map[1]/sections[1]/page-section[2]/areas[1]/area[1]/modules[1]/module[4]/webElementSetComponentBeans[1]/element-group[1]/imageLinks[1]/picture-link[4]/href[1]/text()[1] to <![CDATA[http://test.film4.com/reviews/2012/total-recall?la3i#]]]]>
        <![CDATA[>
at /page-map[1]/sections[1]/page-section[2]/areas[1]/area[1]/modules[1]/module[4]/webElementSetComponentBeans[1]/element-group[1]/imageLinks[1]/picture-link[4]/href[1]/text()[1]
***********************

	at org.testng.Assert.fail(Assert.java:89)
	at com.sharpqa.comparesolution.test.ComparisonTest.testXMLPageObjectMapAgainstExpeted(ComparisonTest.java:54)
	at sun.reflect.NativeMethodAccessorImpl.invoke0(Native Method)
	at sun.reflect.NativeMethodAccessorImpl.invoke(NativeMethodAccessorImpl.java:39)
	at sun.reflect.DelegatingMethodAccessorImpl.invoke(DelegatingMethodAccessorImpl.java:25)
	at java.lang.reflect.Method.invoke(Method.java:597)
	at org.testng.internal.MethodInvocationHelper.invokeMethod(MethodInvocationHelper.java:80)
	at org.testng.internal.InvokeMethodRunnable.runOne(InvokeMethodRunnable.java:46)
	at org.testng.internal.InvokeMethodRunnable.run(InvokeMethodRunnable.java:37)
	at java.util.concurrent.Executors$RunnableAdapter.call(Executors.java:441)
	at java.util.concurrent.FutureTask$Sync.innerRun(FutureTask.java:303)
	at java.util.concurrent.FutureTask.run(FutureTask.java:138)
	at java.util.concurrent.ThreadPoolExecutor$Worker.runTask(ThreadPoolExecutor.java:886)
	at java.util.concurrent.ThreadPoolExecutor$Worker.run(ThreadPoolExecutor.java:908)
	at java.lang.Thread.run(Thread.java:662)
]]>
    </error>
  </testcase>
  <testcase name="testXMLPageObjectMapAgainstExpeted" time="0.447" classname="com.sharpqa.comparesolution.test.ComparisonTest">
    <error type="java.lang.AssertionError" message="
Module:[FL01-grid]***********************
Expected CDATA section value &#039;http://test.film4.com/seasons/british-connection#&#039; 
but was &#039;http://test.film4.com/seasons/british-connection?a3d#&#039; - comparing &lt;![CDATA[http://test.film4.com/seasons/british-connection#]]&gt; 
at /page-map[1]/sections[1]/page-section[1]/areas[1]/area[1]/modules[1]/module[3]/webElementSetComponentBeans[1]/element-group[1]/links[1]/link[1]/href[1]/text()[1] to &lt;![CDATA[http://test.film4.com/seasons/british-connection?a3d#]]&gt; 
at /page-map[1]/sections[1]/page-section[1]/areas[1]/area[1]/modules[1]/module[3]/webElementSetComponentBeans[1]/element-group[1]/links[1]/link[1]/href[1]/text()[1]
***********************

Module:[FL01-grid]***********************
Expected CDATA section value &#039;http://test.film4.com/seasons/british-connection#&#039; 
but was &#039;http://test.film4.com/seasons/british-connection?a3d#&#039; - comparing &lt;![CDATA[http://test.film4.com/seasons/british-connection#]]&gt; 
at /page-map[1]/sections[1]/page-section[1]/areas[1]/area[1]/modules[1]/module[3]/webElementSetComponentBeans[1]/element-group[2]/links[1]/link[1]/href[1]/text()[1] to &lt;![CDATA[http://test.film4.com/seasons/british-connection?a3d#]]&gt; 
at /page-map[1]/sections[1]/page-section[1]/areas[1]/area[1]/modules[1]/module[3]/webElementSetComponentBeans[1]/element-group[2]/links[1]/link[1]/href[1]/text()[1]
***********************

Module:[FL01-grid]***********************
Expected CDATA section value &#039;http://test.film4.com/seasons/british-connection#&#039; 
but was &#039;http://test.film4.com/seasons/british-connection?a3d#&#039; - comparing &lt;![CDATA[http://test.film4.com/seasons/british-connection#]]&gt; 
at /page-map[1]/sections[1]/page-section[1]/areas[1]/area[1]/modules[1]/module[3]/webElementSetComponentBeans[1]/element-group[3]/links[1]/link[1]/href[1]/text()[1] to &lt;![CDATA[http://test.film4.com/seasons/british-connection?a3d#]]&gt; 
at /page-map[1]/sections[1]/page-section[1]/areas[1]/area[1]/modules[1]/module[3]/webElementSetComponentBeans[1]/element-group[3]/links[1]/link[1]/href[1]/text()[1]
***********************

Module:[FL01-grid]***********************
Expected CDATA section value &#039;http://test.film4.com/seasons/british-connection#&#039; 
but was &#039;http://test.film4.com/seasons/british-connection?a3d#&#039; - comparing &lt;![CDATA[http://test.film4.com/seasons/british-connection#]]&gt; 
at /page-map[1]/sections[1]/page-section[1]/areas[1]/area[1]/modules[1]/module[3]/webElementSetComponentBeans[1]/element-group[4]/links[1]/link[1]/href[1]/text()[1] to &lt;![CDATA[http://test.film4.com/seasons/british-connection?a3d#]]&gt; 
at /page-map[1]/sections[1]/page-section[1]/areas[1]/area[1]/modules[1]/module[3]/webElementSetComponentBeans[1]/element-group[4]/links[1]/link[1]/href[1]/text()[1]
***********************

Module:[FL01-grid]***********************
Expected CDATA section value &#039;http://test.film4.com/seasons/british-connection#&#039; 
but was &#039;http://test.film4.com/seasons/british-connection?a3d#&#039; - comparing &lt;![CDATA[http://test.film4.com/seasons/british-connection#]]&gt; 
at /page-map[1]/sections[1]/page-section[1]/areas[1]/area[1]/modules[1]/module[3]/webElementSetComponentBeans[1]/element-group[5]/links[1]/link[1]/href[1]/text()[1] to &lt;![CDATA[http://test.film4.com/seasons/british-connection?a3d#]]&gt; 
at /page-map[1]/sections[1]/page-section[1]/areas[1]/area[1]/modules[1]/module[3]/webElementSetComponentBeans[1]/element-group[5]/links[1]/link[1]/href[1]/text()[1]
***********************

Module:[FL01-grid]***********************
Expected CDATA section value &#039;http://test.film4.com/seasons/british-connection#&#039; 
but was &#039;http://test.film4.com/seasons/british-connection?a3d#&#039; - comparing &lt;![CDATA[http://test.film4.com/seasons/british-connection#]]&gt; 
at /page-map[1]/sections[1]/page-section[1]/areas[1]/area[1]/modules[1]/module[3]/webElementSetComponentBeans[1]/element-group[6]/links[1]/link[1]/href[1]/text()[1] to &lt;![CDATA[http://test.film4.com/seasons/british-connection?a3d#]]&gt; 
at /page-map[1]/sections[1]/page-section[1]/areas[1]/area[1]/modules[1]/module[3]/webElementSetComponentBeans[1]/element-group[6]/links[1]/link[1]/href[1]/text()[1]
***********************

Module:[SN02]***********************
Expected CDATA section value &#039;http://test.film4.com/seasons/british-connection#&#039; 
but was &#039;http://test.film4.com/seasons/british-connection?a3d#&#039; - comparing &lt;![CDATA[http://test.film4.com/seasons/british-connection#]]&gt; 
at /page-map[1]/sections[1]/page-section[2]/areas[1]/area[1]/modules[1]/module[3]/webElementSetComponentBeans[1]/element-group[1]/imageLinks[1]/picture-link[1]/href[1]/text()[1] to &lt;![CDATA[http://test.film4.com/seasons/british-connection?a3d#]]&gt; 
at /page-map[1]/sections[1]/page-section[2]/areas[1]/area[1]/modules[1]/module[3]/webElementSetComponentBeans[1]/element-group[1]/imageLinks[1]/picture-link[1]/href[1]/text()[1]
***********************

Module:[SN02]***********************
Expected CDATA section value &#039;http://test.film4.com/seasons/british-connection#&#039; 
but was &#039;http://test.film4.com/seasons/british-connection?a3d#&#039; - comparing &lt;![CDATA[http://test.film4.com/seasons/british-connection#]]&gt; 
at /page-map[1]/sections[1]/page-section[2]/areas[1]/area[1]/modules[1]/module[3]/webElementSetComponentBeans[1]/element-group[1]/imageLinks[1]/picture-link[2]/href[1]/text()[1] to &lt;![CDATA[http://test.film4.com/seasons/british-connection?a3d#]]&gt; 
at /page-map[1]/sections[1]/page-section[2]/areas[1]/area[1]/modules[1]/module[3]/webElementSetComponentBeans[1]/element-group[1]/imageLinks[1]/picture-link[2]/href[1]/text()[1]
***********************

Module:[SN02]***********************
Expected CDATA section value &#039;http://test.film4.com/seasons/british-connection#&#039; 
but was &#039;http://test.film4.com/seasons/british-connection?a3d#&#039; - comparing &lt;![CDATA[http://test.film4.com/seasons/british-connection#]]&gt; 
at /page-map[1]/sections[1]/page-section[2]/areas[1]/area[1]/modules[1]/module[3]/webElementSetComponentBeans[1]/element-group[1]/imageLinks[1]/picture-link[3]/href[1]/text()[1] to &lt;![CDATA[http://test.film4.com/seasons/british-connection?a3d#]]&gt; 
at /page-map[1]/sections[1]/page-section[2]/areas[1]/area[1]/modules[1]/module[3]/webElementSetComponentBeans[1]/element-group[1]/imageLinks[1]/picture-link[3]/href[1]/text()[1]
***********************

Module:[SN02]***********************
Expected CDATA section value &#039;http://test.film4.com/seasons/british-connection#&#039; 
but was &#039;http://test.film4.com/seasons/british-connection?a3d#&#039; - comparing &lt;![CDATA[http://test.film4.com/seasons/british-connection#]]&gt; 
at /page-map[1]/sections[1]/page-section[2]/areas[1]/area[1]/modules[1]/module[3]/webElementSetComponentBeans[1]/element-group[1]/imageLinks[1]/picture-link[4]/href[1]/text()[1] to &lt;![CDATA[http://test.film4.com/seasons/british-connection?a3d#]]&gt; 
at /page-map[1]/sections[1]/page-section[2]/areas[1]/area[1]/modules[1]/module[3]/webElementSetComponentBeans[1]/element-group[1]/imageLinks[1]/picture-link[4]/href[1]/text()[1]
***********************

Module:[FL01-promo]***********************
Expected CDATA section value &#039;http://test.film4.com/seasons/british-connection#&#039; 
but was &#039;http://test.film4.com/seasons/british-connection?a3d#&#039; - comparing &lt;![CDATA[http://test.film4.com/seasons/british-connection#]]&gt; 
at /page-map[1]/sections[1]/page-section[2]/areas[1]/area[1]/modules[1]/module[4]/webElementSetComponentBeans[1]/element-group[1]/links[1]/link[1]/href[1]/text()[1] to &lt;![CDATA[http://test.film4.com/seasons/british-connection?a3d#]]&gt; 
at /page-map[1]/sections[1]/page-section[2]/areas[1]/area[1]/modules[1]/module[4]/webElementSetComponentBeans[1]/element-group[1]/links[1]/link[1]/href[1]/text()[1]
***********************
">
        <![CDATA[java.lang.AssertionError:
Module:[FL01-grid]***********************
Expected CDATA section value 'http://test.film4.com/seasons/british-connection#' 
but was 'http://test.film4.com/seasons/british-connection?a3d#' - comparing <![CDATA[http://test.film4.com/seasons/british-connection#]]]]>
        <![CDATA[>
at /page-map[1]/sections[1]/page-section[1]/areas[1]/area[1]/modules[1]/module[3]/webElementSetComponentBeans[1]/element-group[1]/links[1]/link[1]/href[1]/text()[1] to <![CDATA[http://test.film4.com/seasons/british-connection?a3d#]]]]>
        <![CDATA[>
at /page-map[1]/sections[1]/page-section[1]/areas[1]/area[1]/modules[1]/module[3]/webElementSetComponentBeans[1]/element-group[1]/links[1]/link[1]/href[1]/text()[1]
***********************

Module:[FL01-grid]***********************
Expected CDATA section value 'http://test.film4.com/seasons/british-connection#' 
but was 'http://test.film4.com/seasons/british-connection?a3d#' - comparing <![CDATA[http://test.film4.com/seasons/british-connection#]]]]>
        <![CDATA[>
at /page-map[1]/sections[1]/page-section[1]/areas[1]/area[1]/modules[1]/module[3]/webElementSetComponentBeans[1]/element-group[2]/links[1]/link[1]/href[1]/text()[1] to <![CDATA[http://test.film4.com/seasons/british-connection?a3d#]]]]>
        <![CDATA[>
at /page-map[1]/sections[1]/page-section[1]/areas[1]/area[1]/modules[1]/module[3]/webElementSetComponentBeans[1]/element-group[2]/links[1]/link[1]/href[1]/text()[1]
***********************

Module:[FL01-grid]***********************
Expected CDATA section value 'http://test.film4.com/seasons/british-connection#' 
but was 'http://test.film4.com/seasons/british-connection?a3d#' - comparing <![CDATA[http://test.film4.com/seasons/british-connection#]]]]>
        <![CDATA[>
at /page-map[1]/sections[1]/page-section[1]/areas[1]/area[1]/modules[1]/module[3]/webElementSetComponentBeans[1]/element-group[3]/links[1]/link[1]/href[1]/text()[1] to <![CDATA[http://test.film4.com/seasons/british-connection?a3d#]]]]>
        <![CDATA[>
at /page-map[1]/sections[1]/page-section[1]/areas[1]/area[1]/modules[1]/module[3]/webElementSetComponentBeans[1]/element-group[3]/links[1]/link[1]/href[1]/text()[1]
***********************

Module:[FL01-grid]***********************
Expected CDATA section value 'http://test.film4.com/seasons/british-connection#' 
but was 'http://test.film4.com/seasons/british-connection?a3d#' - comparing <![CDATA[http://test.film4.com/seasons/british-connection#]]]]>
        <![CDATA[>
at /page-map[1]/sections[1]/page-section[1]/areas[1]/area[1]/modules[1]/module[3]/webElementSetComponentBeans[1]/element-group[4]/links[1]/link[1]/href[1]/text()[1] to <![CDATA[http://test.film4.com/seasons/british-connection?a3d#]]]]>
        <![CDATA[>
at /page-map[1]/sections[1]/page-section[1]/areas[1]/area[1]/modules[1]/module[3]/webElementSetComponentBeans[1]/element-group[4]/links[1]/link[1]/href[1]/text()[1]
***********************

Module:[FL01-grid]***********************
Expected CDATA section value 'http://test.film4.com/seasons/british-connection#' 
but was 'http://test.film4.com/seasons/british-connection?a3d#' - comparing <![CDATA[http://test.film4.com/seasons/british-connection#]]]]>
        <![CDATA[>
at /page-map[1]/sections[1]/page-section[1]/areas[1]/area[1]/modules[1]/module[3]/webElementSetComponentBeans[1]/element-group[5]/links[1]/link[1]/href[1]/text()[1] to <![CDATA[http://test.film4.com/seasons/british-connection?a3d#]]]]>
        <![CDATA[>
at /page-map[1]/sections[1]/page-section[1]/areas[1]/area[1]/modules[1]/module[3]/webElementSetComponentBeans[1]/element-group[5]/links[1]/link[1]/href[1]/text()[1]
***********************

Module:[FL01-grid]***********************
Expected CDATA section value 'http://test.film4.com/seasons/british-connection#' 
but was 'http://test.film4.com/seasons/british-connection?a3d#' - comparing <![CDATA[http://test.film4.com/seasons/british-connection#]]]]>
        <![CDATA[>
at /page-map[1]/sections[1]/page-section[1]/areas[1]/area[1]/modules[1]/module[3]/webElementSetComponentBeans[1]/element-group[6]/links[1]/link[1]/href[1]/text()[1] to <![CDATA[http://test.film4.com/seasons/british-connection?a3d#]]]]>
        <![CDATA[>
at /page-map[1]/sections[1]/page-section[1]/areas[1]/area[1]/modules[1]/module[3]/webElementSetComponentBeans[1]/element-group[6]/links[1]/link[1]/href[1]/text()[1]
***********************

Module:[SN02]***********************
Expected CDATA section value 'http://test.film4.com/seasons/british-connection#' 
but was 'http://test.film4.com/seasons/british-connection?a3d#' - comparing <![CDATA[http://test.film4.com/seasons/british-connection#]]]]>
        <![CDATA[>
at /page-map[1]/sections[1]/page-section[2]/areas[1]/area[1]/modules[1]/module[3]/webElementSetComponentBeans[1]/element-group[1]/imageLinks[1]/picture-link[1]/href[1]/text()[1] to <![CDATA[http://test.film4.com/seasons/british-connection?a3d#]]]]>
        <![CDATA[>
at /page-map[1]/sections[1]/page-section[2]/areas[1]/area[1]/modules[1]/module[3]/webElementSetComponentBeans[1]/element-group[1]/imageLinks[1]/picture-link[1]/href[1]/text()[1]
***********************

Module:[SN02]***********************
Expected CDATA section value 'http://test.film4.com/seasons/british-connection#' 
but was 'http://test.film4.com/seasons/british-connection?a3d#' - comparing <![CDATA[http://test.film4.com/seasons/british-connection#]]]]>
        <![CDATA[>
at /page-map[1]/sections[1]/page-section[2]/areas[1]/area[1]/modules[1]/module[3]/webElementSetComponentBeans[1]/element-group[1]/imageLinks[1]/picture-link[2]/href[1]/text()[1] to <![CDATA[http://test.film4.com/seasons/british-connection?a3d#]]]]>
        <![CDATA[>
at /page-map[1]/sections[1]/page-section[2]/areas[1]/area[1]/modules[1]/module[3]/webElementSetComponentBeans[1]/element-group[1]/imageLinks[1]/picture-link[2]/href[1]/text()[1]
***********************

Module:[SN02]***********************
Expected CDATA section value 'http://test.film4.com/seasons/british-connection#' 
but was 'http://test.film4.com/seasons/british-connection?a3d#' - comparing <![CDATA[http://test.film4.com/seasons/british-connection#]]]]>
        <![CDATA[>
at /page-map[1]/sections[1]/page-section[2]/areas[1]/area[1]/modules[1]/module[3]/webElementSetComponentBeans[1]/element-group[1]/imageLinks[1]/picture-link[3]/href[1]/text()[1] to <![CDATA[http://test.film4.com/seasons/british-connection?a3d#]]]]>
        <![CDATA[>
at /page-map[1]/sections[1]/page-section[2]/areas[1]/area[1]/modules[1]/module[3]/webElementSetComponentBeans[1]/element-group[1]/imageLinks[1]/picture-link[3]/href[1]/text()[1]
***********************

Module:[SN02]***********************
Expected CDATA section value 'http://test.film4.com/seasons/british-connection#' 
but was 'http://test.film4.com/seasons/british-connection?a3d#' - comparing <![CDATA[http://test.film4.com/seasons/british-connection#]]]]>
        <![CDATA[>
at /page-map[1]/sections[1]/page-section[2]/areas[1]/area[1]/modules[1]/module[3]/webElementSetComponentBeans[1]/element-group[1]/imageLinks[1]/picture-link[4]/href[1]/text()[1] to <![CDATA[http://test.film4.com/seasons/british-connection?a3d#]]]]>
        <![CDATA[>
at /page-map[1]/sections[1]/page-section[2]/areas[1]/area[1]/modules[1]/module[3]/webElementSetComponentBeans[1]/element-group[1]/imageLinks[1]/picture-link[4]/href[1]/text()[1]
***********************

Module:[FL01-promo]***********************
Expected CDATA section value 'http://test.film4.com/seasons/british-connection#' 
but was 'http://test.film4.com/seasons/british-connection?a3d#' - comparing <![CDATA[http://test.film4.com/seasons/british-connection#]]]]>
        <![CDATA[>
at /page-map[1]/sections[1]/page-section[2]/areas[1]/area[1]/modules[1]/module[4]/webElementSetComponentBeans[1]/element-group[1]/links[1]/link[1]/href[1]/text()[1] to <![CDATA[http://test.film4.com/seasons/british-connection?a3d#]]]]>
        <![CDATA[>
at /page-map[1]/sections[1]/page-section[2]/areas[1]/area[1]/modules[1]/module[4]/webElementSetComponentBeans[1]/element-group[1]/links[1]/link[1]/href[1]/text()[1]
***********************

	at org.testng.Assert.fail(Assert.java:89)
	at com.sharpqa.comparesolution.test.ComparisonTest.testXMLPageObjectMapAgainstExpeted(ComparisonTest.java:54)
	at sun.reflect.NativeMethodAccessorImpl.invoke0(Native Method)
	at sun.reflect.NativeMethodAccessorImpl.invoke(NativeMethodAccessorImpl.java:39)
	at sun.reflect.DelegatingMethodAccessorImpl.invoke(DelegatingMethodAccessorImpl.java:25)
	at java.lang.reflect.Method.invoke(Method.java:597)
	at org.testng.internal.MethodInvocationHelper.invokeMethod(MethodInvocationHelper.java:80)
	at org.testng.internal.InvokeMethodRunnable.runOne(InvokeMethodRunnable.java:46)
	at org.testng.internal.InvokeMethodRunnable.run(InvokeMethodRunnable.java:37)
	at java.util.concurrent.Executors$RunnableAdapter.call(Executors.java:441)
	at java.util.concurrent.FutureTask$Sync.innerRun(FutureTask.java:303)
	at java.util.concurrent.FutureTask.run(FutureTask.java:138)
	at java.util.concurrent.ThreadPoolExecutor$Worker.runTask(ThreadPoolExecutor.java:886)
	at java.util.concurrent.ThreadPoolExecutor$Worker.run(ThreadPoolExecutor.java:908)
	at java.lang.Thread.run(Thread.java:662)
]]>
    </error>
  </testcase>
  <testcase name="createXMLPageObjectMap" time="41.453" classname="com.sharpqa.comparesolution.test.ComparisonTest"/>
</testsuite>
